TN:
SF:src/pnut-ts.ts
FN:35,PNutInTypeScript
FN:60,setArgs
FN:66,run
FN:70,writeOut
FN:71,writeErr
FN:73,outputError
FN:501,errorColor
FN:506,prefixName
FN:518,bigIntFloat32ToNumber
FN:531,numberToBigIntFloat32
FN:545,runTestCode
FN:576,runTestCodeOld
FNF:12
FNH:2
FNDA:106,PNutInTypeScript
FNDA:0,setArgs
FNDA:106,run
FNDA:0,writeOut
FNDA:0,writeErr
FNDA:0,outputError
FNDA:0,errorColor
FNDA:0,prefixName
FNDA:0,bigIntFloat32ToNumber
FNDA:0,numberToBigIntFloat32
FNDA:0,runTestCode
FNDA:0,runTestCodeOld
DA:1,1
DA:2,1
DA:3,1
DA:4,1
DA:5,1
DA:6,1
DA:7,1
DA:8,1
DA:9,1
DA:10,1
DA:11,1
DA:12,1
DA:13,1
DA:14,1
DA:15,1
DA:16,1
DA:17,1
DA:18,1
DA:19,1
DA:20,1
DA:21,1
DA:22,1
DA:23,1
DA:24,1
DA:25,1
DA:26,1
DA:27,1
DA:28,1
DA:29,1
DA:30,1
DA:31,1
DA:32,1
DA:33,1
DA:34,1
DA:35,1
DA:36,106
DA:37,106
DA:38,103
DA:39,103
DA:40,103
DA:41,106
DA:42,0
DA:43,0
DA:44,106
DA:45,106
DA:46,106
DA:47,0
DA:48,0
DA:49,106
DA:50,106
DA:51,0
DA:52,106
DA:53,106
DA:54,106
DA:55,0
DA:56,106
DA:57,106
DA:58,106
DA:59,1
DA:60,1
DA:61,0
DA:62,0
DA:63,0
DA:64,0
DA:65,1
DA:66,1
DA:67,106
DA:68,106
DA:69,106
DA:70,106
DA:71,106
DA:72,106
DA:73,106
DA:74,106
DA:75,106
DA:76,106
DA:77,106
DA:78,106
DA:79,106
DA:80,106
DA:81,106
DA:82,106
DA:83,106
DA:84,106
DA:85,106
DA:86,106
DA:87,106
DA:88,106
DA:89,106
DA:90,106
DA:91,106
DA:92,106
DA:93,106
DA:94,106
DA:95,106
DA:96,106
DA:97,106
DA:98,106
DA:99,106
DA:100,106
DA:101,106
DA:102,106
DA:103,106
DA:104,106
DA:105,106
DA:106,106
DA:107,106
DA:108,106
DA:109,106
DA:110,106
DA:111,106
DA:112,106
DA:113,106
DA:114,106
DA:115,106
DA:116,106
DA:117,106
DA:118,106
DA:119,106
DA:120,106
DA:121,106
DA:122,106
DA:123,106
DA:124,106
DA:125,106
DA:126,106
DA:127,106
DA:128,106
DA:129,106
DA:130,106
DA:131,106
DA:132,106
DA:133,106
DA:134,106
DA:135,106
DA:136,106
DA:137,0
DA:138,0
DA:139,106
DA:140,106
DA:141,106
DA:142,106
DA:143,106
DA:144,106
DA:145,106
DA:146,106
DA:147,106
DA:148,106
DA:149,106
DA:150,106
DA:151,106
DA:152,106
DA:153,106
DA:154,106
DA:155,106
DA:156,106
DA:157,106
DA:158,106
DA:159,106
DA:160,0
DA:161,0
DA:162,0
DA:163,0
DA:164,0
DA:165,0
DA:166,0
DA:167,0
DA:168,0
DA:169,0
DA:170,0
DA:171,0
DA:172,0
DA:173,0
DA:174,0
DA:175,0
DA:176,0
DA:177,0
DA:178,0
DA:179,0
DA:180,0
DA:181,0
DA:182,106
DA:183,106
DA:184,106
DA:185,106
DA:186,106
DA:187,106
DA:188,106
DA:189,106
DA:190,106
DA:191,106
DA:192,5
DA:193,5
DA:194,106
DA:195,5
DA:196,5
DA:197,106
DA:198,98
DA:199,98
DA:200,106
DA:201,1
DA:202,1
DA:203,106
DA:204,106
DA:205,106
DA:206,106
DA:207,106
DA:208,106
DA:209,106
DA:210,93
DA:211,93
DA:212,106
DA:213,106
DA:214,106
DA:215,106
DA:216,106
DA:217,106
DA:218,106
DA:219,106
DA:220,106
DA:221,106
DA:222,106
DA:223,106
DA:224,106
DA:225,106
DA:226,106
DA:227,106
DA:228,106
DA:229,106
DA:230,106
DA:231,106
DA:232,0
DA:233,0
DA:234,0
DA:235,0
DA:236,0
DA:237,106
DA:238,106
DA:239,106
DA:240,106
DA:241,106
DA:242,3
DA:243,106
DA:244,103
DA:245,103
DA:246,106
DA:247,106
DA:248,106
DA:249,106
DA:250,106
DA:251,103
DA:252,103
DA:253,103
DA:254,0
DA:255,0
DA:256,103
DA:257,103
DA:258,106
DA:259,106
DA:260,106
DA:261,106
DA:262,106
DA:263,106
DA:264,106
DA:265,106
DA:266,103
DA:267,103
DA:268,103
DA:269,103
DA:270,103
DA:271,98
DA:272,98
DA:273,98
DA:274,103
DA:275,0
DA:276,0
DA:277,0
DA:278,103
DA:279,5
DA:280,5
DA:281,5
DA:282,103
DA:283,0
DA:284,0
DA:285,0
DA:286,103
DA:287,106
DA:288,106
DA:289,5
DA:290,5
DA:291,5
DA:292,5
DA:293,5
DA:294,5
DA:295,5
DA:296,0
DA:297,0
DA:298,0
DA:299,5
DA:300,0
DA:301,0
DA:302,0
DA:303,5
DA:304,0
DA:305,0
DA:306,0
DA:307,5
DA:308,0
DA:309,0
DA:310,0
DA:311,5
DA:312,0
DA:313,0
DA:314,0
DA:315,5
DA:316,5
DA:317,5
DA:318,5
DA:319,5
DA:320,106
DA:321,106
DA:322,1
DA:323,1
DA:324,1
DA:325,1
DA:326,1
DA:327,1
DA:328,1
DA:329,1
DA:330,1
DA:331,0
DA:332,0
DA:333,0
DA:334,1
DA:335,0
DA:336,0
DA:337,0
DA:338,1
DA:339,106
DA:340,106
DA:341,0
DA:342,0
DA:343,0
DA:344,0
DA:345,0
DA:346,106
DA:347,106
DA:348,106
DA:349,106
DA:350,106
DA:351,106
DA:352,106
DA:353,106
DA:354,106
DA:355,106
DA:356,25
DA:357,25
DA:358,25
DA:359,25
DA:360,106
DA:361,106
DA:362,0
DA:363,0
DA:364,0
DA:365,0
DA:366,106
DA:367,106
DA:368,106
DA:369,106
DA:370,106
DA:371,106
DA:372,106
DA:373,106
DA:374,106
DA:375,106
DA:376,106
DA:377,106
DA:378,106
DA:379,106
DA:380,106
DA:381,106
DA:382,106
DA:383,106
DA:384,106
DA:385,106
DA:386,106
DA:387,3
DA:388,3
DA:389,3
DA:390,106
DA:391,103
DA:392,103
DA:393,103
DA:394,106
DA:395,106
DA:396,106
DA:397,106
DA:398,1
DA:399,1
DA:400,1
DA:401,1
DA:402,1
DA:403,1
DA:404,106
DA:405,106
DA:406,2
DA:407,2
DA:408,2
DA:409,2
DA:410,2
DA:411,2
DA:412,2
DA:413,106
DA:414,106
DA:415,1
DA:416,1
DA:417,1
DA:418,1
DA:419,1
DA:420,1
DA:421,1
DA:422,106
DA:423,106
DA:424,106
DA:425,0
DA:426,0
DA:427,0
DA:428,106
DA:429,106
DA:430,103
DA:431,103
DA:432,103
DA:433,103
DA:434,0
DA:435,0
DA:436,103
DA:437,103
DA:438,103
DA:439,103
DA:440,103
DA:441,103
DA:442,103
DA:443,103
DA:444,103
DA:445,103
DA:446,98
DA:447,98
DA:448,103
DA:449,93
DA:450,93
DA:451,93
DA:452,103
DA:453,106
DA:454,3
DA:455,0
DA:456,0
DA:457,0
DA:458,0
DA:459,0
DA:460,0
DA:461,3
DA:462,106
DA:463,106
DA:464,106
DA:465,106
DA:466,106
DA:467,106
DA:468,106
DA:469,106
DA:470,106
DA:471,106
DA:472,103
DA:473,103
DA:474,102
DA:475,102
DA:476,102
DA:477,102
DA:478,0
DA:479,0
DA:480,0
DA:481,0
DA:482,102
DA:483,103
DA:484,106
DA:485,106
DA:486,106
DA:487,106
DA:488,0
DA:489,106
DA:490,106
DA:491,106
DA:492,106
DA:493,106
DA:494,106
DA:495,1
DA:496,1
DA:497,1
DA:498,1
DA:499,1
DA:500,1
DA:501,1
DA:502,0
DA:503,0
DA:504,0
DA:505,1
DA:506,1
DA:507,0
DA:508,0
DA:509,0
DA:510,0
DA:511,0
DA:512,0
DA:513,1
DA:514,1
DA:515,1
DA:516,1
DA:517,1
DA:518,1
DA:519,0
DA:520,0
DA:521,0
DA:522,0
DA:523,0
DA:524,0
DA:525,0
DA:526,0
DA:527,0
DA:528,0
DA:529,0
DA:530,1
DA:531,1
DA:532,0
DA:533,0
DA:534,0
DA:535,0
DA:536,0
DA:537,0
DA:538,0
DA:539,0
DA:540,0
DA:541,0
DA:542,0
DA:543,0
DA:544,1
DA:545,1
DA:546,0
DA:547,0
DA:548,0
DA:549,0
DA:550,0
DA:551,0
DA:552,0
DA:553,0
DA:554,0
DA:555,0
DA:556,0
DA:557,0
DA:558,0
DA:559,0
DA:560,0
DA:561,0
DA:562,0
DA:563,0
DA:564,0
DA:565,0
DA:566,0
DA:567,0
DA:568,0
DA:569,0
DA:570,0
DA:571,0
DA:572,0
DA:573,0
DA:574,0
DA:575,1
DA:576,1
DA:577,0
DA:578,0
DA:579,0
DA:580,0
DA:581,0
DA:582,0
DA:583,0
DA:584,0
DA:585,0
DA:586,0
DA:587,0
DA:588,0
DA:589,0
DA:590,0
DA:591,0
DA:592,0
DA:593,0
DA:594,0
DA:595,0
DA:596,0
DA:597,0
DA:598,0
DA:599,0
DA:600,0
DA:601,0
DA:602,0
DA:603,0
DA:604,0
DA:605,0
DA:606,0
DA:607,0
DA:608,0
DA:609,0
DA:610,0
DA:611,0
DA:612,0
DA:613,0
DA:614,0
DA:615,0
DA:616,0
DA:617,0
DA:618,0
DA:619,0
DA:620,0
DA:621,0
DA:622,0
DA:623,0
DA:624,0
DA:625,0
DA:626,0
DA:627,1
DA:628,1
DA:629,1
DA:630,1
DA:631,1
DA:632,1
DA:633,1
DA:634,1
DA:635,1
LF:635
LH:431
BRDA:35,0,0,106
BRDA:37,1,0,103
BRDA:66,2,0,106
BRDA:136,3,0,0
BRDA:136,4,0,0
BRDA:139,5,0,3
BRDA:139,6,0,103
BRDA:159,7,0,0
BRDA:191,8,0,5
BRDA:194,9,0,5
BRDA:197,10,0,98
BRDA:200,11,0,1
BRDA:209,12,0,93
BRDA:231,13,0,0
BRDA:241,14,0,3
BRDA:243,15,0,103
BRDA:250,16,0,103
BRDA:253,17,0,0
BRDA:265,18,0,103
BRDA:270,19,0,98
BRDA:274,20,0,0
BRDA:278,21,0,5
BRDA:282,22,0,0
BRDA:288,23,0,5
BRDA:295,24,0,0
BRDA:299,25,0,0
BRDA:303,26,0,0
BRDA:307,27,0,0
BRDA:311,28,0,0
BRDA:321,29,0,1
BRDA:330,30,0,0
BRDA:334,31,0,0
BRDA:340,32,0,0
BRDA:355,33,0,25
BRDA:361,34,0,0
BRDA:386,35,0,3
BRDA:390,36,0,103
BRDA:397,37,0,1
BRDA:405,38,0,2
BRDA:414,39,0,1
BRDA:424,40,0,103
BRDA:424,41,0,0
BRDA:429,42,0,103
BRDA:429,43,0,103
BRDA:433,44,0,0
BRDA:445,45,0,98
BRDA:448,46,0,93
BRDA:453,47,0,3
BRDA:454,48,0,0
BRDA:471,49,0,103
BRDA:471,50,0,103
BRDA:473,51,0,102
BRDA:477,52,0,0
BRDA:487,53,0,0
BRDA:80,54,0,106
BRF:55
BRH:34
end_of_record
TN:
SF:src/classes/blockStack.ts
FN:18,BlockNestLevel
FN:26,get type
FN:30,setType
FN:34,setValue
FN:42,value
FN:52,logMessage
FN:65,BlockStack
FN:69,reset
FN:74,get topIndex
FN:78,get isEmpty
FN:82,get topNestLevel
FN:87,add
FN:94,remove
FN:102,overrideType
FN:110,write
FN:118,read
FN:128,readAtLevel
FN:139,typeAtLevel
FN:150,enableLogging
FN:155,nestLevelAt
FN:165,logMessage
FNF:21
FNH:19
FNDA:4233,BlockNestLevel
FNDA:26859,get type
FNDA:228,setType
FNDA:30168,setValue
FNDA:22709,value
FNDA:0,logMessage
FNDA:102,BlockStack
FNDA:261,reset
FNDA:14103,get topIndex
FNDA:0,get isEmpty
FNDA:47696,get topNestLevel
FNDA:4233,add
FNDA:4233,remove
FNDA:228,overrideType
FNDA:30168,write
FNDA:17300,read
FNDA:5409,readAtLevel
FNDA:26859,typeAtLevel
FNDA:102,enableLogging
FNDA:32268,nestLevelAt
FNDA:8727,logMessage
DA:1,1
DA:2,1
DA:3,1
DA:4,1
DA:5,1
DA:6,1
DA:7,1
DA:8,1
DA:9,1
DA:10,1
DA:11,1
DA:12,1
DA:13,1
DA:14,1
DA:15,1
DA:16,1
DA:17,1
DA:18,1
DA:19,4233
DA:20,4233
DA:21,4233
DA:22,4233
DA:23,4233
DA:24,4233
DA:25,1
DA:26,1
DA:27,26859
DA:28,26859
DA:29,1
DA:30,1
DA:31,228
DA:32,228
DA:33,1
DA:34,1
DA:35,30168
DA:36,30168
DA:37,30168
DA:38,0
DA:39,0
DA:40,30168
DA:41,1
DA:42,1
DA:43,22709
DA:44,22709
DA:45,22709
DA:46,22709
DA:47,0
DA:48,0
DA:49,22709
DA:50,22709
DA:51,1
DA:52,1
DA:53,0
DA:54,0
DA:55,0
DA:56,0
DA:57,1
DA:58,1
DA:59,1
DA:60,1
DA:61,1
DA:62,1
DA:63,1
DA:64,1
DA:65,1
DA:66,102
DA:67,102
DA:68,1
DA:69,1
DA:70,261
DA:71,261
DA:72,261
DA:73,1
DA:74,1
DA:75,14103
DA:76,14103
DA:77,1
DA:78,1
DA:79,0
DA:80,0
DA:81,1
DA:82,1
DA:83,47696
DA:84,47696
DA:85,47696
DA:86,1
DA:87,1
DA:88,4233
DA:89,4233
DA:90,4233
DA:91,4233
DA:92,4233
DA:93,1
DA:94,1
DA:95,4233
DA:96,4233
DA:97,4233
DA:98,4233
DA:99,4233
DA:100,4233
DA:101,1
DA:102,1
DA:103,228
DA:104,228
DA:105,228
DA:106,0
DA:107,0
DA:108,228
DA:109,1
DA:110,1
DA:111,30168
DA:112,30168
DA:113,30168
DA:114,0
DA:115,0
DA:116,30168
DA:117,1
DA:118,1
DA:119,17300
DA:120,17300
DA:121,17300
DA:122,17300
DA:123,0
DA:124,0
DA:125,17300
DA:126,17300
DA:127,1
DA:128,1
DA:129,5409
DA:130,5409
DA:131,5409
DA:132,5409
DA:133,5409
DA:134,5409
DA:135,5409
DA:136,5409
DA:137,5409
DA:138,1
DA:139,1
DA:140,26859
DA:141,26859
DA:142,26859
DA:143,26859
DA:144,26859
DA:145,26859
DA:146,26859
DA:147,26859
DA:148,26859
DA:149,1
DA:150,1
DA:151,102
DA:152,102
DA:153,102
DA:154,1
DA:155,1
DA:156,32268
DA:157,32268
DA:158,32268
DA:159,32268
DA:160,0
DA:161,0
DA:162,32268
DA:163,32268
DA:164,1
DA:165,1
DA:166,8727
DA:167,0
DA:168,0
DA:169,8727
DA:170,1
LF:170
LH:150
BRDA:18,0,0,4233
BRDA:26,1,0,26859
BRDA:30,2,0,228
BRDA:34,3,0,30168
BRDA:37,4,0,0
BRDA:42,5,0,22709
BRDA:46,6,0,0
BRDA:65,7,0,102
BRDA:69,8,0,261
BRDA:74,9,0,14103
BRDA:75,10,0,0
BRDA:82,11,0,47696
BRDA:87,12,0,4233
BRDA:94,13,0,4233
BRDA:102,14,0,228
BRDA:105,15,0,0
BRDA:110,16,0,30168
BRDA:113,17,0,0
BRDA:118,18,0,17300
BRDA:122,19,0,0
BRDA:128,20,0,5409
BRDA:139,21,0,26859
BRDA:150,22,0,102
BRDA:155,23,0,32268
BRDA:159,24,0,0
BRDA:165,25,0,8727
BRDA:166,26,0,0
BRF:27
BRH:19
end_of_record
TN:
SF:src/classes/childObjectsImage.ts
FN:26,ChildObjectsImage
FN:32,get rawUint8Array
FN:36,clear
FN:40,get objectFileCount
FN:44,get objectFileRanges
FN:48,checksum
FN:57,recordLengthOffsetForFile
FN:69,getOffsetAndLengthForFile
FN:82,setOffset
FN:92,get offset
FN:96,readSymbolName
FN:110,readByte
FN:114,read
FN:121,readLong
FN:131,write
FN:136,logMessage
FNF:16
FNH:15
FNDA:314,ChildObjectsImage
FNDA:0,get rawUint8Array
FNDA:37,clear
FNDA:469,get objectFileCount
FNDA:148,get objectFileRanges
FNDA:72,checksum
FNDA:247,recordLengthOffsetForFile
FNDA:380,getOffsetAndLengthForFile
FNDA:588,setOffset
FNDA:408,get offset
FNDA:132,readSymbolName
FNDA:221,readByte
FNDA:650974,read
FNDA:581,readLong
FNDA:731851,write
FNDA:1325,logMessage
DA:1,1
DA:2,1
DA:3,1
DA:4,1
DA:5,1
DA:6,1
DA:7,1
DA:8,1
DA:9,1
DA:10,1
DA:11,1
DA:12,1
DA:13,1
DA:14,1
DA:15,1
DA:16,1
DA:17,1
DA:18,1
DA:19,1
DA:20,1
DA:21,1
DA:22,1
DA:23,1
DA:24,1
DA:25,1
DA:26,1
DA:27,314
DA:28,314
DA:29,314
DA:30,314
DA:31,1
DA:32,1
DA:33,0
DA:34,0
DA:35,1
DA:36,1
DA:37,37
DA:38,37
DA:39,1
DA:40,1
DA:41,469
DA:42,469
DA:43,1
DA:44,1
DA:45,148
DA:46,148
DA:47,1
DA:48,1
DA:49,72
DA:50,72
DA:51,4667
DA:52,4667
DA:53,72
DA:54,72
DA:55,72
DA:56,1
DA:57,1
DA:58,247
DA:59,247
DA:60,247
DA:61,247
DA:62,247
DA:63,247
DA:64,247
DA:65,38
DA:66,38
DA:67,247
DA:68,1
DA:69,1
DA:70,380
DA:71,380
DA:72,380
DA:73,380
DA:74,380
DA:75,380
DA:76,0
DA:77,0
DA:78,0
DA:79,380
DA:80,380
DA:81,1
DA:82,1
DA:83,588
DA:84,588
DA:85,588
DA:86,588
DA:87,588
DA:88,0
DA:89,0
DA:90,588
DA:91,1
DA:92,1
DA:93,408
DA:94,408
DA:95,1
DA:96,1
DA:97,132
DA:98,132
DA:99,132
DA:100,866
DA:101,866
DA:102,132
DA:103,132
DA:104,734
DA:105,734
DA:106,734
DA:107,132
DA:108,132
DA:109,1
DA:110,1
DA:111,221
DA:112,221
DA:113,1
DA:114,1
DA:115,650974
DA:116,650974
DA:117,650974
DA:118,650974
DA:119,650974
DA:120,1
DA:121,1
DA:122,581
DA:123,581
DA:124,581
DA:125,581
DA:126,581
DA:127,581
DA:128,581
DA:129,581
DA:130,1
DA:131,1
DA:132,731851
DA:133,731851
DA:134,731851
DA:135,1
DA:136,1
DA:137,1325
DA:138,0
DA:139,0
DA:140,1325
DA:141,1
LF:141
LH:132
BRDA:26,0,0,314
BRDA:36,1,0,37
BRDA:40,2,0,469
BRDA:44,3,0,148
BRDA:48,4,0,72
BRDA:50,5,0,4667
BRDA:57,6,0,247
BRDA:64,7,0,38
BRDA:69,8,0,380
BRDA:75,9,0,0
BRDA:82,10,0,588
BRDA:87,11,0,0
BRDA:92,12,0,408
BRDA:96,13,0,132
BRDA:99,14,0,866
BRDA:101,15,0,132
BRDA:104,16,0,734
BRDA:110,17,0,221
BRDA:114,18,0,650974
BRDA:121,19,0,581
BRDA:131,20,0,731851
BRDA:136,21,0,1325
BRDA:137,22,0,0
BRF:23
BRH:20
end_of_record
TN:
SF:src/classes/compiler.ts
FN:40,Compiler
FN:54,Compile
FN:106,compileRecursively
FN:247,uniqueObjectName
FN:261,logMessageOutline
FN:267,logMessage
FNF:6
FNH:5
FNDA:102,Compiler
FNDA:102,Compile
FNDA:174,compileRecursively
FNDA:0,uniqueObjectName
FNDA:1023,logMessageOutline
FNDA:1885,logMessage
DA:1,1
DA:2,1
DA:3,1
DA:4,1
DA:5,1
DA:6,1
DA:7,1
DA:8,1
DA:9,1
DA:10,1
DA:11,1
DA:12,1
DA:13,1
DA:14,1
DA:15,1
DA:16,1
DA:17,1
DA:18,1
DA:19,1
DA:20,1
DA:21,1
DA:22,1
DA:23,1
DA:24,1
DA:25,1
DA:26,1
DA:27,1
DA:28,1
DA:29,1
DA:30,1
DA:31,1
DA:32,1
DA:33,1
DA:34,1
DA:35,1
DA:36,1
DA:37,1
DA:38,1
DA:39,1
DA:40,1
DA:41,102
DA:42,102
DA:43,102
DA:44,102
DA:45,102
DA:46,102
DA:47,102
DA:48,102
DA:49,102
DA:50,102
DA:51,102
DA:52,102
DA:53,1
DA:54,1
DA:55,102
DA:56,102
DA:57,102
DA:58,102
DA:59,102
DA:60,102
DA:61,0
DA:62,0
DA:63,0
DA:64,102
DA:65,102
DA:66,102
DA:67,0
DA:68,0
DA:69,0
DA:70,102
DA:71,102
DA:72,102
DA:73,102
DA:74,102
DA:75,102
DA:76,102
DA:77,102
DA:78,102
DA:79,102
DA:80,102
DA:81,102
DA:82,102
DA:83,102
DA:84,5
DA:85,5
DA:86,5
DA:87,5
DA:88,5
DA:89,5
DA:90,5
DA:91,5
DA:92,5
DA:93,5
DA:94,5
DA:95,0
DA:96,0
DA:97,5
DA:98,0
DA:99,0
DA:100,0
DA:101,5
DA:102,102
DA:103,102
DA:104,1
DA:105,1
DA:106,1
DA:107,174
DA:108,174
DA:109,174
DA:110,174
DA:111,0
DA:112,0
DA:113,174
DA:114,174
DA:115,174
DA:116,174
DA:117,174
DA:118,174
DA:119,174
DA:120,174
DA:121,174
DA:122,174
DA:123,174
DA:124,174
DA:125,174
DA:126,174
DA:127,174
DA:128,174
DA:129,174
DA:130,174
DA:131,174
DA:132,174
DA:133,174
DA:134,0
DA:135,0
DA:136,174
DA:137,37
DA:138,37
DA:139,37
DA:140,72
DA:141,72
DA:142,72
DA:143,72
DA:144,72
DA:145,72
DA:146,72
DA:147,72
DA:148,72
DA:149,72
DA:150,72
DA:151,72
DA:152,72
DA:153,37
DA:154,173
DA:155,173
DA:156,173
DA:157,173
DA:158,173
DA:159,173
DA:160,173
DA:161,173
DA:162,174
DA:163,37
DA:164,37
DA:165,37
DA:166,72
DA:167,72
DA:168,72
DA:169,72
DA:170,72
DA:171,72
DA:172,72
DA:173,72
DA:174,72
DA:175,4667
DA:176,4667
DA:177,72
DA:178,72
DA:179,72
DA:180,72
DA:181,72
DA:182,72
DA:183,72
DA:184,72
DA:185,111
DA:186,111
DA:187,111
DA:188,72
DA:189,72
DA:190,37
DA:191,173
DA:192,173
DA:193,173
DA:194,174
DA:195,2
DA:196,2
DA:197,2
DA:198,6
DA:199,6
DA:200,6
DA:201,6
DA:202,6
DA:203,6
DA:204,6
DA:205,321093
DA:206,321093
DA:207,6
DA:208,6
DA:209,6
DA:210,6
DA:211,2
DA:212,173
DA:213,173
DA:214,173
DA:215,173
DA:216,173
DA:217,173
DA:218,173
DA:219,173
DA:220,174
DA:221,0
DA:222,0
DA:223,169
DA:224,169
DA:225,169
DA:226,169
DA:227,169
DA:228,406091
DA:229,406091
DA:230,169
DA:231,169
DA:232,169
DA:233,169
DA:234,169
DA:235,169
DA:236,169
DA:237,169
DA:238,169
DA:239,169
DA:240,174
DA:241,174
DA:242,169
DA:243,169
DA:244,169
DA:245,169
DA:246,1
DA:247,1
DA:248,0
DA:249,0
DA:250,0
DA:251,0
DA:252,0
DA:253,0
DA:254,0
DA:255,0
DA:256,0
DA:257,0
DA:258,0
DA:259,0
DA:260,1
DA:261,1
DA:262,1023
DA:263,0
DA:264,0
DA:265,1023
DA:266,1
DA:267,1
DA:268,1885
DA:269,0
DA:270,0
DA:271,1885
DA:272,1
LF:272
LH:239
BRDA:40,0,0,102
BRDA:54,1,0,102
BRDA:60,2,0,0
BRDA:66,3,0,0
BRDA:83,4,0,5
BRDA:87,5,0,0
BRDA:94,6,0,0
BRDA:97,7,0,0
BRDA:106,8,0,174
BRDA:110,9,0,0
BRDA:133,10,0,23
BRDA:133,11,0,0
BRDA:136,12,0,173
BRDA:136,13,0,37
BRDA:139,14,0,72
BRDA:154,15,0,173
BRDA:162,16,0,37
BRDA:165,17,0,72
BRDA:174,18,0,4667
BRDA:184,19,0,111
BRDA:191,20,0,173
BRDA:194,21,0,2
BRDA:197,22,0,6
BRDA:201,23,0,0
BRDA:204,24,0,321093
BRDA:212,25,0,173
BRDA:220,26,0,169
BRDA:220,27,0,0
BRDA:227,28,0,406091
BRDA:242,29,0,169
BRDA:261,30,0,1023
BRDA:262,31,0,0
BRDA:267,32,0,1885
BRDA:268,33,0,0
BRF:34
BRH:23
end_of_record
TN:
SF:src/classes/debugData.ts
FN:20,DebugRecord
FN:25,get length
FN:29,append
FN:37,byteAt
FN:45,get rawUint8Array
FN:49,clear
FN:65,DebugData
FN:74,setLogging
FN:78,get rawUint8Array
FN:82,get offset
FN:87,get offsetHex
FN:92,get length
FN:96,get collapseDebugData
FN:121,recordExists
FN:126,recordIsMatch
FN:141,setRecord
FN:160,setOffsetTo
FN:166,read
FN:175,updateMax
FN:181,readWord
FN:191,replaceWord
FN:204,reset
FN:210,dumpBytes
FN:234,logMessage
FNF:24
FNH:15
FNDA:102,DebugRecord
FNDA:29962,get length
FNDA:6925,append
FNDA:13829,byteAt
FNDA:0,get rawUint8Array
FNDA:430,clear
FNDA:102,DebugData
FNDA:0,setLogging
FNDA:0,get rawUint8Array
FNDA:0,get offset
FNDA:0,get offsetHex
FNDA:50,get length
FNDA:25,get collapseDebugData
FNDA:1205,recordExists
FNDA:1090,recordIsMatch
FNDA:115,setRecord
FNDA:115,setOffsetTo
FNDA:0,read
FNDA:0,updateMax
FNDA:2715,readWord
FNDA:332,replaceWord
FNDA:0,reset
FNDA:0,dumpBytes
FNDA:1652,logMessage
DA:1,1
DA:2,1
DA:3,1
DA:4,1
DA:5,1
DA:6,1
DA:7,1
DA:8,1
DA:9,1
DA:10,1
DA:11,1
DA:12,1
DA:13,1
DA:14,1
DA:15,1
DA:16,1
DA:17,1
DA:18,1
DA:19,1
DA:20,1
DA:21,102
DA:22,102
DA:23,102
DA:24,1
DA:25,1
DA:26,29962
DA:27,29962
DA:28,1
DA:29,1
DA:30,6925
DA:31,0
DA:32,0
DA:33,0
DA:34,6925
DA:35,6925
DA:36,1
DA:37,1
DA:38,13829
DA:39,13829
DA:40,13829
DA:41,13829
DA:42,13829
DA:43,13829
DA:44,1
DA:45,1
DA:46,0
DA:47,0
DA:48,1
DA:49,1
DA:50,430
DA:51,430
DA:52,1
DA:53,1
DA:54,1
DA:55,1
DA:56,1
DA:57,1
DA:58,1
DA:59,1
DA:60,1
DA:61,1
DA:62,1
DA:63,1
DA:64,1
DA:65,1
DA:66,102
DA:67,102
DA:68,102
DA:69,102
DA:70,102
DA:71,102
DA:72,102
DA:73,1
DA:74,1
DA:75,0
DA:76,0
DA:77,1
DA:78,1
DA:79,0
DA:80,0
DA:81,1
DA:82,1
DA:83,0
DA:84,0
DA:85,0
DA:86,1
DA:87,1
DA:88,0
DA:89,0
DA:90,0
DA:91,1
DA:92,1
DA:93,50
DA:94,50
DA:95,1
DA:96,1
DA:97,25
DA:98,25
DA:99,25
DA:100,25
DA:101,25
DA:102,165
DA:103,165
DA:104,25
DA:105,25
DA:106,140
DA:107,140
DA:108,25
DA:109,25
DA:110,25
DA:111,25
DA:112,25
DA:113,140
DA:114,140
DA:115,140
DA:116,140
DA:117,25
DA:118,25
DA:119,25
DA:120,1
DA:121,1
DA:122,1205
DA:123,1205
DA:124,1205
DA:125,1
DA:126,1
DA:127,1090
DA:128,1090
DA:129,1090
DA:130,1090
DA:131,9757
DA:132,9757
DA:133,991
DA:134,991
DA:135,991
DA:136,9757
DA:137,1090
DA:138,1090
DA:139,1090
DA:140,1
DA:141,1
DA:142,115
DA:143,115
DA:144,115
DA:145,115
DA:146,0
DA:147,0
DA:148,0
DA:149,115
DA:150,115
DA:151,4072
DA:152,4072
DA:153,115
DA:154,115
DA:155,115
DA:156,115
DA:157,115
DA:158,115
DA:159,1
DA:160,1
DA:161,115
DA:162,115
DA:163,115
DA:164,115
DA:165,1
DA:166,1
DA:167,0
DA:168,0
DA:169,0
DA:170,0
DA:171,0
DA:172,0
DA:173,0
DA:174,1
DA:175,1
DA:176,0
DA:177,0
DA:178,0
DA:179,0
DA:180,1
DA:181,1
DA:182,2715
DA:183,2715
DA:184,2715
DA:185,2715
DA:186,2715
DA:187,2715
DA:188,2715
DA:189,2715
DA:190,1
DA:191,1
DA:192,332
DA:193,332
DA:194,332
DA:195,332
DA:196,332
DA:197,332
DA:198,332
DA:199,332
DA:200,332
DA:201,332
DA:202,332
DA:203,1
DA:204,1
DA:205,0
DA:206,0
DA:207,0
DA:208,0
DA:209,1
DA:210,1
DA:211,0
DA:212,0
DA:213,0
DA:214,0
DA:215,0
DA:216,0
DA:217,0
DA:218,0
DA:219,0
DA:220,0
DA:221,0
DA:222,0
DA:223,0
DA:224,0
DA:225,0
DA:226,0
DA:227,0
DA:228,0
DA:229,0
DA:230,0
DA:231,0
DA:232,0
DA:233,1
DA:234,1
DA:235,1652
DA:236,0
DA:237,0
DA:238,1652
DA:239,1
LF:239
LH:182
BRDA:20,0,0,102
BRDA:25,1,0,29962
BRDA:29,2,0,6925
BRDA:30,3,0,0
BRDA:37,4,0,13829
BRDA:49,5,0,430
BRDA:65,6,0,102
BRDA:92,7,0,50
BRDA:96,8,0,25
BRDA:101,9,0,165
BRDA:103,10,0,25
BRDA:106,11,0,140
BRDA:112,12,0,140
BRDA:121,13,0,1205
BRDA:126,14,0,1090
BRDA:130,15,0,9757
BRDA:132,16,0,991
BRDA:141,17,0,115
BRDA:145,18,0,0
BRDA:150,19,0,4072
BRDA:160,20,0,115
BRDA:181,21,0,2715
BRDA:191,22,0,332
BRDA:234,23,0,1652
BRDA:235,24,0,0
BRF:25
BRH:22
end_of_record
TN:
SF:src/classes/distillerList.ts
FN:28,DistillerRecord
FN:37,get objectId
FN:40,get objectOffset
FN:43,get subObjectCount
FN:46,get methodCount
FN:49,get objectSize
FN:52,get subObjectIds
FN:56,toString
FN:67,DistillerList
FN:72,enableLogging
FN:77,get recordCount
FN:81,addrecord
FN:86,record
FN:95,dumpRecords
FN:109,logMessage
FNF:15
FNH:2
FNDA:0,DistillerRecord
FNDA:0,get objectId
FNDA:0,get objectOffset
FNDA:0,get subObjectCount
FNDA:0,get methodCount
FNDA:0,get objectSize
FNDA:0,get subObjectIds
FNDA:0,toString
FNDA:102,DistillerList
FNDA:102,enableLogging
FNDA:0,get recordCount
FNDA:0,addrecord
FNDA:0,record
FNDA:0,dumpRecords
FNDA:0,logMessage
DA:1,1
DA:2,1
DA:3,1
DA:4,1
DA:5,1
DA:6,1
DA:7,1
DA:8,1
DA:9,1
DA:10,1
DA:11,1
DA:12,1
DA:13,1
DA:14,1
DA:15,1
DA:16,1
DA:17,1
DA:18,1
DA:19,1
DA:20,1
DA:21,1
DA:22,1
DA:23,1
DA:24,1
DA:25,1
DA:26,1
DA:27,1
DA:28,1
DA:29,0
DA:30,0
DA:31,0
DA:32,0
DA:33,0
DA:34,0
DA:35,0
DA:36,1
DA:37,1
DA:38,0
DA:39,0
DA:40,1
DA:41,0
DA:42,0
DA:43,1
DA:44,0
DA:45,0
DA:46,1
DA:47,0
DA:48,0
DA:49,1
DA:50,0
DA:51,0
DA:52,1
DA:53,0
DA:54,0
DA:55,1
DA:56,1
DA:57,0
DA:58,0
DA:59,0
DA:60,1
DA:61,1
DA:62,1
DA:63,1
DA:64,1
DA:65,1
DA:66,1
DA:67,1
DA:68,102
DA:69,102
DA:70,102
DA:71,1
DA:72,1
DA:73,102
DA:74,102
DA:75,102
DA:76,1
DA:77,1
DA:78,0
DA:79,0
DA:80,1
DA:81,1
DA:82,0
DA:83,0
DA:84,0
DA:85,1
DA:86,1
DA:87,0
DA:88,0
DA:89,0
DA:90,0
DA:91,0
DA:92,0
DA:93,0
DA:94,1
DA:95,1
DA:96,0
DA:97,0
DA:98,0
DA:99,0
DA:100,0
DA:101,0
DA:102,0
DA:103,0
DA:104,0
DA:105,0
DA:106,0
DA:107,0
DA:108,1
DA:109,1
DA:110,0
DA:111,0
DA:112,0
DA:113,0
DA:114,1
LF:114
LH:64
BRDA:67,0,0,102
BRDA:72,1,0,102
BRF:2
BRH:2
end_of_record
TN:
SF:src/classes/externalFiles.ts
FN:19,ExternalFiles
FN:23,get clockSetterLength
FN:30,get clockSetter
FN:34,get flashLoaderLength
FN:41,get flashLoader
FN:45,get spinDebuggerLength
FN:52,get spinDebugger
FN:56,get spinInterpreterLength
FN:63,get spinInterpreter
FN:67,loadFiles
FN:113,loadImage
FN:124,logMessage
FNF:12
FNH:10
FNDA:102,ExternalFiles
FNDA:9,get clockSetterLength
FNDA:9,get clockSetter
FNDA:0,get flashLoaderLength
FNDA:0,get flashLoader
FNDA:25,get spinDebuggerLength
FNDA:25,get spinDebugger
FNDA:152,get spinInterpreterLength
FNDA:76,get spinInterpreter
FNDA:86,loadFiles
FNDA:344,loadImage
FNDA:344,logMessage
DA:1,1
DA:2,1
DA:3,1
DA:4,1
DA:5,1
DA:6,1
DA:7,1
DA:8,1
DA:9,1
DA:10,1
DA:11,1
DA:12,1
DA:13,1
DA:14,1
DA:15,1
DA:16,1
DA:17,1
DA:18,1
DA:19,1
DA:20,102
DA:21,102
DA:22,1
DA:23,1
DA:24,9
DA:25,9
DA:26,9
DA:27,9
DA:28,9
DA:29,1
DA:30,1
DA:31,9
DA:32,9
DA:33,1
DA:34,1
DA:35,0
DA:36,0
DA:37,0
DA:38,0
DA:39,0
DA:40,1
DA:41,1
DA:42,0
DA:43,0
DA:44,1
DA:45,1
DA:46,25
DA:47,1
DA:48,1
DA:49,25
DA:50,25
DA:51,1
DA:52,1
DA:53,25
DA:54,25
DA:55,1
DA:56,1
DA:57,152
DA:58,76
DA:59,76
DA:60,152
DA:61,152
DA:62,1
DA:63,1
DA:64,76
DA:65,76
DA:66,1
DA:67,1
DA:68,86
DA:69,86
DA:70,86
DA:71,86
DA:72,86
DA:73,86
DA:74,86
DA:75,86
DA:76,86
DA:77,86
DA:78,86
DA:79,86
DA:80,86
DA:81,86
DA:82,1
DA:83,1
DA:84,1
DA:85,1
DA:86,1
DA:87,1
DA:88,1
DA:89,1
DA:90,1
DA:91,1
DA:92,1
DA:93,1
DA:94,1
DA:95,1
DA:96,86
DA:97,85
DA:98,85
DA:99,85
DA:100,85
DA:101,85
DA:102,85
DA:103,85
DA:104,85
DA:105,85
DA:106,85
DA:107,85
DA:108,85
DA:109,85
DA:110,85
DA:111,86
DA:112,1
DA:113,1
DA:114,344
DA:115,344
DA:116,344
DA:117,344
DA:118,344
DA:119,344
DA:120,344
DA:121,344
DA:122,344
DA:123,1
DA:124,1
DA:125,344
DA:126,0
DA:127,0
DA:128,344
DA:129,1
LF:129
LH:120
BRDA:19,0,0,102
BRDA:23,1,0,9
BRDA:30,2,0,9
BRDA:45,3,0,25
BRDA:46,4,0,1
BRDA:52,5,0,25
BRDA:56,6,0,152
BRDA:57,7,0,76
BRDA:63,8,0,76
BRDA:67,9,0,86
BRDA:81,10,0,1
BRDA:96,11,0,85
BRDA:113,12,0,344
BRDA:124,13,0,344
BRDA:125,14,0,0
BRF:15
BRH:14
end_of_record
TN:
SF:src/classes/logger.ts
FN:9,Logger
FN:13,setProgramName
FN:17,enabledVerbose
FN:22,errorMsg
FN:27,compilerErrorMsg
FN:38,verboseMsg
FN:48,infoMsg
FN:52,warningMsg
FN:57,progressMsg
FN:61,errorColor
FN:66,warningColor
FN:77,logMessage
FN:86,logErrorMessage
FNF:13
FNH:9
FNDA:106,Logger
FNDA:106,setProgramName
FNDA:5,enabledVerbose
FNDA:0,errorMsg
FNDA:5,compilerErrorMsg
FNDA:1148,verboseMsg
FNDA:106,infoMsg
FNDA:0,warningMsg
FNDA:529,progressMsg
FNDA:0,errorColor
FNDA:0,warningColor
FNDA:948,logMessage
FNDA:5,logErrorMessage
DA:1,1
DA:2,1
DA:3,1
DA:4,1
DA:5,1
DA:6,1
DA:7,1
DA:8,1
DA:9,106
DA:10,106
DA:11,106
DA:12,106
DA:13,106
DA:14,106
DA:15,106
DA:16,106
DA:17,106
DA:18,5
DA:19,5
DA:20,5
DA:21,106
DA:22,106
DA:23,0
DA:24,0
DA:25,0
DA:26,106
DA:27,106
DA:28,5
DA:29,0
DA:30,0
DA:31,5
DA:32,5
DA:33,0
DA:34,0
DA:35,5
DA:36,5
DA:37,106
DA:38,106
DA:39,1148
DA:40,65
DA:41,10
DA:42,65
DA:43,55
DA:44,55
DA:45,65
DA:46,1148
DA:47,106
DA:48,106
DA:49,106
DA:50,106
DA:51,106
DA:52,106
DA:53,0
DA:54,0
DA:55,0
DA:56,106
DA:57,106
DA:58,529
DA:59,529
DA:60,106
DA:61,106
DA:62,0
DA:63,0
DA:64,0
DA:65,106
DA:66,106
DA:67,0
DA:68,0
DA:69,0
DA:70,106
DA:71,106
DA:72,106
DA:73,106
DA:74,106
DA:75,106
DA:76,106
DA:77,106
DA:78,948
DA:79,948
DA:80,106
DA:81,106
DA:82,106
DA:83,106
DA:84,106
DA:85,106
DA:86,106
DA:87,5
DA:88,0
DA:89,0
DA:90,5
DA:91,5
DA:92,106
LF:92
LH:74
BRDA:9,0,0,106
BRDA:13,1,0,106
BRDA:17,2,0,5
BRDA:27,3,0,5
BRDA:28,4,0,0
BRDA:31,5,0,0
BRDA:32,6,0,0
BRDA:38,7,0,1148
BRDA:39,8,0,65
BRDA:40,9,0,10
BRDA:42,10,0,55
BRDA:48,11,0,106
BRDA:57,12,0,529
BRDA:77,13,0,948
BRDA:86,14,0,5
BRDA:87,15,0,0
BRF:16
BRH:12
end_of_record
TN:
SF:src/classes/numberStack.ts
FN:18,NumberStack
FN:22,enableLogging
FN:27,setUnresolved
FN:31,get isUnresolved
FN:35,get isResolved
FN:39,push
FN:44,pop
FN:56,reset
FN:61,float32ToHexString
FN:67,logMessage
FNF:10
FNH:10
FNDA:102,NumberStack
FNDA:102,enableLogging
FNDA:1064,setUnresolved
FNDA:56409,get isUnresolved
FNDA:87249,get isResolved
FNDA:210236,push
FNDA:210208,pop
FNDA:139501,reset
FNDA:420444,float32ToHexString
FNDA:420444,logMessage
DA:1,1
DA:2,1
DA:3,1
DA:4,1
DA:5,1
DA:6,1
DA:7,1
DA:8,1
DA:9,1
DA:10,1
DA:11,1
DA:12,1
DA:13,1
DA:14,1
DA:15,1
DA:16,1
DA:17,1
DA:18,1
DA:19,102
DA:20,102
DA:21,1
DA:22,1
DA:23,102
DA:24,102
DA:25,102
DA:26,1
DA:27,1
DA:28,1064
DA:29,1064
DA:30,1
DA:31,1
DA:32,56409
DA:33,56409
DA:34,1
DA:35,1
DA:36,87249
DA:37,87249
DA:38,1
DA:39,1
DA:40,210236
DA:41,210236
DA:42,210236
DA:43,1
DA:44,1
DA:45,210208
DA:46,210208
DA:47,210208
DA:48,210208
DA:49,210208
DA:50,210208
DA:51,0
DA:52,0
DA:53,210208
DA:54,210208
DA:55,1
DA:56,1
DA:57,139501
DA:58,139501
DA:59,139501
DA:60,1
DA:61,1
DA:62,420444
DA:63,420444
DA:64,420444
DA:65,420444
DA:66,1
DA:67,1
DA:68,420444
DA:69,0
DA:70,0
DA:71,420444
DA:72,1
LF:72
LH:68
BRDA:18,0,0,102
BRDA:22,1,0,102
BRDA:27,2,0,1064
BRDA:31,3,0,56409
BRDA:35,4,0,87249
BRDA:39,5,0,210236
BRDA:44,6,0,210208
BRDA:50,7,0,0
BRDA:56,8,0,139501
BRDA:61,9,0,420444
BRDA:67,10,0,420444
BRDA:68,11,0,0
BRF:12
BRH:10
end_of_record
TN:
SF:src/classes/objectImage.ts
FN:24,ObjectImage
FN:32,setLogging
FN:36,get rawUint8Array
FN:40,get offset
FN:45,get offsetHex
FN:50,get length
FN:54,calculateChecksum
FN:66,setOffsetTo
FN:74,readNext
FN:81,append
FN:95,appendLong
FN:103,read
FN:112,updateMax
FN:118,readWord
FN:128,readLong
FN:138,readLongNext
FN:149,replaceByte
FN:160,replaceWord
FN:173,replaceLong
FN:184,reset
FN:189,dumpBytes
FN:213,logMessage
FNF:22
FNH:20
FNDA:254,ObjectImage
FNDA:0,setLogging
FNDA:621,get rawUint8Array
FNDA:111125,get offset
FNDA:260,get offsetHex
FNDA:211,get length
FNDA:148,calculateChecksum
FNDA:24782,setOffsetTo
FNDA:406091,readNext
FNDA:2435235,append
FNDA:88318,appendLong
FNDA:1556255,read
FNDA:2841326,updateMax
FNDA:190188,readWord
FNDA:94959,readLong
FNDA:174,readLongNext
FNDA:1189956,replaceByte
FNDA:4637,replaceWord
FNDA:2179,replaceLong
FNDA:347,reset
FNDA:0,dumpBytes
FNDA:3388146,logMessage
DA:1,1
DA:2,1
DA:3,1
DA:4,1
DA:5,1
DA:6,1
DA:7,1
DA:8,1
DA:9,1
DA:10,1
DA:11,1
DA:12,1
DA:13,1
DA:14,1
DA:15,1
DA:16,1
DA:17,1
DA:18,1
DA:19,1
DA:20,1
DA:21,1
DA:22,1
DA:23,1
DA:24,1
DA:25,254
DA:26,254
DA:27,254
DA:28,254
DA:29,254
DA:30,254
DA:31,1
DA:32,1
DA:33,0
DA:34,0
DA:35,1
DA:36,1
DA:37,621
DA:38,621
DA:39,1
DA:40,1
DA:41,111125
DA:42,111125
DA:43,111125
DA:44,1
DA:45,1
DA:46,260
DA:47,260
DA:48,260
DA:49,1
DA:50,1
DA:51,211
DA:52,211
DA:53,1
DA:54,1
DA:55,148
DA:56,148
DA:57,387937
DA:58,387937
DA:59,148
DA:60,148
DA:61,148
DA:62,148
DA:63,148
DA:64,148
DA:65,1
DA:66,1
DA:67,24782
DA:68,24782
DA:69,24782
DA:70,24782
DA:71,24782
DA:72,24782
DA:73,1
DA:74,1
DA:75,406091
DA:76,406091
DA:77,406091
DA:78,406091
DA:79,406091
DA:80,1
DA:81,1
DA:82,2435235
DA:83,2435235
DA:84,2081963
DA:85,2081963
DA:86,2435235
DA:87,2435235
DA:88,2435235
DA:89,2435235
DA:90,0
DA:91,0
DA:92,0
DA:93,2435235
DA:94,1
DA:95,1
DA:96,88318
DA:97,88318
DA:98,88318
DA:99,88318
DA:100,88318
DA:101,88318
DA:102,1
DA:103,1
DA:104,1556255
DA:105,1556255
DA:106,1556255
DA:107,1556255
DA:108,1556255
DA:109,1556255
DA:110,1556255
DA:111,1
DA:112,1
DA:113,2841326
DA:114,1802908
DA:115,1802908
DA:116,2841326
DA:117,1
DA:118,1
DA:119,190188
DA:120,190188
DA:121,190188
DA:122,190188
DA:123,190188
DA:124,190188
DA:125,190188
DA:126,190188
DA:127,1
DA:128,1
DA:129,94959
DA:130,94959
DA:131,94959
DA:132,94959
DA:133,94959
DA:134,94959
DA:135,94959
DA:136,94959
DA:137,1
DA:138,1
DA:139,174
DA:140,174
DA:141,174
DA:142,174
DA:143,174
DA:144,174
DA:145,174
DA:146,174
DA:147,174
DA:148,1
DA:149,1
DA:150,1189956
DA:151,1189956
DA:152,1189956
DA:153,1189956
DA:154,1189956
DA:155,1189956
DA:156,0
DA:157,0
DA:158,1189956
DA:159,1
DA:160,1
DA:161,4637
DA:162,4637
DA:163,279
DA:164,279
DA:165,4637
DA:166,4637
DA:167,4637
DA:168,4637
DA:169,4637
DA:170,4637
DA:171,4637
DA:172,1
DA:173,1
DA:174,2179
DA:175,2179
DA:176,2179
DA:177,2179
DA:178,2179
DA:179,2179
DA:180,2179
DA:181,2179
DA:182,2179
DA:183,1
DA:184,1
DA:185,347
DA:186,347
DA:187,347
DA:188,347
DA:189,1
DA:190,0
DA:191,0
DA:192,0
DA:193,0
DA:194,0
DA:195,0
DA:196,0
DA:197,0
DA:198,0
DA:199,0
DA:200,0
DA:201,0
DA:202,0
DA:203,0
DA:204,0
DA:205,0
DA:206,0
DA:207,0
DA:208,0
DA:209,0
DA:210,0
DA:211,0
DA:212,1
DA:213,1
DA:214,3388146
DA:215,0
DA:216,0
DA:217,3388146
DA:218,1
LF:218
LH:187
BRDA:24,0,0,254
BRDA:36,1,0,621
BRDA:40,2,0,111125
BRDA:45,3,0,260
BRDA:50,4,0,211
BRDA:54,5,0,148
BRDA:56,6,0,387937
BRDA:66,7,0,24782
BRDA:74,8,0,406091
BRDA:81,9,0,2435235
BRDA:83,10,0,2081963
BRDA:89,11,0,0
BRDA:95,12,0,88318
BRDA:103,13,0,1556255
BRDA:112,14,0,2841326
BRDA:113,15,0,1802908
BRDA:118,16,0,190188
BRDA:128,17,0,94959
BRDA:138,18,0,174
BRDA:149,19,0,1189956
BRDA:155,20,0,0
BRDA:160,21,0,4637
BRDA:162,22,0,279
BRDA:173,23,0,2179
BRDA:184,24,0,347
BRDA:213,25,0,3388146
BRDA:214,26,0,0
BRF:27
BRH:24
end_of_record
TN:
SF:src/classes/objectSymbols.ts
FN:23,ObjectSymbols
FN:29,Object.<anonymous>
FN:33,get length
FN:37,setOffset
FN:41,readNext
FN:48,writeSymbolName
FN:57,writeLong
FN:65,writeByte
FN:76,read
FN:85,reset
FN:92,logMessage
FNF:11
FNH:9
FNDA:102,ObjectSymbols
FNDA:0,Object.<anonymous>
FNDA:33629,get length
FNDA:148,setOffset
FNDA:33333,readNext
FNDA:6961,writeSymbolName
FNDA:6587,writeLong
FNDA:100080,writeByte
FNDA:0,read
FNDA:347,reset
FNDA:133760,logMessage
DA:1,1
DA:2,1
DA:3,1
DA:4,1
DA:5,1
DA:6,1
DA:7,1
DA:8,1
DA:9,1
DA:10,1
DA:11,1
DA:12,1
DA:13,1
DA:14,1
DA:15,1
DA:16,1
DA:17,1
DA:18,1
DA:19,1
DA:20,1
DA:21,1
DA:22,1
DA:23,1
DA:24,102
DA:25,102
DA:26,102
DA:27,102
DA:28,1
DA:29,1
DA:30,0
DA:31,0
DA:32,1
DA:33,1
DA:34,33629
DA:35,33629
DA:36,1
DA:37,1
DA:38,148
DA:39,148
DA:40,1
DA:41,1
DA:42,33333
DA:43,33333
DA:44,33333
DA:45,33333
DA:46,33333
DA:47,1
DA:48,1
DA:49,6961
DA:50,6961
DA:51,66397
DA:52,66397
DA:53,66397
DA:54,6961
DA:55,6961
DA:56,1
DA:57,1
DA:58,6587
DA:59,6587
DA:60,6587
DA:61,6587
DA:62,6587
DA:63,6587
DA:64,1
DA:65,1
DA:66,100080
DA:67,100080
DA:68,100080
DA:69,100080
DA:70,100080
DA:71,0
DA:72,0
DA:73,0
DA:74,100080
DA:75,1
DA:76,1
DA:77,0
DA:78,0
DA:79,0
DA:80,0
DA:81,0
DA:82,0
DA:83,0
DA:84,1
DA:85,1
DA:86,347
DA:87,347
DA:88,347
DA:89,347
DA:90,347
DA:91,1
DA:92,1
DA:93,133760
DA:94,0
DA:95,0
DA:96,133760
DA:97,1
LF:97
LH:83
BRDA:23,0,0,102
BRDA:33,1,0,33629
BRDA:37,2,0,148
BRDA:41,3,0,33333
BRDA:48,4,0,6961
BRDA:50,5,0,66397
BRDA:57,6,0,6587
BRDA:65,7,0,100080
BRDA:70,8,0,0
BRDA:85,9,0,347
BRDA:92,10,0,133760
BRDA:93,11,0,0
BRF:12
BRH:10
end_of_record
TN:
SF:src/classes/parseUtils.ts
FN:960,setAsmcodeValue
FN:969,setFlexcodeValue
FN:979,setOpcodeValue
FN:1023,SpinSymbolTables
FN:2766,getFlexcodeFromBytecode
FN:2783,dumpFlexCodeMap
FN:2794,enableLogging
FN:2799,logMessage
FN:2805,setLangaugeVersion
FN:2810,builtInSymbol
FN:2834,operatorSymbol
FN:2855,regressionInternalTableValuePairString
FN:2911,addPairsToResultStrings
FN:2919,addStringArPairsToResultStrings
FN:2926,regressionAcValuePairStrings
FN:2944,regressionFcValuePairStrings
FN:2962,regressionOpValuePairStrings
FN:2979,regressionFilterAndGetValue
FN:3010,regressionString
FN:3015,opcodeValue
FN:3028,asmcodeValue
FN:3040,flexValue
FNF:22
FNH:13
FNDA:109854,setAsmcodeValue
FNDA:18972,setFlexcodeValue
FNDA:20808,setOpcodeValue
FNDA:306,SpinSymbolTables
FNDA:420,getFlexcodeFromBytecode
FNDA:0,dumpFlexCodeMap
FNDA:102,enableLogging
FNDA:225273,logMessage
FNDA:347,setLangaugeVersion
FNDA:48973,builtInSymbol
FNDA:50510,operatorSymbol
FNDA:0,regressionInternalTableValuePairString
FNDA:0,addPairsToResultStrings
FNDA:0,addStringArPairsToResultStrings
FNDA:0,regressionAcValuePairStrings
FNDA:0,regressionFcValuePairStrings
FNDA:0,regressionOpValuePairStrings
FNDA:0,regressionFilterAndGetValue
FNDA:0,regressionString
FNDA:20308,opcodeValue
FNDA:98930,asmcodeValue
FNDA:20008,flexValue
DA:1,1
DA:2,1
DA:3,1
DA:4,1
DA:5,1
DA:6,1
DA:7,1
DA:8,1
DA:9,1
DA:10,1
DA:11,1
DA:12,1
DA:13,1
DA:14,1
DA:15,1
DA:16,1
DA:17,1
DA:18,1
DA:19,1
DA:20,1
DA:21,1
DA:22,1
DA:23,3
DA:24,3
DA:25,3
DA:26,3
DA:27,3
DA:28,3
DA:29,3
DA:30,3
DA:31,3
DA:32,3
DA:33,3
DA:34,3
DA:35,3
DA:36,3
DA:37,3
DA:38,3
DA:39,3
DA:40,3
DA:41,3
DA:42,3
DA:43,3
DA:44,3
DA:45,3
DA:46,3
DA:47,3
DA:48,3
DA:49,3
DA:50,3
DA:51,3
DA:52,3
DA:53,3
DA:54,3
DA:55,3
DA:56,3
DA:57,3
DA:58,3
DA:59,3
DA:60,3
DA:61,3
DA:62,3
DA:63,3
DA:64,3
DA:65,3
DA:66,3
DA:67,3
DA:68,3
DA:69,3
DA:70,3
DA:71,3
DA:72,3
DA:73,3
DA:74,3
DA:75,3
DA:76,3
DA:77,3
DA:78,3
DA:79,3
DA:80,3
DA:81,3
DA:82,3
DA:83,3
DA:84,3
DA:85,3
DA:86,3
DA:87,3
DA:88,3
DA:89,3
DA:90,3
DA:91,3
DA:92,3
DA:93,3
DA:94,3
DA:95,3
DA:96,3
DA:97,3
DA:98,3
DA:99,3
DA:100,3
DA:101,3
DA:102,3
DA:103,3
DA:104,3
DA:105,3
DA:106,3
DA:107,3
DA:108,3
DA:109,3
DA:110,3
DA:111,3
DA:112,3
DA:113,3
DA:114,3
DA:115,3
DA:116,3
DA:117,3
DA:118,3
DA:119,3
DA:120,3
DA:121,3
DA:122,3
DA:123,3
DA:124,3
DA:125,3
DA:126,3
DA:127,3
DA:128,3
DA:129,3
DA:130,3
DA:131,3
DA:132,3
DA:133,3
DA:134,3
DA:135,3
DA:136,3
DA:137,3
DA:138,3
DA:139,3
DA:140,3
DA:141,3
DA:142,3
DA:143,3
DA:144,3
DA:145,3
DA:146,3
DA:147,3
DA:148,3
DA:149,3
DA:150,3
DA:151,3
DA:152,3
DA:153,3
DA:154,3
DA:155,3
DA:156,3
DA:157,3
DA:158,3
DA:159,3
DA:160,3
DA:161,3
DA:162,3
DA:163,3
DA:164,3
DA:165,3
DA:166,3
DA:167,3
DA:168,3
DA:169,3
DA:170,3
DA:171,3
DA:172,3
DA:173,3
DA:174,3
DA:175,3
DA:176,3
DA:177,3
DA:178,3
DA:179,3
DA:180,3
DA:181,3
DA:182,3
DA:183,3
DA:184,3
DA:185,3
DA:186,3
DA:187,3
DA:188,3
DA:189,3
DA:190,3
DA:191,3
DA:192,3
DA:193,3
DA:194,3
DA:195,3
DA:196,3
DA:197,3
DA:198,3
DA:199,3
DA:200,3
DA:201,3
DA:202,3
DA:203,3
DA:204,3
DA:205,3
DA:206,3
DA:207,3
DA:208,3
DA:209,3
DA:210,3
DA:211,3
DA:212,3
DA:213,3
DA:214,3
DA:215,3
DA:216,3
DA:217,3
DA:218,3
DA:219,3
DA:220,3
DA:221,3
DA:222,3
DA:223,3
DA:224,3
DA:225,3
DA:226,3
DA:227,3
DA:228,3
DA:229,3
DA:230,3
DA:231,3
DA:232,3
DA:233,3
DA:234,3
DA:235,3
DA:236,3
DA:237,3
DA:238,3
DA:239,3
DA:240,3
DA:241,3
DA:242,3
DA:243,3
DA:244,3
DA:245,3
DA:246,3
DA:247,3
DA:248,3
DA:249,3
DA:250,3
DA:251,3
DA:252,3
DA:253,3
DA:254,3
DA:255,3
DA:256,3
DA:257,3
DA:258,3
DA:259,3
DA:260,3
DA:261,3
DA:262,3
DA:263,3
DA:264,3
DA:265,3
DA:266,3
DA:267,3
DA:268,3
DA:269,3
DA:270,3
DA:271,3
DA:272,3
DA:273,3
DA:274,3
DA:275,3
DA:276,3
DA:277,3
DA:278,3
DA:279,3
DA:280,3
DA:281,3
DA:282,3
DA:283,3
DA:284,3
DA:285,3
DA:286,3
DA:287,3
DA:288,3
DA:289,3
DA:290,3
DA:291,3
DA:292,3
DA:293,3
DA:294,3
DA:295,3
DA:296,3
DA:297,3
DA:298,3
DA:299,3
DA:300,3
DA:301,3
DA:302,3
DA:303,3
DA:304,3
DA:305,3
DA:306,3
DA:307,3
DA:308,3
DA:309,3
DA:310,3
DA:311,3
DA:312,3
DA:313,3
DA:314,3
DA:315,3
DA:316,3
DA:317,3
DA:318,3
DA:319,3
DA:320,3
DA:321,3
DA:322,3
DA:323,3
DA:324,3
DA:325,3
DA:326,3
DA:327,3
DA:328,3
DA:329,3
DA:330,3
DA:331,3
DA:332,3
DA:333,3
DA:334,3
DA:335,3
DA:336,3
DA:337,3
DA:338,3
DA:339,3
DA:340,3
DA:341,3
DA:342,3
DA:343,3
DA:344,3
DA:345,3
DA:346,3
DA:347,3
DA:348,3
DA:349,3
DA:350,3
DA:351,3
DA:352,3
DA:353,3
DA:354,3
DA:355,3
DA:356,3
DA:357,3
DA:358,3
DA:359,3
DA:360,3
DA:361,3
DA:362,3
DA:363,3
DA:364,3
DA:365,3
DA:366,3
DA:367,3
DA:368,3
DA:369,3
DA:370,3
DA:371,3
DA:372,3
DA:373,3
DA:374,3
DA:375,3
DA:376,3
DA:377,3
DA:378,3
DA:379,3
DA:380,3
DA:381,3
DA:382,3
DA:383,3
DA:384,3
DA:385,3
DA:386,3
DA:387,3
DA:388,3
DA:389,3
DA:390,3
DA:391,3
DA:392,3
DA:393,3
DA:394,3
DA:395,3
DA:396,3
DA:397,3
DA:398,3
DA:399,3
DA:400,3
DA:401,3
DA:402,3
DA:403,3
DA:404,3
DA:405,3
DA:406,3
DA:407,3
DA:408,3
DA:409,3
DA:410,3
DA:411,3
DA:412,3
DA:413,3
DA:414,3
DA:415,3
DA:416,3
DA:417,3
DA:418,3
DA:419,3
DA:420,3
DA:421,3
DA:422,3
DA:423,3
DA:424,3
DA:425,3
DA:426,3
DA:427,3
DA:428,3
DA:429,3
DA:430,3
DA:431,3
DA:432,3
DA:433,3
DA:434,3
DA:435,3
DA:436,3
DA:437,3
DA:438,3
DA:439,3
DA:440,3
DA:441,3
DA:442,3
DA:443,3
DA:444,3
DA:445,3
DA:446,3
DA:447,3
DA:448,3
DA:449,3
DA:450,3
DA:451,3
DA:452,3
DA:453,3
DA:454,3
DA:455,3
DA:456,3
DA:457,3
DA:458,3
DA:459,3
DA:460,3
DA:461,3
DA:462,3
DA:463,3
DA:464,3
DA:465,3
DA:466,3
DA:467,3
DA:468,3
DA:469,3
DA:470,3
DA:471,3
DA:472,3
DA:473,3
DA:474,3
DA:475,3
DA:476,3
DA:477,3
DA:478,3
DA:479,3
DA:480,3
DA:481,3
DA:482,3
DA:483,3
DA:484,3
DA:485,3
DA:486,3
DA:487,3
DA:488,3
DA:489,3
DA:490,3
DA:491,3
DA:492,3
DA:493,3
DA:494,3
DA:495,3
DA:496,3
DA:497,3
DA:498,3
DA:499,3
DA:500,3
DA:501,3
DA:502,3
DA:503,3
DA:504,3
DA:505,3
DA:506,3
DA:507,3
DA:508,3
DA:509,3
DA:510,3
DA:511,3
DA:512,3
DA:513,3
DA:514,3
DA:515,3
DA:516,3
DA:517,3
DA:518,3
DA:519,3
DA:520,3
DA:521,3
DA:522,3
DA:523,3
DA:524,3
DA:525,3
DA:526,3
DA:527,3
DA:528,3
DA:529,3
DA:530,3
DA:531,3
DA:532,3
DA:533,3
DA:534,3
DA:535,3
DA:536,3
DA:537,3
DA:538,3
DA:539,3
DA:540,3
DA:541,3
DA:542,3
DA:543,3
DA:544,3
DA:545,3
DA:546,3
DA:547,3
DA:548,3
DA:549,3
DA:550,3
DA:551,3
DA:552,3
DA:553,3
DA:554,3
DA:555,3
DA:556,3
DA:557,3
DA:558,3
DA:559,3
DA:560,3
DA:561,3
DA:562,3
DA:563,3
DA:564,3
DA:565,3
DA:566,3
DA:567,3
DA:568,3
DA:569,3
DA:570,3
DA:571,3
DA:572,3
DA:573,3
DA:574,3
DA:575,3
DA:576,3
DA:577,3
DA:578,3
DA:579,3
DA:580,3
DA:581,3
DA:582,3
DA:583,3
DA:584,3
DA:585,3
DA:586,3
DA:587,3
DA:588,3
DA:589,3
DA:590,3
DA:591,3
DA:592,3
DA:593,3
DA:594,3
DA:595,3
DA:596,3
DA:597,3
DA:598,3
DA:599,3
DA:600,3
DA:601,3
DA:602,3
DA:603,3
DA:604,3
DA:605,3
DA:606,3
DA:607,3
DA:608,3
DA:609,3
DA:610,3
DA:611,3
DA:612,3
DA:613,3
DA:614,3
DA:615,3
DA:616,3
DA:617,3
DA:618,3
DA:619,3
DA:620,3
DA:621,3
DA:622,3
DA:623,3
DA:624,3
DA:625,3
DA:626,3
DA:627,3
DA:628,3
DA:629,3
DA:630,3
DA:631,3
DA:632,3
DA:633,3
DA:634,3
DA:635,3
DA:636,3
DA:637,3
DA:638,3
DA:639,3
DA:640,3
DA:641,3
DA:642,3
DA:643,3
DA:644,3
DA:645,3
DA:646,3
DA:647,3
DA:648,3
DA:649,3
DA:650,3
DA:651,3
DA:652,3
DA:653,3
DA:654,3
DA:655,3
DA:656,3
DA:657,3
DA:658,3
DA:659,3
DA:660,3
DA:661,3
DA:662,3
DA:663,3
DA:664,3
DA:665,3
DA:666,3
DA:667,3
DA:668,3
DA:669,3
DA:670,3
DA:671,3
DA:672,3
DA:673,3
DA:674,3
DA:675,3
DA:676,3
DA:677,3
DA:678,3
DA:679,3
DA:680,3
DA:681,3
DA:682,3
DA:683,3
DA:684,3
DA:685,3
DA:686,3
DA:687,3
DA:688,3
DA:689,3
DA:690,3
DA:691,3
DA:692,3
DA:693,3
DA:694,3
DA:695,3
DA:696,3
DA:697,3
DA:698,3
DA:699,3
DA:700,3
DA:701,3
DA:702,3
DA:703,3
DA:704,3
DA:705,3
DA:706,3
DA:707,3
DA:708,3
DA:709,3
DA:710,3
DA:711,3
DA:712,3
DA:713,3
DA:714,3
DA:715,3
DA:716,3
DA:717,3
DA:718,3
DA:719,3
DA:720,3
DA:721,3
DA:722,3
DA:723,3
DA:724,3
DA:725,3
DA:726,3
DA:727,3
DA:728,3
DA:729,3
DA:730,3
DA:731,3
DA:732,3
DA:733,3
DA:734,3
DA:735,3
DA:736,3
DA:737,3
DA:738,3
DA:739,3
DA:740,3
DA:741,3
DA:742,3
DA:743,3
DA:744,3
DA:745,3
DA:746,3
DA:747,3
DA:748,3
DA:749,3
DA:750,3
DA:751,3
DA:752,3
DA:753,3
DA:754,3
DA:755,3
DA:756,3
DA:757,3
DA:758,3
DA:759,3
DA:760,3
DA:761,3
DA:762,3
DA:763,3
DA:764,3
DA:765,3
DA:766,3
DA:767,3
DA:768,3
DA:769,3
DA:770,3
DA:771,3
DA:772,3
DA:773,3
DA:774,3
DA:775,3
DA:776,3
DA:777,3
DA:778,3
DA:779,3
DA:780,3
DA:781,3
DA:782,3
DA:783,3
DA:784,3
DA:785,3
DA:786,3
DA:787,3
DA:788,3
DA:789,3
DA:790,3
DA:791,3
DA:792,3
DA:793,3
DA:794,3
DA:795,3
DA:796,3
DA:797,3
DA:798,3
DA:799,3
DA:800,3
DA:801,3
DA:802,3
DA:803,3
DA:804,3
DA:805,3
DA:806,3
DA:807,3
DA:808,3
DA:809,3
DA:810,3
DA:811,3
DA:812,3
DA:813,3
DA:814,3
DA:815,3
DA:816,3
DA:817,3
DA:818,3
DA:819,3
DA:820,3
DA:821,3
DA:822,3
DA:823,3
DA:824,3
DA:825,3
DA:826,3
DA:827,3
DA:828,3
DA:829,3
DA:830,3
DA:831,3
DA:832,3
DA:833,3
DA:834,3
DA:835,3
DA:836,3
DA:837,3
DA:838,3
DA:839,3
DA:840,3
DA:841,3
DA:842,3
DA:843,3
DA:844,3
DA:845,3
DA:846,3
DA:847,3
DA:848,3
DA:849,3
DA:850,3
DA:851,3
DA:852,3
DA:853,3
DA:854,3
DA:855,3
DA:856,3
DA:857,3
DA:858,3
DA:859,3
DA:860,3
DA:861,3
DA:862,3
DA:863,3
DA:864,3
DA:865,3
DA:866,3
DA:867,3
DA:868,3
DA:869,3
DA:870,3
DA:871,3
DA:872,3
DA:873,3
DA:874,3
DA:875,3
DA:876,3
DA:877,3
DA:878,3
DA:879,3
DA:880,3
DA:881,3
DA:882,3
DA:883,3
DA:884,3
DA:885,3
DA:886,3
DA:887,3
DA:888,3
DA:889,3
DA:890,3
DA:891,3
DA:892,3
DA:893,3
DA:894,3
DA:895,3
DA:896,3
DA:897,3
DA:898,3
DA:899,3
DA:900,3
DA:901,3
DA:902,3
DA:903,3
DA:904,3
DA:905,3
DA:906,3
DA:907,3
DA:908,3
DA:909,3
DA:910,3
DA:911,3
DA:912,3
DA:913,3
DA:914,3
DA:915,3
DA:916,3
DA:917,3
DA:918,3
DA:919,3
DA:920,3
DA:921,3
DA:922,3
DA:923,3
DA:924,3
DA:925,3
DA:926,3
DA:927,3
DA:928,3
DA:929,3
DA:930,3
DA:931,3
DA:932,3
DA:933,3
DA:934,3
DA:935,3
DA:936,3
DA:937,3
DA:938,3
DA:939,3
DA:940,3
DA:941,3
DA:942,3
DA:943,3
DA:944,3
DA:945,3
DA:946,3
DA:947,3
DA:948,3
DA:949,3
DA:950,3
DA:951,3
DA:952,3
DA:953,3
DA:954,3
DA:955,1
DA:956,3
DA:957,3
DA:958,3
DA:959,1
DA:960,109854
DA:961,109854
DA:962,109854
DA:963,109854
DA:964,109854
DA:965,109854
DA:966,109854
DA:967,109854
DA:968,1
DA:969,18972
DA:970,18972
DA:971,18972
DA:972,18972
DA:973,18972
DA:974,18972
DA:975,18972
DA:976,18972
DA:977,18972
DA:978,1
DA:979,20808
DA:980,20808
DA:981,20808
DA:982,20808
DA:983,20808
DA:984,20808
DA:985,20808
DA:986,20808
DA:987,20808
DA:988,20808
DA:989,20808
DA:990,20808
DA:991,20808
DA:992,20808
DA:993,20808
DA:994,20808
DA:995,20808
DA:996,20808
DA:997,20808
DA:998,20808
DA:999,1
DA:1000,1
DA:1001,1
DA:1002,1
DA:1003,1
DA:1004,1
DA:1005,1
DA:1006,1
DA:1007,1
DA:1008,1
DA:1009,1
DA:1010,1
DA:1011,1
DA:1012,1
DA:1013,1
DA:1014,1
DA:1015,1
DA:1016,1
DA:1017,1
DA:1018,1
DA:1019,1
DA:1020,1
DA:1021,1
DA:1022,1
DA:1023,1
DA:1024,306
DA:1025,306
DA:1026,306
DA:1027,306
DA:1028,306
DA:1029,306
DA:1030,306
DA:1031,306
DA:1032,306
DA:1033,306
DA:1034,306
DA:1035,306
DA:1036,306
DA:1037,306
DA:1038,306
DA:1039,306
DA:1040,306
DA:1041,306
DA:1042,306
DA:1043,306
DA:1044,306
DA:1045,306
DA:1046,306
DA:1047,306
DA:1048,306
DA:1049,306
DA:1050,306
DA:1051,306
DA:1052,306
DA:1053,306
DA:1054,306
DA:1055,306
DA:1056,306
DA:1057,306
DA:1058,306
DA:1059,306
DA:1060,306
DA:1061,306
DA:1062,306
DA:1063,306
DA:1064,306
DA:1065,306
DA:1066,306
DA:1067,306
DA:1068,306
DA:1069,306
DA:1070,306
DA:1071,306
DA:1072,306
DA:1073,306
DA:1074,306
DA:1075,306
DA:1076,306
DA:1077,306
DA:1078,306
DA:1079,306
DA:1080,306
DA:1081,306
DA:1082,306
DA:1083,306
DA:1084,306
DA:1085,306
DA:1086,306
DA:1087,306
DA:1088,306
DA:1089,306
DA:1090,306
DA:1091,306
DA:1092,306
DA:1093,306
DA:1094,306
DA:1095,306
DA:1096,306
DA:1097,306
DA:1098,306
DA:1099,306
DA:1100,306
DA:1101,306
DA:1102,306
DA:1103,306
DA:1104,306
DA:1105,306
DA:1106,306
DA:1107,306
DA:1108,306
DA:1109,306
DA:1110,306
DA:1111,306
DA:1112,306
DA:1113,306
DA:1114,306
DA:1115,306
DA:1116,306
DA:1117,306
DA:1118,306
DA:1119,306
DA:1120,306
DA:1121,306
DA:1122,306
DA:1123,306
DA:1124,306
DA:1125,306
DA:1126,306
DA:1127,306
DA:1128,306
DA:1129,306
DA:1130,306
DA:1131,306
DA:1132,306
DA:1133,306
DA:1134,306
DA:1135,306
DA:1136,306
DA:1137,306
DA:1138,306
DA:1139,306
DA:1140,306
DA:1141,306
DA:1142,306
DA:1143,306
DA:1144,306
DA:1145,306
DA:1146,306
DA:1147,306
DA:1148,306
DA:1149,306
DA:1150,306
DA:1151,306
DA:1152,306
DA:1153,306
DA:1154,306
DA:1155,306
DA:1156,306
DA:1157,306
DA:1158,306
DA:1159,306
DA:1160,306
DA:1161,306
DA:1162,306
DA:1163,306
DA:1164,306
DA:1165,306
DA:1166,306
DA:1167,306
DA:1168,306
DA:1169,306
DA:1170,306
DA:1171,306
DA:1172,306
DA:1173,306
DA:1174,306
DA:1175,306
DA:1176,306
DA:1177,306
DA:1178,306
DA:1179,306
DA:1180,306
DA:1181,306
DA:1182,306
DA:1183,306
DA:1184,306
DA:1185,306
DA:1186,306
DA:1187,306
DA:1188,306
DA:1189,306
DA:1190,306
DA:1191,306
DA:1192,306
DA:1193,306
DA:1194,306
DA:1195,306
DA:1196,306
DA:1197,306
DA:1198,306
DA:1199,306
DA:1200,306
DA:1201,306
DA:1202,306
DA:1203,306
DA:1204,306
DA:1205,306
DA:1206,306
DA:1207,306
DA:1208,306
DA:1209,306
DA:1210,306
DA:1211,306
DA:1212,306
DA:1213,306
DA:1214,306
DA:1215,306
DA:1216,306
DA:1217,306
DA:1218,306
DA:1219,306
DA:1220,306
DA:1221,306
DA:1222,306
DA:1223,306
DA:1224,306
DA:1225,306
DA:1226,306
DA:1227,306
DA:1228,306
DA:1229,306
DA:1230,306
DA:1231,306
DA:1232,306
DA:1233,306
DA:1234,306
DA:1235,306
DA:1236,306
DA:1237,306
DA:1238,306
DA:1239,306
DA:1240,306
DA:1241,306
DA:1242,306
DA:1243,306
DA:1244,306
DA:1245,306
DA:1246,306
DA:1247,306
DA:1248,306
DA:1249,306
DA:1250,306
DA:1251,306
DA:1252,306
DA:1253,306
DA:1254,306
DA:1255,306
DA:1256,306
DA:1257,306
DA:1258,306
DA:1259,306
DA:1260,306
DA:1261,306
DA:1262,306
DA:1263,306
DA:1264,306
DA:1265,306
DA:1266,306
DA:1267,306
DA:1268,306
DA:1269,306
DA:1270,306
DA:1271,306
DA:1272,306
DA:1273,306
DA:1274,306
DA:1275,306
DA:1276,306
DA:1277,306
DA:1278,306
DA:1279,306
DA:1280,306
DA:1281,306
DA:1282,306
DA:1283,306
DA:1284,306
DA:1285,306
DA:1286,306
DA:1287,306
DA:1288,306
DA:1289,306
DA:1290,306
DA:1291,306
DA:1292,306
DA:1293,306
DA:1294,306
DA:1295,306
DA:1296,306
DA:1297,306
DA:1298,306
DA:1299,306
DA:1300,306
DA:1301,306
DA:1302,306
DA:1303,306
DA:1304,306
DA:1305,306
DA:1306,306
DA:1307,306
DA:1308,306
DA:1309,306
DA:1310,306
DA:1311,306
DA:1312,306
DA:1313,306
DA:1314,306
DA:1315,306
DA:1316,306
DA:1317,306
DA:1318,306
DA:1319,306
DA:1320,306
DA:1321,306
DA:1322,306
DA:1323,306
DA:1324,306
DA:1325,306
DA:1326,306
DA:1327,306
DA:1328,306
DA:1329,306
DA:1330,306
DA:1331,306
DA:1332,306
DA:1333,306
DA:1334,306
DA:1335,306
DA:1336,306
DA:1337,306
DA:1338,306
DA:1339,306
DA:1340,306
DA:1341,306
DA:1342,306
DA:1343,306
DA:1344,306
DA:1345,306
DA:1346,306
DA:1347,306
DA:1348,306
DA:1349,306
DA:1350,306
DA:1351,306
DA:1352,306
DA:1353,306
DA:1354,306
DA:1355,306
DA:1356,306
DA:1357,306
DA:1358,306
DA:1359,306
DA:1360,306
DA:1361,306
DA:1362,306
DA:1363,306
DA:1364,306
DA:1365,306
DA:1366,306
DA:1367,306
DA:1368,306
DA:1369,306
DA:1370,306
DA:1371,306
DA:1372,306
DA:1373,306
DA:1374,306
DA:1375,306
DA:1376,306
DA:1377,306
DA:1378,306
DA:1379,306
DA:1380,306
DA:1381,306
DA:1382,306
DA:1383,306
DA:1384,306
DA:1385,306
DA:1386,306
DA:1387,306
DA:1388,306
DA:1389,306
DA:1390,306
DA:1391,306
DA:1392,306
DA:1393,306
DA:1394,306
DA:1395,306
DA:1396,306
DA:1397,306
DA:1398,306
DA:1399,306
DA:1400,306
DA:1401,306
DA:1402,306
DA:1403,306
DA:1404,306
DA:1405,306
DA:1406,306
DA:1407,306
DA:1408,306
DA:1409,306
DA:1410,306
DA:1411,306
DA:1412,306
DA:1413,306
DA:1414,306
DA:1415,306
DA:1416,306
DA:1417,306
DA:1418,306
DA:1419,306
DA:1420,306
DA:1421,306
DA:1422,306
DA:1423,306
DA:1424,306
DA:1425,306
DA:1426,306
DA:1427,306
DA:1428,306
DA:1429,306
DA:1430,306
DA:1431,306
DA:1432,306
DA:1433,306
DA:1434,306
DA:1435,306
DA:1436,306
DA:1437,306
DA:1438,306
DA:1439,306
DA:1440,306
DA:1441,306
DA:1442,306
DA:1443,306
DA:1444,306
DA:1445,306
DA:1446,306
DA:1447,306
DA:1448,306
DA:1449,306
DA:1450,306
DA:1451,306
DA:1452,306
DA:1453,306
DA:1454,306
DA:1455,306
DA:1456,306
DA:1457,306
DA:1458,306
DA:1459,306
DA:1460,306
DA:1461,306
DA:1462,306
DA:1463,306
DA:1464,306
DA:1465,306
DA:1466,306
DA:1467,306
DA:1468,306
DA:1469,306
DA:1470,306
DA:1471,306
DA:1472,306
DA:1473,306
DA:1474,306
DA:1475,306
DA:1476,306
DA:1477,306
DA:1478,306
DA:1479,306
DA:1480,306
DA:1481,306
DA:1482,306
DA:1483,306
DA:1484,306
DA:1485,306
DA:1486,306
DA:1487,306
DA:1488,306
DA:1489,306
DA:1490,306
DA:1491,306
DA:1492,306
DA:1493,306
DA:1494,306
DA:1495,306
DA:1496,306
DA:1497,306
DA:1498,306
DA:1499,306
DA:1500,306
DA:1501,306
DA:1502,306
DA:1503,306
DA:1504,306
DA:1505,306
DA:1506,306
DA:1507,306
DA:1508,306
DA:1509,306
DA:1510,306
DA:1511,306
DA:1512,306
DA:1513,306
DA:1514,306
DA:1515,306
DA:1516,306
DA:1517,306
DA:1518,306
DA:1519,306
DA:1520,306
DA:1521,306
DA:1522,306
DA:1523,306
DA:1524,306
DA:1525,306
DA:1526,306
DA:1527,306
DA:1528,306
DA:1529,306
DA:1530,306
DA:1531,306
DA:1532,306
DA:1533,306
DA:1534,306
DA:1535,306
DA:1536,306
DA:1537,306
DA:1538,306
DA:1539,306
DA:1540,306
DA:1541,306
DA:1542,306
DA:1543,306
DA:1544,306
DA:1545,306
DA:1546,306
DA:1547,306
DA:1548,306
DA:1549,306
DA:1550,306
DA:1551,306
DA:1552,306
DA:1553,306
DA:1554,306
DA:1555,306
DA:1556,306
DA:1557,306
DA:1558,306
DA:1559,306
DA:1560,306
DA:1561,306
DA:1562,306
DA:1563,306
DA:1564,306
DA:1565,306
DA:1566,306
DA:1567,306
DA:1568,306
DA:1569,306
DA:1570,306
DA:1571,306
DA:1572,306
DA:1573,306
DA:1574,306
DA:1575,306
DA:1576,306
DA:1577,306
DA:1578,306
DA:1579,306
DA:1580,306
DA:1581,306
DA:1582,306
DA:1583,306
DA:1584,306
DA:1585,306
DA:1586,306
DA:1587,306
DA:1588,306
DA:1589,306
DA:1590,306
DA:1591,306
DA:1592,306
DA:1593,306
DA:1594,306
DA:1595,306
DA:1596,306
DA:1597,306
DA:1598,306
DA:1599,306
DA:1600,306
DA:1601,306
DA:1602,306
DA:1603,306
DA:1604,306
DA:1605,306
DA:1606,306
DA:1607,306
DA:1608,306
DA:1609,306
DA:1610,306
DA:1611,306
DA:1612,306
DA:1613,306
DA:1614,306
DA:1615,306
DA:1616,306
DA:1617,306
DA:1618,306
DA:1619,306
DA:1620,306
DA:1621,306
DA:1622,306
DA:1623,306
DA:1624,306
DA:1625,306
DA:1626,306
DA:1627,306
DA:1628,306
DA:1629,306
DA:1630,306
DA:1631,306
DA:1632,306
DA:1633,306
DA:1634,306
DA:1635,306
DA:1636,306
DA:1637,306
DA:1638,306
DA:1639,306
DA:1640,306
DA:1641,306
DA:1642,306
DA:1643,306
DA:1644,306
DA:1645,306
DA:1646,306
DA:1647,306
DA:1648,306
DA:1649,306
DA:1650,306
DA:1651,306
DA:1652,306
DA:1653,306
DA:1654,306
DA:1655,306
DA:1656,306
DA:1657,306
DA:1658,306
DA:1659,306
DA:1660,306
DA:1661,306
DA:1662,306
DA:1663,306
DA:1664,306
DA:1665,306
DA:1666,306
DA:1667,306
DA:1668,306
DA:1669,306
DA:1670,306
DA:1671,306
DA:1672,306
DA:1673,306
DA:1674,306
DA:1675,306
DA:1676,306
DA:1677,306
DA:1678,306
DA:1679,306
DA:1680,306
DA:1681,306
DA:1682,306
DA:1683,306
DA:1684,306
DA:1685,306
DA:1686,306
DA:1687,306
DA:1688,306
DA:1689,306
DA:1690,306
DA:1691,306
DA:1692,306
DA:1693,306
DA:1694,306
DA:1695,306
DA:1696,306
DA:1697,306
DA:1698,306
DA:1699,306
DA:1700,306
DA:1701,306
DA:1702,306
DA:1703,306
DA:1704,306
DA:1705,306
DA:1706,306
DA:1707,306
DA:1708,306
DA:1709,306
DA:1710,306
DA:1711,306
DA:1712,306
DA:1713,306
DA:1714,306
DA:1715,306
DA:1716,306
DA:1717,306
DA:1718,306
DA:1719,306
DA:1720,306
DA:1721,306
DA:1722,306
DA:1723,306
DA:1724,306
DA:1725,306
DA:1726,306
DA:1727,306
DA:1728,306
DA:1729,306
DA:1730,306
DA:1731,306
DA:1732,306
DA:1733,306
DA:1734,306
DA:1735,306
DA:1736,306
DA:1737,306
DA:1738,306
DA:1739,306
DA:1740,306
DA:1741,306
DA:1742,306
DA:1743,306
DA:1744,306
DA:1745,306
DA:1746,306
DA:1747,306
DA:1748,306
DA:1749,306
DA:1750,306
DA:1751,306
DA:1752,306
DA:1753,306
DA:1754,306
DA:1755,306
DA:1756,306
DA:1757,306
DA:1758,306
DA:1759,306
DA:1760,306
DA:1761,306
DA:1762,306
DA:1763,306
DA:1764,306
DA:1765,306
DA:1766,306
DA:1767,306
DA:1768,306
DA:1769,306
DA:1770,306
DA:1771,306
DA:1772,306
DA:1773,306
DA:1774,306
DA:1775,306
DA:1776,306
DA:1777,306
DA:1778,306
DA:1779,306
DA:1780,306
DA:1781,306
DA:1782,306
DA:1783,306
DA:1784,306
DA:1785,306
DA:1786,306
DA:1787,306
DA:1788,306
DA:1789,306
DA:1790,306
DA:1791,306
DA:1792,306
DA:1793,306
DA:1794,306
DA:1795,306
DA:1796,306
DA:1797,306
DA:1798,306
DA:1799,306
DA:1800,306
DA:1801,306
DA:1802,306
DA:1803,306
DA:1804,306
DA:1805,306
DA:1806,306
DA:1807,306
DA:1808,306
DA:1809,306
DA:1810,306
DA:1811,306
DA:1812,306
DA:1813,306
DA:1814,306
DA:1815,306
DA:1816,306
DA:1817,306
DA:1818,306
DA:1819,306
DA:1820,306
DA:1821,306
DA:1822,306
DA:1823,306
DA:1824,306
DA:1825,306
DA:1826,306
DA:1827,306
DA:1828,306
DA:1829,306
DA:1830,306
DA:1831,306
DA:1832,306
DA:1833,306
DA:1834,306
DA:1835,306
DA:1836,306
DA:1837,306
DA:1838,306
DA:1839,306
DA:1840,306
DA:1841,306
DA:1842,306
DA:1843,306
DA:1844,306
DA:1845,306
DA:1846,306
DA:1847,306
DA:1848,306
DA:1849,306
DA:1850,306
DA:1851,306
DA:1852,306
DA:1853,306
DA:1854,306
DA:1855,306
DA:1856,306
DA:1857,306
DA:1858,306
DA:1859,306
DA:1860,306
DA:1861,306
DA:1862,306
DA:1863,306
DA:1864,306
DA:1865,306
DA:1866,306
DA:1867,306
DA:1868,306
DA:1869,306
DA:1870,306
DA:1871,306
DA:1872,306
DA:1873,306
DA:1874,306
DA:1875,306
DA:1876,306
DA:1877,306
DA:1878,306
DA:1879,306
DA:1880,306
DA:1881,306
DA:1882,306
DA:1883,306
DA:1884,306
DA:1885,306
DA:1886,306
DA:1887,306
DA:1888,306
DA:1889,306
DA:1890,306
DA:1891,306
DA:1892,306
DA:1893,306
DA:1894,306
DA:1895,306
DA:1896,306
DA:1897,306
DA:1898,306
DA:1899,306
DA:1900,306
DA:1901,306
DA:1902,306
DA:1903,306
DA:1904,306
DA:1905,306
DA:1906,306
DA:1907,306
DA:1908,306
DA:1909,306
DA:1910,306
DA:1911,306
DA:1912,306
DA:1913,306
DA:1914,306
DA:1915,306
DA:1916,306
DA:1917,306
DA:1918,306
DA:1919,306
DA:1920,306
DA:1921,306
DA:1922,306
DA:1923,306
DA:1924,306
DA:1925,306
DA:1926,306
DA:1927,306
DA:1928,306
DA:1929,306
DA:1930,306
DA:1931,306
DA:1932,306
DA:1933,306
DA:1934,306
DA:1935,306
DA:1936,306
DA:1937,306
DA:1938,306
DA:1939,306
DA:1940,306
DA:1941,306
DA:1942,306
DA:1943,306
DA:1944,306
DA:1945,306
DA:1946,306
DA:1947,306
DA:1948,306
DA:1949,306
DA:1950,306
DA:1951,306
DA:1952,306
DA:1953,306
DA:1954,306
DA:1955,306
DA:1956,306
DA:1957,306
DA:1958,306
DA:1959,306
DA:1960,306
DA:1961,306
DA:1962,306
DA:1963,306
DA:1964,306
DA:1965,306
DA:1966,306
DA:1967,306
DA:1968,306
DA:1969,306
DA:1970,306
DA:1971,306
DA:1972,306
DA:1973,306
DA:1974,306
DA:1975,306
DA:1976,306
DA:1977,306
DA:1978,306
DA:1979,306
DA:1980,306
DA:1981,306
DA:1982,306
DA:1983,306
DA:1984,306
DA:1985,306
DA:1986,306
DA:1987,306
DA:1988,306
DA:1989,306
DA:1990,306
DA:1991,306
DA:1992,306
DA:1993,306
DA:1994,306
DA:1995,306
DA:1996,306
DA:1997,306
DA:1998,306
DA:1999,306
DA:2000,306
DA:2001,306
DA:2002,306
DA:2003,306
DA:2004,306
DA:2005,306
DA:2006,306
DA:2007,306
DA:2008,306
DA:2009,306
DA:2010,306
DA:2011,306
DA:2012,306
DA:2013,306
DA:2014,306
DA:2015,306
DA:2016,306
DA:2017,306
DA:2018,306
DA:2019,306
DA:2020,306
DA:2021,306
DA:2022,306
DA:2023,306
DA:2024,306
DA:2025,306
DA:2026,306
DA:2027,306
DA:2028,306
DA:2029,306
DA:2030,306
DA:2031,306
DA:2032,306
DA:2033,306
DA:2034,306
DA:2035,306
DA:2036,306
DA:2037,306
DA:2038,306
DA:2039,306
DA:2040,306
DA:2041,306
DA:2042,306
DA:2043,306
DA:2044,306
DA:2045,306
DA:2046,306
DA:2047,306
DA:2048,306
DA:2049,306
DA:2050,306
DA:2051,306
DA:2052,306
DA:2053,306
DA:2054,306
DA:2055,306
DA:2056,306
DA:2057,306
DA:2058,306
DA:2059,306
DA:2060,306
DA:2061,306
DA:2062,306
DA:2063,306
DA:2064,306
DA:2065,306
DA:2066,306
DA:2067,306
DA:2068,306
DA:2069,306
DA:2070,306
DA:2071,306
DA:2072,306
DA:2073,306
DA:2074,306
DA:2075,306
DA:2076,306
DA:2077,306
DA:2078,306
DA:2079,306
DA:2080,306
DA:2081,306
DA:2082,306
DA:2083,306
DA:2084,306
DA:2085,306
DA:2086,306
DA:2087,306
DA:2088,306
DA:2089,306
DA:2090,306
DA:2091,306
DA:2092,306
DA:2093,306
DA:2094,306
DA:2095,306
DA:2096,306
DA:2097,306
DA:2098,306
DA:2099,306
DA:2100,306
DA:2101,306
DA:2102,306
DA:2103,306
DA:2104,306
DA:2105,306
DA:2106,306
DA:2107,306
DA:2108,306
DA:2109,306
DA:2110,306
DA:2111,306
DA:2112,306
DA:2113,306
DA:2114,306
DA:2115,306
DA:2116,306
DA:2117,306
DA:2118,306
DA:2119,306
DA:2120,306
DA:2121,306
DA:2122,306
DA:2123,306
DA:2124,306
DA:2125,306
DA:2126,306
DA:2127,306
DA:2128,306
DA:2129,306
DA:2130,306
DA:2131,306
DA:2132,306
DA:2133,306
DA:2134,306
DA:2135,306
DA:2136,306
DA:2137,306
DA:2138,306
DA:2139,306
DA:2140,306
DA:2141,306
DA:2142,306
DA:2143,306
DA:2144,306
DA:2145,306
DA:2146,306
DA:2147,306
DA:2148,306
DA:2149,306
DA:2150,306
DA:2151,306
DA:2152,306
DA:2153,306
DA:2154,306
DA:2155,306
DA:2156,306
DA:2157,306
DA:2158,306
DA:2159,306
DA:2160,306
DA:2161,306
DA:2162,306
DA:2163,306
DA:2164,306
DA:2165,306
DA:2166,306
DA:2167,306
DA:2168,306
DA:2169,306
DA:2170,306
DA:2171,306
DA:2172,306
DA:2173,306
DA:2174,306
DA:2175,306
DA:2176,306
DA:2177,306
DA:2178,306
DA:2179,306
DA:2180,306
DA:2181,306
DA:2182,306
DA:2183,306
DA:2184,306
DA:2185,306
DA:2186,306
DA:2187,306
DA:2188,306
DA:2189,306
DA:2190,306
DA:2191,306
DA:2192,306
DA:2193,306
DA:2194,306
DA:2195,306
DA:2196,306
DA:2197,306
DA:2198,306
DA:2199,306
DA:2200,306
DA:2201,306
DA:2202,306
DA:2203,306
DA:2204,306
DA:2205,306
DA:2206,306
DA:2207,306
DA:2208,306
DA:2209,306
DA:2210,306
DA:2211,306
DA:2212,306
DA:2213,306
DA:2214,306
DA:2215,306
DA:2216,306
DA:2217,306
DA:2218,306
DA:2219,306
DA:2220,306
DA:2221,306
DA:2222,306
DA:2223,306
DA:2224,306
DA:2225,306
DA:2226,306
DA:2227,306
DA:2228,306
DA:2229,306
DA:2230,306
DA:2231,306
DA:2232,306
DA:2233,306
DA:2234,306
DA:2235,306
DA:2236,306
DA:2237,306
DA:2238,306
DA:2239,306
DA:2240,306
DA:2241,306
DA:2242,306
DA:2243,306
DA:2244,306
DA:2245,306
DA:2246,306
DA:2247,306
DA:2248,306
DA:2249,306
DA:2250,306
DA:2251,306
DA:2252,306
DA:2253,306
DA:2254,306
DA:2255,306
DA:2256,306
DA:2257,306
DA:2258,306
DA:2259,306
DA:2260,306
DA:2261,306
DA:2262,306
DA:2263,306
DA:2264,306
DA:2265,306
DA:2266,306
DA:2267,306
DA:2268,306
DA:2269,306
DA:2270,306
DA:2271,306
DA:2272,306
DA:2273,306
DA:2274,306
DA:2275,306
DA:2276,306
DA:2277,306
DA:2278,306
DA:2279,306
DA:2280,306
DA:2281,306
DA:2282,306
DA:2283,306
DA:2284,306
DA:2285,306
DA:2286,306
DA:2287,306
DA:2288,306
DA:2289,306
DA:2290,306
DA:2291,306
DA:2292,306
DA:2293,306
DA:2294,306
DA:2295,306
DA:2296,306
DA:2297,306
DA:2298,306
DA:2299,306
DA:2300,306
DA:2301,306
DA:2302,306
DA:2303,306
DA:2304,306
DA:2305,306
DA:2306,306
DA:2307,306
DA:2308,306
DA:2309,306
DA:2310,306
DA:2311,306
DA:2312,306
DA:2313,306
DA:2314,306
DA:2315,306
DA:2316,306
DA:2317,306
DA:2318,306
DA:2319,306
DA:2320,306
DA:2321,306
DA:2322,306
DA:2323,306
DA:2324,306
DA:2325,306
DA:2326,306
DA:2327,306
DA:2328,306
DA:2329,306
DA:2330,306
DA:2331,306
DA:2332,306
DA:2333,306
DA:2334,306
DA:2335,306
DA:2336,306
DA:2337,306
DA:2338,306
DA:2339,306
DA:2340,306
DA:2341,306
DA:2342,306
DA:2343,306
DA:2344,306
DA:2345,306
DA:2346,306
DA:2347,306
DA:2348,306
DA:2349,306
DA:2350,306
DA:2351,306
DA:2352,306
DA:2353,306
DA:2354,306
DA:2355,306
DA:2356,306
DA:2357,306
DA:2358,306
DA:2359,306
DA:2360,306
DA:2361,306
DA:2362,306
DA:2363,306
DA:2364,306
DA:2365,306
DA:2366,306
DA:2367,306
DA:2368,306
DA:2369,306
DA:2370,306
DA:2371,306
DA:2372,306
DA:2373,306
DA:2374,306
DA:2375,306
DA:2376,306
DA:2377,306
DA:2378,306
DA:2379,306
DA:2380,306
DA:2381,306
DA:2382,306
DA:2383,306
DA:2384,306
DA:2385,306
DA:2386,306
DA:2387,306
DA:2388,306
DA:2389,306
DA:2390,306
DA:2391,306
DA:2392,306
DA:2393,306
DA:2394,306
DA:2395,306
DA:2396,306
DA:2397,306
DA:2398,306
DA:2399,306
DA:2400,306
DA:2401,306
DA:2402,306
DA:2403,306
DA:2404,306
DA:2405,306
DA:2406,306
DA:2407,306
DA:2408,306
DA:2409,306
DA:2410,306
DA:2411,306
DA:2412,306
DA:2413,306
DA:2414,306
DA:2415,306
DA:2416,306
DA:2417,306
DA:2418,306
DA:2419,306
DA:2420,306
DA:2421,306
DA:2422,306
DA:2423,306
DA:2424,306
DA:2425,306
DA:2426,306
DA:2427,306
DA:2428,306
DA:2429,306
DA:2430,306
DA:2431,306
DA:2432,306
DA:2433,306
DA:2434,306
DA:2435,306
DA:2436,306
DA:2437,306
DA:2438,306
DA:2439,306
DA:2440,306
DA:2441,306
DA:2442,306
DA:2443,306
DA:2444,306
DA:2445,306
DA:2446,306
DA:2447,306
DA:2448,306
DA:2449,306
DA:2450,306
DA:2451,306
DA:2452,306
DA:2453,306
DA:2454,306
DA:2455,306
DA:2456,306
DA:2457,306
DA:2458,306
DA:2459,306
DA:2460,306
DA:2461,306
DA:2462,306
DA:2463,306
DA:2464,306
DA:2465,306
DA:2466,306
DA:2467,306
DA:2468,306
DA:2469,306
DA:2470,306
DA:2471,306
DA:2472,306
DA:2473,306
DA:2474,306
DA:2475,306
DA:2476,306
DA:2477,306
DA:2478,306
DA:2479,306
DA:2480,306
DA:2481,306
DA:2482,306
DA:2483,306
DA:2484,306
DA:2485,306
DA:2486,306
DA:2487,306
DA:2488,306
DA:2489,306
DA:2490,306
DA:2491,306
DA:2492,306
DA:2493,306
DA:2494,306
DA:2495,306
DA:2496,306
DA:2497,306
DA:2498,306
DA:2499,306
DA:2500,306
DA:2501,306
DA:2502,306
DA:2503,306
DA:2504,306
DA:2505,306
DA:2506,306
DA:2507,306
DA:2508,306
DA:2509,306
DA:2510,306
DA:2511,306
DA:2512,306
DA:2513,306
DA:2514,306
DA:2515,306
DA:2516,306
DA:2517,306
DA:2518,306
DA:2519,306
DA:2520,306
DA:2521,306
DA:2522,306
DA:2523,306
DA:2524,306
DA:2525,306
DA:2526,306
DA:2527,306
DA:2528,306
DA:2529,306
DA:2530,306
DA:2531,306
DA:2532,306
DA:2533,306
DA:2534,306
DA:2535,306
DA:2536,306
DA:2537,306
DA:2538,306
DA:2539,306
DA:2540,306
DA:2541,306
DA:2542,306
DA:2543,306
DA:2544,306
DA:2545,306
DA:2546,306
DA:2547,306
DA:2548,306
DA:2549,306
DA:2550,306
DA:2551,306
DA:2552,306
DA:2553,306
DA:2554,306
DA:2555,306
DA:2556,306
DA:2557,306
DA:2558,306
DA:2559,306
DA:2560,306
DA:2561,306
DA:2562,306
DA:2563,306
DA:2564,306
DA:2565,306
DA:2566,306
DA:2567,306
DA:2568,306
DA:2569,306
DA:2570,306
DA:2571,306
DA:2572,306
DA:2573,306
DA:2574,306
DA:2575,306
DA:2576,306
DA:2577,306
DA:2578,306
DA:2579,306
DA:2580,306
DA:2581,306
DA:2582,306
DA:2583,306
DA:2584,306
DA:2585,306
DA:2586,306
DA:2587,306
DA:2588,306
DA:2589,306
DA:2590,306
DA:2591,306
DA:2592,306
DA:2593,306
DA:2594,306
DA:2595,306
DA:2596,306
DA:2597,306
DA:2598,306
DA:2599,306
DA:2600,306
DA:2601,306
DA:2602,306
DA:2603,306
DA:2604,306
DA:2605,306
DA:2606,306
DA:2607,306
DA:2608,306
DA:2609,306
DA:2610,306
DA:2611,306
DA:2612,306
DA:2613,306
DA:2614,306
DA:2615,306
DA:2616,306
DA:2617,306
DA:2618,306
DA:2619,306
DA:2620,306
DA:2621,306
DA:2622,306
DA:2623,306
DA:2624,306
DA:2625,306
DA:2626,306
DA:2627,306
DA:2628,306
DA:2629,306
DA:2630,306
DA:2631,306
DA:2632,306
DA:2633,306
DA:2634,306
DA:2635,306
DA:2636,306
DA:2637,306
DA:2638,306
DA:2639,306
DA:2640,306
DA:2641,306
DA:2642,306
DA:2643,306
DA:2644,306
DA:2645,306
DA:2646,306
DA:2647,306
DA:2648,306
DA:2649,306
DA:2650,306
DA:2651,306
DA:2652,306
DA:2653,306
DA:2654,306
DA:2655,306
DA:2656,306
DA:2657,306
DA:2658,306
DA:2659,306
DA:2660,306
DA:2661,306
DA:2662,306
DA:2663,306
DA:2664,306
DA:2665,306
DA:2666,306
DA:2667,306
DA:2668,306
DA:2669,306
DA:2670,306
DA:2671,306
DA:2672,306
DA:2673,306
DA:2674,306
DA:2675,306
DA:2676,306
DA:2677,306
DA:2678,306
DA:2679,306
DA:2680,306
DA:2681,306
DA:2682,306
DA:2683,306
DA:2684,306
DA:2685,306
DA:2686,306
DA:2687,306
DA:2688,306
DA:2689,306
DA:2690,306
DA:2691,306
DA:2692,306
DA:2693,306
DA:2694,306
DA:2695,306
DA:2696,306
DA:2697,306
DA:2698,306
DA:2699,306
DA:2700,306
DA:2701,306
DA:2702,306
DA:2703,306
DA:2704,306
DA:2705,306
DA:2706,306
DA:2707,306
DA:2708,306
DA:2709,306
DA:2710,306
DA:2711,306
DA:2712,306
DA:2713,306
DA:2714,306
DA:2715,306
DA:2716,306
DA:2717,306
DA:2718,306
DA:2719,306
DA:2720,306
DA:2721,306
DA:2722,306
DA:2723,306
DA:2724,306
DA:2725,306
DA:2726,306
DA:2727,306
DA:2728,306
DA:2729,306
DA:2730,306
DA:2731,306
DA:2732,306
DA:2733,306
DA:2734,306
DA:2735,306
DA:2736,306
DA:2737,306
DA:2738,306
DA:2739,306
DA:2740,306
DA:2741,306
DA:2742,306
DA:2743,306
DA:2744,306
DA:2745,306
DA:2746,306
DA:2747,306
DA:2748,306
DA:2749,306
DA:2750,306
DA:2751,306
DA:2752,306
DA:2753,306
DA:2754,306
DA:2755,306
DA:2756,306
DA:2757,306
DA:2758,306
DA:2759,306
DA:2760,18972
DA:2761,18972
DA:2762,18972
DA:2763,306
DA:2764,1
DA:2765,1
DA:2766,1
DA:2767,420
DA:2768,420
DA:2769,420
DA:2770,420
DA:2771,420
DA:2772,420
DA:2773,420
DA:2774,420
DA:2775,0
DA:2776,0
DA:2777,0
DA:2778,0
DA:2779,420
DA:2780,420
DA:2781,420
DA:2782,1
DA:2783,1
DA:2784,0
DA:2785,0
DA:2786,0
DA:2787,0
DA:2788,0
DA:2789,0
DA:2790,0
DA:2791,0
DA:2792,0
DA:2793,1
DA:2794,1
DA:2795,102
DA:2796,102
DA:2797,102
DA:2798,1
DA:2799,1
DA:2800,225273
DA:2801,0
DA:2802,0
DA:2803,225273
DA:2804,1
DA:2805,1
DA:2806,347
DA:2807,347
DA:2808,347
DA:2809,1
DA:2810,1
DA:2811,48973
DA:2812,48973
DA:2813,48973
DA:2814,759
DA:2815,2
DA:2816,2
DA:2817,2
DA:2818,2
DA:2819,2
DA:2820,2
DA:2821,759
DA:2822,48973
DA:2823,48973
DA:2824,48973
DA:2825,18168
DA:2826,18168
DA:2827,18168
DA:2828,18168
DA:2829,18168
DA:2830,18168
DA:2831,48973
DA:2832,48973
DA:2833,1
DA:2834,1
DA:2835,50510
DA:2836,50510
DA:2837,50510
DA:2838,50510
DA:2839,47108
DA:2840,47108
DA:2841,47108
DA:2842,50510
DA:2843,48802
DA:2844,48802
DA:2845,48802
DA:2846,48802
DA:2847,50510
DA:2848,39608
DA:2849,39608
DA:2850,39608
DA:2851,39608
DA:2852,50510
DA:2853,50510
DA:2854,1
DA:2855,1
DA:2856,0
DA:2857,0
DA:2858,0
DA:2859,0
DA:2860,0
DA:2861,0
DA:2862,0
DA:2863,0
DA:2864,0
DA:2865,0
DA:2866,0
DA:2867,0
DA:2868,0
DA:2869,0
DA:2870,0
DA:2871,0
DA:2872,0
DA:2873,0
DA:2874,0
DA:2875,0
DA:2876,0
DA:2877,0
DA:2878,0
DA:2879,0
DA:2880,0
DA:2881,0
DA:2882,0
DA:2883,0
DA:2884,0
DA:2885,0
DA:2886,0
DA:2887,0
DA:2888,0
DA:2889,0
DA:2890,0
DA:2891,0
DA:2892,0
DA:2893,0
DA:2894,0
DA:2895,0
DA:2896,0
DA:2897,0
DA:2898,0
DA:2899,0
DA:2900,0
DA:2901,0
DA:2902,0
DA:2903,0
DA:2904,0
DA:2905,0
DA:2906,0
DA:2907,0
DA:2908,0
DA:2909,0
DA:2910,1
DA:2911,1
DA:2912,0
DA:2913,0
DA:2914,0
DA:2915,0
DA:2916,0
DA:2917,0
DA:2918,1
DA:2919,1
DA:2920,0
DA:2921,0
DA:2922,0
DA:2923,0
DA:2924,0
DA:2925,1
DA:2926,1
DA:2927,0
DA:2928,0
DA:2929,0
DA:2930,0
DA:2931,0
DA:2932,0
DA:2933,0
DA:2934,0
DA:2935,0
DA:2936,0
DA:2937,0
DA:2938,0
DA:2939,0
DA:2940,0
DA:2941,0
DA:2942,0
DA:2943,1
DA:2944,1
DA:2945,0
DA:2946,0
DA:2947,0
DA:2948,0
DA:2949,0
DA:2950,0
DA:2951,0
DA:2952,0
DA:2953,0
DA:2954,0
DA:2955,0
DA:2956,0
DA:2957,0
DA:2958,0
DA:2959,0
DA:2960,0
DA:2961,1
DA:2962,1
DA:2963,0
DA:2964,0
DA:2965,0
DA:2966,0
DA:2967,0
DA:2968,0
DA:2969,0
DA:2970,0
DA:2971,0
DA:2972,0
DA:2973,0
DA:2974,0
DA:2975,0
DA:2976,0
DA:2977,0
DA:2978,1
DA:2979,1
DA:2980,0
DA:2981,0
DA:2982,0
DA:2983,0
DA:2984,0
DA:2985,0
DA:2986,0
DA:2987,0
DA:2988,0
DA:2989,0
DA:2990,0
DA:2991,0
DA:2992,0
DA:2993,0
DA:2994,0
DA:2995,0
DA:2996,0
DA:2997,0
DA:2998,0
DA:2999,0
DA:3000,0
DA:3001,0
DA:3002,0
DA:3003,0
DA:3004,0
DA:3005,0
DA:3006,0
DA:3007,0
DA:3008,0
DA:3009,1
DA:3010,1
DA:3011,0
DA:3012,0
DA:3013,0
DA:3014,1
DA:3015,1
DA:3016,20308
DA:3017,20308
DA:3018,20308
DA:3019,20308
DA:3020,20308
DA:3021,20308
DA:3022,20308
DA:3023,20308
DA:3024,20308
DA:3025,20308
DA:3026,20308
DA:3027,1
DA:3028,1
DA:3029,98930
DA:3030,98930
DA:3031,98930
DA:3032,98930
DA:3033,98930
DA:3034,98930
DA:3035,98930
DA:3036,98930
DA:3037,98930
DA:3038,98930
DA:3039,1
DA:3040,1
DA:3041,20008
DA:3042,20008
DA:3043,20008
DA:3044,20008
DA:3045,20008
DA:3046,20008
DA:3047,20008
DA:3048,20008
DA:3049,20008
DA:3050,20008
DA:3051,1
DA:3052,1
DA:3053,3
DA:3054,3
DA:3055,3
DA:3056,3
DA:3057,3
DA:3058,3
DA:3059,3
DA:3060,3
DA:3061,3
DA:3062,3
DA:3063,3
DA:3064,3
DA:3065,3
DA:3066,3
DA:3067,3
DA:3068,3
DA:3069,3
DA:3070,3
DA:3071,3
DA:3072,3
DA:3073,3
DA:3074,3
DA:3075,3
DA:3076,3
DA:3077,3
DA:3078,3
DA:3079,3
DA:3080,3
DA:3081,3
DA:3082,3
DA:3083,3
DA:3084,3
DA:3085,3
DA:3086,3
DA:3087,3
DA:3088,3
DA:3089,3
DA:3090,3
DA:3091,3
DA:3092,3
DA:3093,3
DA:3094,3
DA:3095,3
DA:3096,3
DA:3097,3
DA:3098,3
DA:3099,3
DA:3100,3
DA:3101,3
DA:3102,3
DA:3103,3
DA:3104,3
DA:3105,3
DA:3106,3
DA:3107,3
DA:3108,3
DA:3109,3
DA:3110,3
DA:3111,3
DA:3112,3
DA:3113,3
DA:3114,3
DA:3115,3
DA:3116,3
DA:3117,3
DA:3118,3
DA:3119,3
DA:3120,3
DA:3121,3
DA:3122,3
DA:3123,3
DA:3124,3
DA:3125,3
DA:3126,3
DA:3127,3
DA:3128,3
DA:3129,3
DA:3130,3
DA:3131,3
DA:3132,3
DA:3133,3
DA:3134,3
DA:3135,3
DA:3136,3
DA:3137,3
DA:3138,3
DA:3139,3
DA:3140,3
DA:3141,3
DA:3142,3
DA:3143,3
DA:3144,3
DA:3145,3
DA:3146,3
DA:3147,3
DA:3148,3
DA:3149,3
DA:3150,3
DA:3151,3
DA:3152,3
DA:3153,3
DA:3154,3
DA:3155,3
DA:3156,3
DA:3157,3
DA:3158,3
DA:3159,3
DA:3160,3
DA:3161,3
DA:3162,3
DA:3163,3
DA:3164,3
DA:3165,3
DA:3166,3
DA:3167,3
DA:3168,3
DA:3169,3
DA:3170,3
DA:3171,3
DA:3172,3
DA:3173,3
DA:3174,3
DA:3175,3
DA:3176,3
DA:3177,3
DA:3178,3
DA:3179,3
DA:3180,3
DA:3181,3
DA:3182,3
DA:3183,3
DA:3184,3
DA:3185,3
DA:3186,3
DA:3187,3
DA:3188,3
DA:3189,3
DA:3190,3
DA:3191,3
DA:3192,3
DA:3193,3
DA:3194,3
DA:3195,3
DA:3196,3
DA:3197,3
DA:3198,3
DA:3199,3
DA:3200,3
DA:3201,3
DA:3202,3
DA:3203,3
DA:3204,3
DA:3205,3
DA:3206,3
DA:3207,3
DA:3208,3
DA:3209,3
DA:3210,3
DA:3211,3
DA:3212,3
DA:3213,3
DA:3214,3
DA:3215,3
DA:3216,3
DA:3217,3
DA:3218,3
DA:3219,3
DA:3220,3
DA:3221,3
DA:3222,3
DA:3223,3
DA:3224,3
DA:3225,3
DA:3226,3
DA:3227,3
DA:3228,3
DA:3229,3
DA:3230,3
DA:3231,3
DA:3232,3
DA:3233,3
DA:3234,3
DA:3235,3
DA:3236,3
DA:3237,3
DA:3238,3
DA:3239,3
DA:3240,3
DA:3241,3
DA:3242,3
DA:3243,3
DA:3244,3
DA:3245,3
DA:3246,3
DA:3247,3
DA:3248,3
DA:3249,3
DA:3250,3
DA:3251,3
DA:3252,3
DA:3253,3
DA:3254,3
DA:3255,3
DA:3256,3
DA:3257,3
DA:3258,3
DA:3259,3
DA:3260,3
DA:3261,3
DA:3262,3
DA:3263,3
DA:3264,3
DA:3265,3
DA:3266,3
DA:3267,3
DA:3268,3
DA:3269,3
DA:3270,3
DA:3271,3
DA:3272,3
DA:3273,3
DA:3274,3
DA:3275,3
DA:3276,3
DA:3277,3
DA:3278,3
DA:3279,3
DA:3280,3
DA:3281,3
DA:3282,3
DA:3283,3
DA:3284,3
DA:3285,3
DA:3286,3
DA:3287,3
DA:3288,3
DA:3289,3
DA:3290,3
DA:3291,3
DA:3292,3
DA:3293,3
DA:3294,3
DA:3295,3
DA:3296,3
DA:3297,3
DA:3298,3
DA:3299,3
DA:3300,3
DA:3301,3
DA:3302,3
DA:3303,3
DA:3304,3
DA:3305,3
DA:3306,3
DA:3307,3
DA:3308,3
DA:3309,3
DA:3310,3
DA:3311,3
DA:3312,3
DA:3313,3
DA:3314,3
DA:3315,3
DA:3316,3
DA:3317,3
DA:3318,3
DA:3319,3
DA:3320,3
DA:3321,3
DA:3322,3
DA:3323,3
DA:3324,3
DA:3325,3
DA:3326,3
DA:3327,3
DA:3328,3
DA:3329,3
DA:3330,3
DA:3331,3
DA:3332,3
DA:3333,3
DA:3334,3
DA:3335,3
DA:3336,3
DA:3337,3
DA:3338,3
DA:3339,3
DA:3340,3
DA:3341,3
DA:3342,3
DA:3343,3
DA:3344,3
DA:3345,3
DA:3346,3
DA:3347,3
DA:3348,3
DA:3349,3
DA:3350,3
DA:3351,3
DA:3352,3
DA:3353,3
DA:3354,3
DA:3355,3
DA:3356,3
DA:3357,3
DA:3358,3
DA:3359,3
DA:3360,3
DA:3361,3
DA:3362,3
DA:3363,3
DA:3364,3
DA:3365,3
DA:3366,3
DA:3367,3
DA:3368,3
DA:3369,3
DA:3370,3
DA:3371,3
DA:3372,3
DA:3373,3
DA:3374,3
DA:3375,3
DA:3376,3
DA:3377,3
DA:3378,3
DA:3379,3
DA:3380,3
DA:3381,3
DA:3382,3
DA:3383,3
DA:3384,3
DA:3385,3
DA:3386,3
DA:3387,3
DA:3388,3
DA:3389,3
DA:3390,3
DA:3391,3
DA:3392,3
DA:3393,3
DA:3394,3
DA:3395,3
DA:3396,3
DA:3397,3
DA:3398,3
DA:3399,3
DA:3400,3
DA:3401,3
DA:3402,3
DA:3403,3
DA:3404,3
DA:3405,3
DA:3406,3
DA:3407,3
DA:3408,3
DA:3409,3
DA:3410,3
DA:3411,3
DA:3412,3
DA:3413,3
DA:3414,1
DA:3415,1
DA:3416,3
DA:3417,3
DA:3418,3
DA:3419,3
DA:3420,3
DA:3421,3
DA:3422,3
DA:3423,3
DA:3424,3
DA:3425,3
DA:3426,3
DA:3427,3
DA:3428,3
DA:3429,3
DA:3430,3
DA:3431,3
DA:3432,3
DA:3433,3
DA:3434,3
DA:3435,3
DA:3436,3
DA:3437,3
DA:3438,3
DA:3439,3
DA:3440,3
DA:3441,3
DA:3442,3
DA:3443,3
DA:3444,3
DA:3445,3
DA:3446,3
DA:3447,3
DA:3448,3
DA:3449,3
DA:3450,3
DA:3451,3
DA:3452,3
DA:3453,3
DA:3454,3
DA:3455,3
DA:3456,3
DA:3457,3
DA:3458,3
DA:3459,3
DA:3460,3
DA:3461,3
DA:3462,3
DA:3463,3
DA:3464,3
DA:3465,3
DA:3466,3
DA:3467,3
DA:3468,3
DA:3469,3
DA:3470,3
DA:3471,3
DA:3472,3
DA:3473,3
DA:3474,3
DA:3475,3
DA:3476,3
DA:3477,3
DA:3478,3
DA:3479,3
DA:3480,3
DA:3481,3
DA:3482,3
DA:3483,3
DA:3484,3
DA:3485,3
LF:3485
LH:3326
BRDA:23,0,0,3
BRDA:956,1,0,3
BRDA:960,2,0,109854
BRDA:969,3,0,18972
BRDA:979,4,0,20808
BRDA:1023,5,0,306
BRDA:2759,6,0,18972
BRDA:2766,7,0,420
BRDA:2774,8,0,0
BRDA:2794,9,0,102
BRDA:2799,10,0,225273
BRDA:2800,11,0,0
BRDA:2805,12,0,347
BRDA:2810,13,0,48973
BRDA:2813,14,0,759
BRDA:2814,15,0,2
BRDA:2824,16,0,48971
BRDA:2824,17,0,18168
BRDA:2834,18,0,50510
BRDA:2838,19,0,47108
BRDA:2842,20,0,50472
BRDA:2842,21,0,48802
BRDA:2847,22,0,39608
BRDA:2847,23,0,39608
BRDA:2840,24,0,376734
BRDA:2845,25,0,1241568
BRDA:2850,26,0,376836
BRDA:3015,27,0,20308
BRDA:3028,28,0,98930
BRDA:3040,29,0,20008
BRDA:3053,30,0,3
BRDA:3416,31,0,3
BRF:32
BRH:30
end_of_record
TN:
SF:src/classes/regression.ts
FN:23,RegressionReporter
FN:28,writeElementReport
FN:65,writeTableReport
FN:106,writeProprocessResults
FN:137,writeResolverTestResults
FN:168,runResolverRegression
FN:557,executeTest
FN:569,formatAnswer
FN:577,logMessage
FNF:9
FNH:4
FNDA:345,RegressionReporter
FNDA:339,writeElementReport
FNDA:0,writeTableReport
FNDA:6,writeProprocessResults
FNDA:0,writeResolverTestResults
FNDA:0,runResolverRegression
FNDA:0,executeTest
FNDA:0,formatAnswer
FNDA:345,logMessage
DA:1,1
DA:2,1
DA:3,1
DA:4,1
DA:5,1
DA:6,1
DA:7,1
DA:8,1
DA:9,1
DA:10,1
DA:11,1
DA:12,1
DA:13,1
DA:14,1
DA:15,1
DA:16,1
DA:17,1
DA:18,1
DA:19,1
DA:20,1
DA:21,1
DA:22,1
DA:23,1
DA:24,345
DA:25,345
DA:26,345
DA:27,1
DA:28,1
DA:29,339
DA:30,339
DA:31,339
DA:32,339
DA:33,339
DA:34,339
DA:35,339
DA:36,339
DA:37,339
DA:38,339
DA:39,339
DA:40,339
DA:41,339
DA:42,339
DA:43,339
DA:44,339
DA:45,339
DA:46,339
DA:47,339
DA:48,339
DA:49,339
DA:50,212777
DA:51,19659
DA:52,19659
DA:53,19659
DA:54,212777
DA:55,212777
DA:56,212777
DA:57,212777
DA:58,212777
DA:59,339
DA:60,339
DA:61,339
DA:62,339
DA:63,339
DA:64,1
DA:65,1
DA:66,0
DA:67,0
DA:68,0
DA:69,0
DA:70,0
DA:71,0
DA:72,0
DA:73,0
DA:74,0
DA:75,0
DA:76,0
DA:77,0
DA:78,0
DA:79,0
DA:80,0
DA:81,0
DA:82,0
DA:83,0
DA:84,0
DA:85,0
DA:86,0
DA:87,0
DA:88,0
DA:89,0
DA:90,0
DA:91,0
DA:92,0
DA:93,0
DA:94,0
DA:95,0
DA:96,0
DA:97,0
DA:98,0
DA:99,0
DA:100,0
DA:101,0
DA:102,0
DA:103,0
DA:104,0
DA:105,1
DA:106,1
DA:107,6
DA:108,6
DA:109,6
DA:110,6
DA:111,6
DA:112,6
DA:113,6
DA:114,6
DA:115,6
DA:116,6
DA:117,6
DA:118,6
DA:119,6
DA:120,6
DA:121,6
DA:122,6
DA:123,6
DA:124,6
DA:125,6
DA:126,303
DA:127,303
DA:128,303
DA:129,303
DA:130,6
DA:131,6
DA:132,6
DA:133,6
DA:134,6
DA:135,6
DA:136,1
DA:137,1
DA:138,0
DA:139,0
DA:140,0
DA:141,0
DA:142,0
DA:143,0
DA:144,0
DA:145,0
DA:146,0
DA:147,0
DA:148,0
DA:149,0
DA:150,0
DA:151,0
DA:152,0
DA:153,0
DA:154,0
DA:155,0
DA:156,0
DA:157,0
DA:158,0
DA:159,0
DA:160,0
DA:161,0
DA:162,0
DA:163,0
DA:164,0
DA:165,0
DA:166,0
DA:167,1
DA:168,1
DA:169,0
DA:170,0
DA:171,0
DA:172,0
DA:173,0
DA:174,0
DA:175,0
DA:176,0
DA:177,0
DA:178,0
DA:179,0
DA:180,0
DA:181,0
DA:182,0
DA:183,0
DA:184,0
DA:185,0
DA:186,0
DA:187,0
DA:188,0
DA:189,0
DA:190,0
DA:191,0
DA:192,0
DA:193,0
DA:194,0
DA:195,0
DA:196,0
DA:197,0
DA:198,0
DA:199,0
DA:200,0
DA:201,0
DA:202,0
DA:203,0
DA:204,0
DA:205,0
DA:206,0
DA:207,0
DA:208,0
DA:209,0
DA:210,0
DA:211,0
DA:212,0
DA:213,0
DA:214,0
DA:215,0
DA:216,0
DA:217,0
DA:218,0
DA:219,0
DA:220,0
DA:221,0
DA:222,0
DA:223,0
DA:224,0
DA:225,0
DA:226,0
DA:227,0
DA:228,0
DA:229,0
DA:230,0
DA:231,0
DA:232,0
DA:233,0
DA:234,0
DA:235,0
DA:236,0
DA:237,0
DA:238,0
DA:239,0
DA:240,0
DA:241,0
DA:242,0
DA:243,0
DA:244,0
DA:245,0
DA:246,0
DA:247,0
DA:248,0
DA:249,0
DA:250,0
DA:251,0
DA:252,0
DA:253,0
DA:254,0
DA:255,0
DA:256,0
DA:257,0
DA:258,0
DA:259,0
DA:260,0
DA:261,0
DA:262,0
DA:263,0
DA:264,0
DA:265,0
DA:266,0
DA:267,0
DA:268,0
DA:269,0
DA:270,0
DA:271,0
DA:272,0
DA:273,0
DA:274,0
DA:275,0
DA:276,0
DA:277,0
DA:278,0
DA:279,0
DA:280,0
DA:281,0
DA:282,0
DA:283,0
DA:284,0
DA:285,0
DA:286,0
DA:287,0
DA:288,0
DA:289,0
DA:290,0
DA:291,0
DA:292,0
DA:293,0
DA:294,0
DA:295,0
DA:296,0
DA:297,0
DA:298,0
DA:299,0
DA:300,0
DA:301,0
DA:302,0
DA:303,0
DA:304,0
DA:305,0
DA:306,0
DA:307,0
DA:308,0
DA:309,0
DA:310,0
DA:311,0
DA:312,0
DA:313,0
DA:314,0
DA:315,0
DA:316,0
DA:317,0
DA:318,0
DA:319,0
DA:320,0
DA:321,0
DA:322,0
DA:323,0
DA:324,0
DA:325,0
DA:326,0
DA:327,0
DA:328,0
DA:329,0
DA:330,0
DA:331,0
DA:332,0
DA:333,0
DA:334,0
DA:335,0
DA:336,0
DA:337,0
DA:338,0
DA:339,0
DA:340,0
DA:341,0
DA:342,0
DA:343,0
DA:344,0
DA:345,0
DA:346,0
DA:347,0
DA:348,0
DA:349,0
DA:350,0
DA:351,0
DA:352,0
DA:353,0
DA:354,0
DA:355,0
DA:356,0
DA:357,0
DA:358,0
DA:359,0
DA:360,0
DA:361,0
DA:362,0
DA:363,0
DA:364,0
DA:365,0
DA:366,0
DA:367,0
DA:368,0
DA:369,0
DA:370,0
DA:371,0
DA:372,0
DA:373,0
DA:374,0
DA:375,0
DA:376,0
DA:377,0
DA:378,0
DA:379,0
DA:380,0
DA:381,0
DA:382,0
DA:383,0
DA:384,0
DA:385,0
DA:386,0
DA:387,0
DA:388,0
DA:389,0
DA:390,0
DA:391,0
DA:392,0
DA:393,0
DA:394,0
DA:395,0
DA:396,0
DA:397,0
DA:398,0
DA:399,0
DA:400,0
DA:401,0
DA:402,0
DA:403,0
DA:404,0
DA:405,0
DA:406,0
DA:407,0
DA:408,0
DA:409,0
DA:410,0
DA:411,0
DA:412,0
DA:413,0
DA:414,0
DA:415,0
DA:416,0
DA:417,0
DA:418,0
DA:419,0
DA:420,0
DA:421,0
DA:422,0
DA:423,0
DA:424,0
DA:425,0
DA:426,0
DA:427,0
DA:428,0
DA:429,0
DA:430,0
DA:431,0
DA:432,0
DA:433,0
DA:434,0
DA:435,0
DA:436,0
DA:437,0
DA:438,0
DA:439,0
DA:440,0
DA:441,0
DA:442,0
DA:443,0
DA:444,0
DA:445,0
DA:446,0
DA:447,0
DA:448,0
DA:449,0
DA:450,0
DA:451,0
DA:452,0
DA:453,0
DA:454,0
DA:455,0
DA:456,0
DA:457,0
DA:458,0
DA:459,0
DA:460,0
DA:461,0
DA:462,0
DA:463,0
DA:464,0
DA:465,0
DA:466,0
DA:467,0
DA:468,0
DA:469,0
DA:470,0
DA:471,0
DA:472,0
DA:473,0
DA:474,0
DA:475,0
DA:476,0
DA:477,0
DA:478,0
DA:479,0
DA:480,0
DA:481,0
DA:482,0
DA:483,0
DA:484,0
DA:485,0
DA:486,0
DA:487,0
DA:488,0
DA:489,0
DA:490,0
DA:491,0
DA:492,0
DA:493,0
DA:494,0
DA:495,0
DA:496,0
DA:497,0
DA:498,0
DA:499,0
DA:500,0
DA:501,0
DA:502,0
DA:503,0
DA:504,0
DA:505,0
DA:506,0
DA:507,0
DA:508,0
DA:509,0
DA:510,0
DA:511,0
DA:512,0
DA:513,0
DA:514,0
DA:515,0
DA:516,0
DA:517,0
DA:518,0
DA:519,0
DA:520,0
DA:521,0
DA:522,0
DA:523,0
DA:524,0
DA:525,0
DA:526,0
DA:527,0
DA:528,0
DA:529,0
DA:530,0
DA:531,0
DA:532,0
DA:533,0
DA:534,0
DA:535,0
DA:536,0
DA:537,0
DA:538,0
DA:539,0
DA:540,0
DA:541,0
DA:542,0
DA:543,0
DA:544,0
DA:545,0
DA:546,0
DA:547,0
DA:548,0
DA:549,0
DA:550,0
DA:551,0
DA:552,0
DA:553,0
DA:554,0
DA:555,0
DA:556,1
DA:557,1
DA:558,0
DA:559,0
DA:560,0
DA:561,0
DA:562,0
DA:563,0
DA:564,0
DA:565,0
DA:566,0
DA:567,0
DA:568,0
DA:569,1
DA:570,0
DA:571,0
DA:572,0
DA:573,0
DA:574,0
DA:575,0
DA:576,0
DA:577,1
DA:578,345
DA:579,0
DA:580,0
DA:581,345
DA:582,1
LF:582
LH:107
BRDA:23,0,0,345
BRDA:28,1,0,339
BRDA:49,2,0,212777
BRDA:50,3,0,19659
BRDA:55,4,0,122800
BRDA:55,5,0,89977
BRDA:106,6,0,6
BRDA:125,7,0,303
BRDA:577,8,0,345
BRDA:578,9,0,0
BRF:10
BRH:9
end_of_record
TN:
SF:src/classes/spin2Parser.ts
FN:35,Spin2Parser
FN:46,get sourceLineNumber
FN:52,get failingFileID
FN:57,setSourceFile
FN:63,P2Elementize
FN:94,P2Compile1
FN:99,P2Compile2
FN:117,P2List
FN:337,P2ListElements
FN:358,rightAlignedHexValue
FN:364,rightAlignedDecimalValue
FN:374,fakeResolver
FN:383,writeObjectFile
FN:407,ComposeRam
FN:460,writeBinaryFile
FN:475,P2InsertInterpreter
FN:579,moveObjectUp
FN:594,P2InsertDebugger
FN:689,checkDebugSymbol
FN:704,P2InsertFlashLoader
FN:739,P2InsertClockSetter
FN:777,LoadHardware
FN:781,logMessage
FNF:23
FNH:19
FNDA:102,Spin2Parser
FNDA:5,get sourceLineNumber
FNDA:5,get failingFileID
FNDA:347,setSourceFile
FNDA:347,P2Elementize
FNDA:347,P2Compile1
FNDA:173,P2Compile2
FNDA:97,P2List
FNDA:0,P2ListElements
FNDA:97,rightAlignedHexValue
FNDA:402,rightAlignedDecimalValue
FNDA:0,fakeResolver
FNDA:93,writeObjectFile
FNDA:97,ComposeRam
FNDA:97,writeBinaryFile
FNDA:76,P2InsertInterpreter
FNDA:110,moveObjectUp
FNDA:25,P2InsertDebugger
FNDA:125,checkDebugSymbol
FNDA:0,P2InsertFlashLoader
FNDA:9,P2InsertClockSetter
FNDA:0,LoadHardware
FNDA:3717,logMessage
DA:1,1
DA:2,1
DA:3,1
DA:4,1
DA:5,1
DA:6,1
DA:7,1
DA:8,1
DA:9,1
DA:10,1
DA:11,1
DA:12,1
DA:13,1
DA:14,1
DA:15,1
DA:16,1
DA:17,1
DA:18,1
DA:19,1
DA:20,1
DA:21,1
DA:22,1
DA:23,1
DA:24,1
DA:25,1
DA:26,1
DA:27,1
DA:28,1
DA:29,1
DA:30,1
DA:31,1
DA:32,1
DA:33,1
DA:34,1
DA:35,1
DA:36,102
DA:37,102
DA:38,102
DA:39,102
DA:40,102
DA:41,102
DA:42,102
DA:43,102
DA:44,102
DA:45,1
DA:46,1
DA:47,5
DA:48,5
DA:49,5
DA:50,5
DA:51,1
DA:52,1
DA:53,5
DA:54,5
DA:55,5
DA:56,1
DA:57,1
DA:58,347
DA:59,347
DA:60,347
DA:61,347
DA:62,1
DA:63,1
DA:64,347
DA:65,347
DA:66,347
DA:67,347
DA:68,347
DA:69,347
DA:70,347
DA:71,347
DA:72,347
DA:73,347
DA:74,347
DA:75,347
DA:76,347
DA:77,347
DA:78,347
DA:79,347
DA:80,347
DA:81,347
DA:82,347
DA:83,347
DA:84,347
DA:85,339
[...]
FNDA:0,Object.<anonymous>
FNDA:1,remove
FNDA:652866,get
FNDA:9104,get length
FNDA:291,get allSymbols
FNDA:17592,exists
FNDA:1657,reset
DA:1,1
DA:2,1
DA:3,1
DA:4,1
DA:5,1
DA:6,1
DA:7,1
DA:8,1
DA:9,1
DA:10,1
DA:11,1
DA:12,1
DA:13,1
DA:14,1
DA:15,1
DA:16,1
DA:17,1
DA:18,1
DA:19,1
DA:20,1
DA:21,1
DA:22,1
DA:23,1
DA:24,1
DA:25,1
DA:26,1
DA:27,1
DA:28,1
DA:29,1
DA:30,1
DA:31,11510
DA:32,11510
DA:33,11510
DA:34,11510
DA:35,11510
DA:36,1
DA:37,1
DA:38,312991
DA:39,312991
DA:40,1
DA:41,305624
DA:42,305624
DA:43,1
DA:44,305818
DA:45,305818
DA:46,1
DA:47,10201
DA:48,10201
DA:49,1
DA:50,1
DA:51,1
DA:52,1
DA:53,1
DA:54,1
DA:55,1
DA:56,1
DA:57,902
DA:58,902
DA:59,902
DA:60,902
DA:61,902
DA:62,902
DA:63,902
DA:64,902
DA:65,902
DA:66,902
DA:67,902
DA:68,902
DA:69,11227
DA:70,11227
DA:71,11227
DA:72,11227
DA:73,11227
DA:74,11227
DA:75,11227
DA:76,902
DA:77,902
DA:78,283
DA:79,283
DA:80,283
DA:81,283
DA:82,283
DA:83,283
DA:84,283
DA:85,902
DA:86,902
DA:87,902
DA:88,0
DA:89,0
DA:90,0
DA:91,0
DA:92,0
DA:93,0
DA:94,0
DA:95,0
DA:96,902
DA:97,902
DA:98,1
DA:99,1
DA:100,1
DA:101,1
DA:102,1
DA:103,1
DA:104,1
DA:105,1
DA:106,902
DA:107,902
DA:108,902
DA:109,902
DA:110,902
DA:111,902
DA:112,902
DA:113,902
DA:114,902
DA:115,652866
DA:116,652866
DA:117,652866
DA:118,652866
DA:119,300568
DA:120,300568
DA:121,652866
DA:122,652866
DA:123,902
DA:124,902
DA:125,9104
DA:126,9104
DA:127,902
DA:128,902
DA:129,291
DA:130,291
DA:131,902
DA:132,902
DA:133,902
DA:134,902
DA:135,902
DA:136,902
DA:137,902
DA:138,902
DA:139,902
DA:140,17592
DA:141,17592
DA:142,17592
DA:143,902
DA:144,902
DA:145,902
DA:146,902
DA:147,902
DA:148,902
DA:149,902
DA:150,1657
DA:151,1657
DA:152,902
LF:152
LH:144
BRDA:30,0,0,11510
BRDA:37,1,0,312991
BRDA:40,2,0,305624
BRDA:43,3,0,305818
BRDA:46,4,0,10201
BRDA:57,5,0,902
BRDA:68,6,0,11227
BRDA:77,7,0,283
BRDA:97,8,0,1
BRDA:114,9,0,652866
BRDA:118,10,0,300568
BRDA:124,11,0,9104
BRDA:128,12,0,291
BRDA:139,13,0,17592
BRDA:149,14,0,1657
BRF:15
BRH:15
end_of_record
TN:
SF:src/classes/textLine.ts
FN:28,Position
FN:53,Range
FN:88,TextLine
FN:99,get text
FN:107,get sourceLineNumber
FN:111,get range
FN:122,get firstNonWhitespaveCharacterIndex
FN:130,get isEmptyOrWhiteSpace
FN:140,_skipWhite
FNF:9
FNH:4
FNDA:0,Position
FNDA:0,Range
FNDA:167365,TextLine
FNDA:347169,get text
FNDA:365085,get sourceLineNumber
FNDA:0,get range
FNDA:0,get firstNonWhitespaveCharacterIndex
FNDA:0,get isEmptyOrWhiteSpace
FNDA:167365,_skipWhite
DA:1,1
DA:2,1
DA:3,1
DA:4,1
DA:5,1
DA:6,1
DA:7,1
DA:8,1
DA:9,1
DA:10,1
DA:11,1
DA:12,1
DA:13,1
DA:14,1
DA:15,1
DA:16,1
DA:17,1
DA:18,1
DA:19,1
DA:20,1
DA:21,1
DA:22,1
DA:23,1
DA:24,1
DA:25,1
DA:26,1
DA:27,1
DA:28,1
DA:29,0
DA:30,0
DA:31,0
DA:32,1
DA:33,1
DA:34,1
DA:35,1
DA:36,1
DA:37,1
DA:38,1
DA:39,1
DA:40,1
DA:41,1
DA:42,1
DA:43,1
DA:44,1
DA:45,1
DA:46,1
DA:47,1
DA:48,1
DA:49,1
DA:50,1
DA:51,1
DA:52,1
DA:53,1
DA:54,0
DA:55,0
DA:56,0
DA:57,1
DA:58,1
DA:59,1
DA:60,1
DA:61,1
DA:62,1
DA:63,1
DA:64,1
DA:65,1
DA:66,1
DA:67,1
DA:68,1
DA:69,1
DA:70,1
DA:71,1
DA:72,1
DA:73,1
DA:74,1
DA:75,1
DA:76,1
DA:77,1
DA:78,1
DA:79,1
DA:80,1
DA:81,1
DA:82,1
DA:83,1
DA:84,1
DA:85,1
DA:86,1
DA:87,1
DA:88,1
DA:89,167365
DA:90,167365
DA:91,167365
DA:92,167365
DA:93,167365
DA:94,1
DA:95,1
DA:96,1
DA:97,1
DA:98,1
DA:99,1
DA:100,347169
DA:101,347169
DA:102,1
DA:103,1
DA:104,1
DA:105,1
DA:106,1
DA:107,1
DA:108,365085
DA:109,365085
DA:110,1
DA:111,1
DA:112,0
DA:113,0
DA:114,0
DA:115,0
DA:116,0
DA:117,1
DA:118,1
DA:119,1
DA:120,1
DA:121,1
DA:122,1
DA:123,0
DA:124,0
DA:125,1
DA:126,1
DA:127,1
DA:128,1
DA:129,1
DA:130,1
DA:131,0
DA:132,0
DA:133,1
DA:134,1
DA:135,1
DA:136,1
DA:137,1
DA:138,1
DA:139,1
DA:140,1
DA:141,167365
DA:142,167365
DA:143,22756
DA:144,11923
DA:145,11923
DA:146,11923
DA:147,22756
DA:148,167365
DA:149,167365
DA:150,1
LF:150
LH:135
BRDA:88,0,0,167365
BRDA:99,1,0,347169
BRDA:107,2,0,365085
BRDA:140,3,0,167365
BRDA:142,4,0,22756
BRDA:143,5,0,14974
BRDA:143,6,0,11923
BRF:7
BRH:7
end_of_record
TN:
SF:src/classes/types.ts
FN:106,getElementTypeString
FNF:1
FNH:1
FNDA:15071036,getElementTypeString
DA:1,1
DA:2,1
DA:3,1
DA:4,1
DA:5,1
DA:6,1
DA:7,1
DA:8,3
DA:9,3
DA:10,3
DA:11,3
DA:12,3
DA:13,3
DA:14,3
DA:15,3
DA:16,3
DA:17,3
DA:18,3
DA:19,3
DA:20,3
DA:21,3
DA:22,3
DA:23,3
DA:24,3
DA:25,3
DA:26,3
DA:27,3
DA:28,3
DA:29,3
DA:30,3
DA:31,3
DA:32,3
DA:33,3
DA:34,3
DA:35,3
DA:36,3
DA:37,3
DA:38,3
DA:39,3
DA:40,3
DA:41,3
DA:42,3
DA:43,3
DA:44,3
DA:45,3
DA:46,3
DA:47,3
DA:48,3
DA:49,3
DA:50,3
DA:51,3
DA:52,3
DA:53,3
DA:54,3
DA:55,3
DA:56,3
DA:57,3
DA:58,3
DA:59,3
DA:60,3
DA:61,3
DA:62,3
DA:63,3
DA:64,3
DA:65,3
DA:66,3
DA:67,3
DA:68,3
DA:69,3
DA:70,3
DA:71,3
DA:72,3
DA:73,3
DA:74,3
DA:75,3
DA:76,3
DA:77,3
DA:78,3
DA:79,3
DA:80,3
DA:81,3
DA:82,3
DA:83,3
DA:84,3
DA:85,3
DA:86,3
DA:87,3
DA:88,3
DA:89,3
DA:90,3
DA:91,3
DA:92,3
DA:93,3
DA:94,3
DA:95,3
DA:96,3
DA:97,3
DA:98,3
DA:99,3
DA:100,3
DA:101,3
DA:102,3
DA:103,3
DA:104,3
DA:105,1
DA:106,15071036
DA:107,15071036
DA:108,15071036
DA:109,1
DA:110,3
DA:111,3
DA:112,3
DA:113,3
DA:114,3
DA:115,3
DA:116,3
DA:117,3
DA:118,3
DA:119,3
DA:120,3
DA:121,3
DA:122,3
DA:123,3
DA:124,3
DA:125,3
DA:126,3
DA:127,3
DA:128,3
DA:129,3
DA:130,3
DA:131,3
DA:132,3
DA:133,3
DA:134,3
DA:135,3
DA:136,3
DA:137,3
DA:138,3
DA:139,3
DA:140,3
DA:141,3
DA:142,3
DA:143,3
DA:144,3
DA:145,3
DA:146,3
DA:147,3
DA:148,3
DA:149,3
DA:150,3
DA:151,3
DA:152,3
DA:153,3
DA:154,3
DA:155,3
DA:156,3
DA:157,3
DA:158,3
DA:159,3
DA:160,3
DA:161,3
DA:162,3
DA:163,3
DA:164,3
DA:165,3
DA:166,3
DA:167,3
DA:168,3
DA:169,3
DA:170,3
DA:171,3
DA:172,3
DA:173,3
DA:174,3
DA:175,3
DA:176,3
DA:177,3
DA:178,3
DA:179,3
DA:180,3
DA:181,3
DA:182,3
DA:183,3
DA:184,3
DA:185,3
DA:186,3
DA:187,3
DA:188,3
DA:189,3
DA:190,3
DA:191,3
DA:192,3
DA:193,3
DA:194,3
DA:195,3
DA:196,3
DA:197,3
DA:198,3
DA:199,3
DA:200,3
DA:201,1
DA:202,3
DA:203,3
DA:204,3
DA:205,3
DA:206,3
DA:207,3
DA:208,3
DA:209,3
DA:210,3
DA:211,3
DA:212,3
DA:213,1
DA:214,3
DA:215,3
DA:216,3
DA:217,3
DA:218,3
DA:219,3
DA:220,3
DA:221,3
DA:222,3
DA:223,3
DA:224,3
DA:225,3
DA:226,3
DA:227,3
DA:228,3
DA:229,3
DA:230,3
DA:231,3
DA:232,3
DA:233,3
DA:234,3
DA:235,3
DA:236,3
DA:237,3
DA:238,3
DA:239,3
DA:240,3
DA:241,3
DA:242,3
DA:243,3
DA:244,3
DA:245,3
DA:246,3
DA:247,3
DA:248,3
DA:249,3
DA:250,3
DA:251,3
DA:252,3
DA:253,3
DA:254,3
DA:255,3
DA:256,3
DA:257,3
DA:258,3
DA:259,3
DA:260,3
DA:261,3
DA:262,3
DA:263,3
DA:264,3
DA:265,3
DA:266,3
DA:267,3
DA:268,3
DA:269,3
DA:270,3
DA:271,3
DA:272,3
DA:273,3
DA:274,3
DA:275,3
DA:276,3
DA:277,3
DA:278,3
DA:279,3
DA:280,3
DA:281,3
DA:282,3
DA:283,3
DA:284,3
DA:285,3
DA:286,3
DA:287,3
DA:288,3
DA:289,3
DA:290,3
DA:291,3
DA:292,3
DA:293,3
DA:294,3
DA:295,3
DA:296,3
DA:297,3
DA:298,3
DA:299,3
DA:300,3
DA:301,3
DA:302,3
DA:303,3
DA:304,3
DA:305,3
DA:306,3
DA:307,3
DA:308,3
DA:309,3
DA:310,3
DA:311,3
DA:312,3
DA:313,3
DA:314,3
DA:315,3
DA:316,3
DA:317,3
DA:318,3
DA:319,3
DA:320,3
DA:321,3
DA:322,3
DA:323,3
DA:324,3
DA:325,3
DA:326,3
DA:327,3
DA:328,3
DA:329,3
DA:330,3
DA:331,3
DA:332,3
DA:333,3
DA:334,3
DA:335,3
DA:336,3
DA:337,3
DA:338,3
DA:339,3
DA:340,3
DA:341,3
DA:342,3
DA:343,3
DA:344,3
DA:345,3
DA:346,3
DA:347,3
DA:348,3
DA:349,3
DA:350,3
DA:351,3
DA:352,3
DA:353,3
DA:354,3
DA:355,3
DA:356,3
DA:357,3
DA:358,3
DA:359,3
DA:360,3
DA:361,3
DA:362,3
DA:363,3
DA:364,3
DA:365,3
DA:366,3
DA:367,3
DA:368,3
DA:369,3
DA:370,3
DA:371,3
DA:372,3
DA:373,3
DA:374,3
DA:375,3
DA:376,3
DA:377,3
DA:378,3
DA:379,3
DA:380,3
DA:381,3
DA:382,3
DA:383,3
DA:384,3
DA:385,3
DA:386,3
DA:387,3
DA:388,3
DA:389,3
DA:390,3
DA:391,3
DA:392,3
DA:393,3
DA:394,3
DA:395,3
DA:396,3
DA:397,3
DA:398,3
DA:399,3
DA:400,3
DA:401,3
DA:402,3
DA:403,3
DA:404,3
DA:405,3
DA:406,3
DA:407,3
DA:408,3
DA:409,3
DA:410,3
DA:411,3
DA:412,3
DA:413,3
DA:414,3
DA:415,3
DA:416,3
DA:417,3
DA:418,3
DA:419,3
DA:420,3
DA:421,3
DA:422,3
DA:423,3
DA:424,3
DA:425,3
DA:426,3
DA:427,3
DA:428,3
DA:429,3
DA:430,3
DA:431,3
DA:432,3
DA:433,3
DA:434,3
DA:435,3
DA:436,3
DA:437,3
DA:438,3
DA:439,3
DA:440,3
DA:441,3
DA:442,3
DA:443,3
DA:444,3
DA:445,3
DA:446,3
DA:447,3
DA:448,3
DA:449,3
DA:450,3
DA:451,3
DA:452,3
DA:453,3
DA:454,3
DA:455,3
DA:456,3
DA:457,3
DA:458,3
DA:459,3
DA:460,3
DA:461,3
DA:462,3
DA:463,3
DA:464,3
DA:465,3
DA:466,3
DA:467,3
DA:468,3
DA:469,3
DA:470,3
DA:471,3
DA:472,3
DA:473,3
DA:474,3
DA:475,3
DA:476,3
DA:477,3
DA:478,3
DA:479,3
DA:480,1
DA:481,3
DA:482,3
DA:483,3
DA:484,3
DA:485,3
DA:486,3
DA:487,3
DA:488,3
DA:489,3
DA:490,3
DA:491,3
DA:492,3
DA:493,3
DA:494,3
DA:495,3
DA:496,3
DA:497,3
DA:498,3
DA:499,3
DA:500,3
DA:501,3
DA:502,3
DA:503,3
DA:504,3
DA:505,3
DA:506,3
DA:507,3
DA:508,3
DA:509,3
DA:510,3
DA:511,3
DA:512,3
DA:513,3
DA:514,3
DA:515,3
DA:516,3
DA:517,3
DA:518,3
DA:519,3
DA:520,3
DA:521,3
DA:522,3
DA:523,3
DA:524,3
DA:525,3
DA:526,3
DA:527,3
DA:528,3
DA:529,3
DA:530,3
DA:531,3
DA:532,3
DA:533,3
DA:534,3
DA:535,3
DA:536,3
DA:537,3
DA:538,3
DA:539,3
DA:540,3
DA:541,3
DA:542,3
DA:543,3
DA:544,3
DA:545,3
DA:546,3
DA:547,3
DA:548,3
DA:549,3
DA:550,3
DA:551,3
DA:552,3
DA:553,3
DA:554,3
DA:555,3
DA:556,3
DA:557,3
DA:558,3
DA:559,3
DA:560,3
DA:561,3
DA:562,3
DA:563,3
DA:564,3
DA:565,3
DA:566,3
DA:567,3
DA:568,3
DA:569,3
DA:570,3
DA:571,3
DA:572,3
DA:573,3
DA:574,3
DA:575,3
DA:576,3
DA:577,3
DA:578,3
DA:579,3
DA:580,3
DA:581,3
DA:582,3
DA:583,3
DA:584,3
DA:585,3
DA:586,3
DA:587,3
DA:588,3
DA:589,3
DA:590,3
DA:591,3
DA:592,3
DA:593,3
DA:594,3
DA:595,3
DA:596,3
DA:597,3
DA:598,3
DA:599,3
DA:600,3
DA:601,3
DA:602,3
DA:603,3
DA:604,3
DA:605,3
DA:606,3
DA:607,3
DA:608,3
DA:609,3
DA:610,3
DA:611,3
DA:612,3
DA:613,3
DA:614,3
DA:615,3
DA:616,3
DA:617,3
DA:618,3
DA:619,3
DA:620,3
DA:621,3
DA:622,3
DA:623,3
DA:624,3
DA:625,3
DA:626,3
DA:627,3
DA:628,3
DA:629,3
DA:630,3
DA:631,3
DA:632,3
DA:633,3
DA:634,3
DA:635,3
DA:636,3
DA:637,3
DA:638,3
DA:639,3
DA:640,3
DA:641,3
DA:642,3
DA:643,3
DA:644,3
DA:645,3
DA:646,3
DA:647,3
DA:648,3
DA:649,3
DA:650,3
DA:651,3
DA:652,3
DA:653,3
DA:654,3
DA:655,3
DA:656,3
DA:657,3
DA:658,3
DA:659,3
DA:660,3
DA:661,3
DA:662,3
DA:663,3
DA:664,3
DA:665,3
DA:666,3
DA:667,3
DA:668,3
DA:669,3
DA:670,3
DA:671,3
DA:672,3
DA:673,3
DA:674,3
DA:675,3
DA:676,3
DA:677,3
DA:678,3
DA:679,3
DA:680,3
DA:681,3
DA:682,3
DA:683,3
DA:684,3
DA:685,3
DA:686,3
DA:687,3
DA:688,3
DA:689,3
DA:690,3
DA:691,3
DA:692,3
DA:693,3
DA:694,3
DA:695,3
DA:696,3
DA:697,3
DA:698,3
DA:699,3
DA:700,3
DA:701,3
DA:702,3
DA:703,3
DA:704,3
DA:705,3
DA:706,3
DA:707,3
DA:708,3
DA:709,3
DA:710,3
DA:711,3
DA:712,3
DA:713,3
DA:714,3
DA:715,3
DA:716,3
DA:717,3
DA:718,3
DA:719,3
DA:720,3
DA:721,3
DA:722,3
DA:723,3
DA:724,3
DA:725,3
DA:726,3
DA:727,3
DA:728,3
DA:729,3
DA:730,3
DA:731,3
DA:732,3
DA:733,3
DA:734,3
DA:735,3
DA:736,3
DA:737,3
DA:738,3
DA:739,3
DA:740,3
DA:741,3
DA:742,3
DA:743,3
DA:744,3
DA:745,3
DA:746,3
DA:747,3
DA:748,3
DA:749,3
DA:750,3
DA:751,3
DA:752,3
DA:753,3
DA:754,3
DA:755,3
DA:756,3
DA:757,3
DA:758,3
DA:759,3
DA:760,3
DA:761,3
DA:762,3
DA:763,3
DA:764,3
DA:765,3
DA:766,3
DA:767,3
DA:768,3
DA:769,3
DA:770,3
DA:771,3
DA:772,3
DA:773,3
DA:774,3
DA:775,3
DA:776,3
DA:777,3
DA:778,3
DA:779,3
DA:780,3
DA:781,3
DA:782,3
DA:783,3
DA:784,3
DA:785,3
DA:786,3
DA:787,3
DA:788,3
DA:789,3
DA:790,3
DA:791,3
DA:792,3
DA:793,3
DA:794,3
DA:795,3
DA:796,3
DA:797,3
DA:798,3
DA:799,3
DA:800,3
DA:801,3
DA:802,3
DA:803,3
DA:804,3
DA:805,3
DA:806,3
DA:807,3
DA:808,1
DA:809,3
DA:810,3
DA:811,3
DA:812,3
DA:813,3
DA:814,3
DA:815,3
DA:816,3
DA:817,3
DA:818,3
DA:819,3
DA:820,3
DA:821,3
DA:822,3
DA:823,3
DA:824,3
DA:825,3
DA:826,3
DA:827,3
DA:828,3
DA:829,3
DA:830,3
DA:831,3
DA:832,3
DA:833,3
DA:834,3
DA:835,3
DA:836,3
DA:837,3
DA:838,3
DA:839,3
DA:840,3
DA:841,3
DA:842,3
DA:843,3
DA:844,3
DA:845,3
DA:846,3
DA:847,3
DA:848,3
DA:849,3
DA:850,3
DA:851,3
DA:852,3
DA:853,3
DA:854,3
DA:855,3
DA:856,3
DA:857,3
DA:858,3
DA:859,3
DA:860,3
DA:861,3
DA:862,3
DA:863,3
DA:864,3
DA:865,3
DA:866,3
DA:867,3
DA:868,3
DA:869,3
DA:870,3
DA:871,3
DA:872,3
LF:872
LH:872
BRDA:8,0,0,3
BRDA:106,1,0,15071036
BRDA:110,2,0,3
BRDA:202,3,0,3
BRDA:214,4,0,3
BRDA:481,5,0,3
BRDA:809,6,0,3
BRF:7
BRH:7
end_of_record
TN:
SF:src/utils/context.ts
FN:72,SourceFiles
FN:75,addFile
FN:81,getTopFile
FN:88,getFileHavingID
FN:92,hasFile
FN:97,logContextState
FN:126,Context
FNF:7
FNH:6
FNDA:106,SourceFiles
FNDA:176,addFile
FNDA:102,getTopFile
FNDA:213680,getFileHavingID
FNDA:176,hasFile
FNDA:0,logContextState
FNDA:106,Context
DA:1,1
DA:2,1
DA:3,1
DA:4,1
DA:5,1
DA:6,1
DA:7,1
DA:8,1
DA:9,1
DA:10,1
DA:11,1
DA:12,1
DA:13,1
DA:14,1
DA:15,1
DA:16,1
DA:17,1
DA:18,1
DA:19,1
DA:20,1
DA:21,1
DA:22,1
DA:23,1
DA:24,1
DA:25,1
DA:26,1
DA:27,1
DA:28,1
DA:29,1
DA:30,1
DA:31,1
DA:32,1
DA:33,1
DA:34,1
DA:35,1
DA:36,1
DA:37,1
DA:38,1
DA:39,1
DA:40,1
DA:41,1
DA:42,1
DA:43,1
DA:44,1
DA:45,1
DA:46,1
DA:47,1
DA:48,1
DA:49,1
DA:50,1
DA:51,1
DA:52,1
DA:53,1
DA:54,1
DA:55,1
DA:56,1
DA:57,1
DA:58,1
DA:59,1
DA:60,1
DA:61,1
DA:62,1
DA:63,1
DA:64,1
DA:65,1
DA:66,1
DA:67,1
DA:68,1
DA:69,1
DA:70,1
DA:71,1
DA:72,106
DA:73,106
DA:74,106
DA:75,106
DA:76,176
DA:77,137
DA:78,137
DA:79,176
DA:80,106
DA:81,106
DA:82,102
DA:83,0
DA:84,0
DA:85,102
DA:86,102
DA:87,106
DA:88,106
DA:89,213680
DA:90,213680
DA:91,106
DA:92,106
DA:93,176
DA:94,176
DA:95,106
DA:96,1
DA:97,0
DA:98,0
DA:99,0
DA:100,0
DA:101,0
DA:102,0
DA:103,0
DA:104,0
DA:105,0
DA:106,0
DA:107,0
DA:108,0
DA:109,0
DA:110,0
DA:111,1
DA:112,1
DA:113,1
DA:114,1
DA:115,1
DA:116,1
DA:117,1
DA:118,1
DA:119,1
DA:120,1
DA:121,1
DA:122,1
DA:123,1
DA:124,1
DA:125,1
DA:126,1
DA:127,106
DA:128,106
DA:129,106
DA:130,106
DA:131,106
DA:132,106
DA:133,106
DA:134,106
DA:135,106
DA:136,106
DA:137,106
DA:138,106
DA:139,106
DA:140,106
DA:141,106
DA:142,106
DA:143,106
DA:144,106
DA:145,106
DA:146,106
DA:147,106
DA:148,106
DA:149,106
DA:150,106
DA:151,106
DA:152,106
DA:153,106
DA:154,106
DA:155,106
DA:156,106
DA:157,106
DA:158,106
DA:159,106
DA:160,106
DA:161,106
DA:162,106
DA:163,106
DA:164,106
DA:165,0
DA:166,0
DA:167,106
DA:168,106
DA:169,106
DA:170,106
DA:171,106
DA:172,1
LF:172
LH:154
BRDA:72,0,0,106
BRDA:75,1,0,176
BRDA:76,2,0,137
BRDA:81,3,0,102
BRDA:82,4,0,0
BRDA:88,5,0,213680
BRDA:89,6,0,225722
BRDA:92,7,0,176
BRDA:93,8,0,182
BRDA:126,9,0,106
BRDA:164,10,0,0
BRF:11
BRH:9
end_of_record
TN:
SF:src/utils/fileUtils.ts
FN:12,getSourceSymbol
FNF:1
FNH:1
FNDA:213675,getSourceSymbol
DA:1,1
DA:2,1
DA:3,1
DA:4,1
DA:5,1
DA:6,1
DA:7,1
DA:8,1
DA:9,1
DA:10,1
DA:11,1
DA:12,213675
DA:13,213675
DA:14,213675
DA:15,213675
DA:16,123698
DA:17,123698
DA:18,123698
DA:19,123698
DA:20,123698
DA:21,123698
DA:22,213675
DA:23,213675
LF:23
LH:23
BRDA:12,0,0,213675
BRDA:15,1,0,210631
BRDA:15,2,0,123698
BRF:3
BRH:3
end_of_record
TN:
SF:src/utils/files.ts
FN:14,libraryDir
FN:24,fileSpecFromURI
FN:35,isSpin1File
FN:45,isSpin2File
FN:55,isSpinExt
FN:64,fileExists
FN:82,locateIncludeFile
FN:112,locateSpin2File
FN:143,locateDataFile
FN:165,dirExists
FN:179,loadFileAsString
FN:199,loadFileAsUint8Array
FN:218,loadUint8ArrayFailed
FN:228,dumpUniqueChildObjectFile
FN:249,dumpUniqueObjectFile
FNF:15
FNH:11
FNDA:0,libraryDir
FNDA:352,fileSpecFromURI
FNDA:176,isSpin1File
FNDA:285,isSpin2File
FNDA:0,isSpinExt
FNDA:743,fileExists
FNDA:1,locateIncludeFile
FNDA:108,locateSpin2File
FNDA:12,locateDataFile
FNDA:2,dirExists
FNDA:176,loadFileAsString
FNDA:350,loadFileAsUint8Array
FNDA:350,loadUint8ArrayFailed
FNDA:0,dumpUniqueChildObjectFile
FNDA:0,dumpUniqueObjectFile
DA:1,1
DA:2,1
DA:3,1
DA:4,1
DA:5,1
DA:6,1
DA:7,1
DA:8,1
DA:9,1
DA:10,1
DA:11,1
DA:12,1
DA:13,1
DA:14,0
DA:15,0
DA:16,0
DA:17,1
DA:18,1
DA:19,1
DA:20,1
DA:21,1
DA:22,1
DA:23,1
DA:24,352
DA:25,352
DA:26,352
DA:27,352
DA:28,352
DA:29,1
DA:30,1
DA:31,1
DA:32,1
DA:33,1
DA:34,1
DA:35,176
DA:36,176
DA:37,176
DA:38,176
DA:39,1
DA:40,1
DA:41,1
DA:42,1
DA:43,1
DA:44,1
DA:45,285
DA:46,285
DA:47,285
DA:48,285
DA:49,1
DA:50,1
DA:51,1
DA:52,1
DA:53,1
DA:54,1
DA:55,0
DA:56,0
DA:57,0
DA:58,1
DA:59,1
DA:60,1
DA:61,1
DA:62,1
DA:63,1
DA:64,743
DA:65,743
DA:66,743
DA:67,641
DA:68,641
DA:69,641
DA:70,743
DA:71,743
DA:72,1
DA:73,1
DA:74,1
DA:75,1
DA:76,1
DA:77,1
DA:78,1
DA:79,1
DA:80,1
DA:81,1
DA:82,1
DA:83,1
DA:84,1
DA:85,1
DA:86,1
DA:87,1
DA:88,1
DA:89,1
DA:90,1
DA:91,1
DA:92,1
DA:93,1
DA:94,1
DA:95,0
DA:96,0
DA:97,0
DA:98,0
DA:99,0
DA:100,1
DA:101,1
DA:102,1
DA:103,1
DA:104,1
DA:105,1
DA:106,1
DA:107,1
DA:108,1
DA:109,1
DA:110,1
DA:111,1
DA:112,108
DA:113,108
DA:114,108
DA:115,108
DA:116,108
DA:117,108
DA:118,108
DA:119,108
DA:120,108
DA:121,0
DA:122,0
DA:123,0
DA:124,0
DA:125,0
DA:126,0
DA:127,0
DA:128,108
DA:129,108
DA:130,108
DA:131,108
DA:132,108
DA:133,108
DA:134,1
DA:135,1
DA:136,1
DA:137,1
DA:138,1
DA:139,1
DA:140,1
DA:141,1
DA:142,1
DA:143,12
DA:144,12
DA:145,12
DA:146,12
DA:147,12
DA:148,12
DA:149,12
DA:150,12
DA:151,12
DA:152,12
DA:153,12
DA:154,0
DA:155,0
DA:156,0
DA:157,0
DA:158,0
DA:159,0
DA:160,0
DA:161,12
DA:162,12
DA:163,12
DA:164,1
DA:165,2
DA:166,2
DA:167,2
DA:168,2
DA:169,2
DA:170,2
DA:171,2
DA:172,2
DA:173,1
DA:174,1
DA:175,1
DA:176,1
DA:177,1
DA:178,1
DA:179,176
DA:180,176
DA:181,176
DA:182,176
DA:183,176
DA:184,176
DA:185,176
DA:186,0
DA:187,0
DA:188,176
DA:189,0
DA:190,0
DA:191,176
DA:192,0
DA:193,0
DA:194,176
DA:195,176
DA:196,1
DA:197,1
DA:198,1
DA:199,350
DA:200,350
DA:201,350
DA:202,350
DA:203,350
DA:204,350
DA:205,350
DA:206,6
DA:207,6
DA:208,350
DA:209,350
DA:210,0
DA:211,0
DA:212,0
DA:213,0
DA:214,350
DA:215,350
DA:216,350
DA:217,1
DA:218,350
DA:219,350
DA:220,350
DA:221,350
DA:222,350
DA:223,350
DA:224,350
DA:225,350
DA:226,350
DA:227,1
DA:228,0
DA:229,0
DA:230,0
DA:231,0
DA:232,0
DA:233,0
DA:234,0
DA:235,0
DA:236,0
DA:237,0
DA:238,0
DA:239,0
DA:240,0
DA:241,0
DA:242,0
DA:243,0
DA:244,0
DA:245,0
DA:246,0
DA:247,0
DA:248,1
DA:249,0
DA:250,0
DA:251,0
DA:252,0
DA:253,0
DA:254,0
DA:255,0
DA:256,0
DA:257,0
DA:258,0
DA:259,0
DA:260,0
DA:261,0
DA:262,0
DA:263,0
LF:263
LH:193
BRDA:24,0,0,352
BRDA:35,1,0,176
BRDA:45,2,0,285
BRDA:64,3,0,743
BRDA:66,4,0,641
BRDA:82,5,0,1
BRDA:94,6,0,0
BRDA:94,7,0,0
BRDA:94,8,0,0
BRDA:112,9,0,108
BRDA:120,10,0,0
BRDA:143,11,0,12
BRDA:153,12,0,0
BRDA:165,13,0,2
BRDA:179,14,0,176
BRDA:185,15,0,0
BRDA:188,16,0,0
BRDA:191,17,0,0
BRDA:199,18,0,350
BRDA:205,19,0,6
BRDA:209,20,0,0
BRDA:218,21,0,350
BRDA:221,22,0,0
BRF:23
BRH:13
end_of_record
TN:
SF:src/utils/float32.ts
FN:7,hexString
FN:16,stringToFloat32
FN:38,float32ToHexString
FN:45,float32ToString
FN:52,hexStringToFloat64
FN:63,bigIntFloat32ToNumber
FN:76,numberToBigIntFloat32
FNF:7
FNH:6
FNDA:25828,hexString
FNDA:362,stringToFloat32
FNDA:2879853,float32ToHexString
FNDA:362,float32ToString
FNDA:0,hexStringToFloat64
FNDA:339,bigIntFloat32ToNumber
FNDA:65,numberToBigIntFloat32
DA:1,1
DA:2,1
DA:3,1
DA:4,1
DA:5,1
DA:6,1
DA:7,25828
DA:8,25828
DA:9,25828
DA:10,790
DA:11,25828
DA:12,25038
DA:13,25038
DA:14,25828
DA:15,1
DA:16,362
DA:17,362
DA:18,362
DA:19,362
DA:20,362
DA:21,362
DA:22,362
DA:23,362
DA:24,362
DA:25,362
DA:26,362
DA:27,362
DA:28,362
DA:29,362
DA:30,362
DA:31,362
DA:32,362
DA:33,362
DA:34,362
DA:35,362
DA:36,362
DA:37,1
DA:38,2879853
DA:39,2879853
DA:40,2879853
DA:41,2879853
DA:42,2879853
DA:43,1
DA:44,1
DA:45,362
DA:46,362
DA:47,362
DA:48,362
DA:49,362
DA:50,362
DA:51,1
DA:52,0
DA:53,0
DA:54,0
DA:55,0
DA:56,0
DA:57,0
DA:58,0
DA:59,1
DA:60,1
DA:61,1
DA:62,1
DA:63,339
DA:64,339
DA:65,339
DA:66,339
DA:67,339
DA:68,339
DA:69,339
DA:70,339
DA:71,339
DA:72,339
DA:73,339
DA:74,339
DA:75,1
DA:76,65
DA:77,65
DA:78,65
DA:79,65
DA:80,65
DA:81,65
DA:82,65
DA:83,65
DA:84,65
DA:85,65
DA:86,65
DA:87,65
DA:88,65
LF:88
LH:81
BRDA:7,0,0,25828
BRDA:9,1,0,790
BRDA:11,2,0,25038
BRDA:16,3,0,362
BRDA:38,4,0,2879853
BRDA:45,5,0,362
BRDA:63,6,0,339
BRDA:76,7,0,65
BRF:8
BRH:8
end_of_record
TN:
SF:src/utils/formatUtils.ts
FN:7,hexByte
FN:11,hexWord
FN:15,hexLong
FN:20,hexAddress
FNF:4
FNH:4
FNDA:3413372,hexByte
FNDA:611,hexWord
FNDA:105830,hexLong
FNDA:3546668,hexAddress
DA:1,1
DA:2,1
DA:3,1
DA:4,1
DA:5,1
DA:6,1
DA:7,3413372
DA:8,3413372
DA:9,3413372
DA:10,1
DA:11,611
DA:12,611
DA:13,611
DA:14,1
DA:15,105830
DA:16,105830
DA:17,105830
DA:18,105830
DA:19,1
DA:20,3546668
DA:21,3546668
DA:22,3546668
DA:23,3546668
LF:23
LH:23
BRDA:7,0,0,3413372
BRDA:11,1,0,611
BRDA:15,2,0,105830
BRDA:20,3,0,3546668
BRF:4
BRH:4
end_of_record
