TN:
SF:src/pnut-ts.ts
FN:35,PNutInTypeScript
FN:60,setArgs
FN:66,run
FN:70,writeOut
FN:71,writeErr
FN:73,outputError
FN:490,errorColor
FN:495,prefixName
FN:507,bigIntFloat32ToNumber
FN:520,numberToBigIntFloat32
FN:534,runTestCode
FN:565,runTestCodeOld
FNF:12
FNH:2
FNDA:95,PNutInTypeScript
FNDA:0,setArgs
FNDA:95,run
FNDA:0,writeOut
FNDA:0,writeErr
FNDA:0,outputError
FNDA:0,errorColor
FNDA:0,prefixName
FNDA:0,bigIntFloat32ToNumber
FNDA:0,numberToBigIntFloat32
FNDA:0,runTestCode
FNDA:0,runTestCodeOld
DA:1,1
DA:2,1
DA:3,1
DA:4,1
DA:5,1
DA:6,1
DA:7,1
DA:8,1
DA:9,1
DA:10,1
DA:11,1
DA:12,1
DA:13,1
DA:14,1
DA:15,1
DA:16,1
DA:17,1
DA:18,1
DA:19,1
DA:20,1
DA:21,1
DA:22,1
DA:23,1
DA:24,1
DA:25,1
DA:26,1
DA:27,1
DA:28,1
DA:29,1
DA:30,1
DA:31,1
DA:32,1
DA:33,1
DA:34,1
DA:35,1
DA:36,95
DA:37,95
DA:38,93
DA:39,93
DA:40,93
DA:41,95
DA:42,0
DA:43,0
DA:44,95
DA:45,95
DA:46,95
DA:47,0
DA:48,0
DA:49,95
DA:50,95
DA:51,0
DA:52,95
DA:53,95
DA:54,95
DA:55,0
DA:56,95
DA:57,95
DA:58,95
DA:59,1
DA:60,1
DA:61,0
DA:62,0
DA:63,0
DA:64,0
DA:65,1
DA:66,1
DA:67,95
DA:68,95
DA:69,95
DA:70,95
DA:71,95
DA:72,95
DA:73,95
DA:74,95
DA:75,95
DA:76,95
DA:77,95
DA:78,95
DA:79,95
DA:80,95
DA:81,95
DA:82,95
DA:83,95
DA:84,95
DA:85,95
DA:86,95
DA:87,95
DA:88,95
DA:89,95
DA:90,95
DA:91,95
DA:92,95
DA:93,95
DA:94,95
DA:95,95
DA:96,95
DA:97,95
DA:98,95
DA:99,95
DA:100,95
DA:101,95
DA:102,95
DA:103,95
DA:104,95
DA:105,95
DA:106,95
DA:107,95
DA:108,95
DA:109,95
DA:110,95
DA:111,95
DA:112,95
DA:113,95
DA:114,95
DA:115,95
DA:116,95
DA:117,95
DA:118,95
DA:119,95
DA:120,95
DA:121,95
DA:122,95
DA:123,95
DA:124,95
DA:125,95
DA:126,95
DA:127,95
DA:128,95
DA:129,95
DA:130,95
DA:131,95
DA:132,95
DA:133,95
DA:134,95
DA:135,0
DA:136,0
DA:137,95
DA:138,95
DA:139,95
DA:140,95
DA:141,95
DA:142,95
DA:143,95
DA:144,95
DA:145,95
DA:146,95
DA:147,95
DA:148,95
DA:149,95
DA:150,95
DA:151,95
DA:152,95
DA:153,95
DA:154,95
DA:155,0
DA:156,0
DA:157,0
DA:158,0
DA:159,0
DA:160,0
DA:161,0
DA:162,0
DA:163,0
DA:164,0
DA:165,0
DA:166,0
DA:167,0
DA:168,0
DA:169,0
DA:170,0
DA:171,0
DA:172,0
DA:173,0
DA:174,0
DA:175,0
DA:176,0
DA:177,95
DA:178,95
DA:179,95
DA:180,95
DA:181,95
DA:182,95
DA:183,95
DA:184,95
DA:185,95
DA:186,95
DA:187,0
DA:188,0
DA:189,95
DA:190,95
DA:191,93
DA:192,93
DA:193,95
DA:194,1
DA:195,1
DA:196,95
DA:197,95
DA:198,95
DA:199,95
DA:200,95
DA:201,95
DA:202,95
DA:203,93
DA:204,93
DA:205,95
DA:206,95
DA:207,95
DA:208,95
DA:209,95
DA:210,95
DA:211,95
DA:212,95
DA:213,95
DA:214,95
DA:215,95
DA:216,95
DA:217,95
DA:218,95
DA:219,95
DA:220,95
DA:221,95
DA:222,95
DA:223,95
DA:224,95
DA:225,0
DA:226,0
DA:227,0
DA:228,0
DA:229,0
DA:230,95
DA:231,95
DA:232,95
DA:233,95
DA:234,95
DA:235,2
DA:236,95
DA:237,93
DA:238,93
DA:239,95
DA:240,95
DA:241,95
DA:242,95
DA:243,95
DA:244,93
DA:245,93
DA:246,93
DA:247,0
DA:248,0
DA:249,93
DA:250,93
DA:251,95
DA:252,95
DA:253,95
DA:254,95
DA:255,95
DA:256,95
DA:257,95
DA:258,95
DA:259,93
DA:260,93
DA:261,93
DA:262,93
DA:263,93
DA:264,93
DA:265,93
DA:266,93
DA:267,93
DA:268,0
DA:269,0
DA:270,0
DA:271,93
DA:272,0
DA:273,0
DA:274,0
DA:275,93
DA:276,0
DA:277,0
DA:278,0
DA:279,93
DA:280,95
DA:281,95
DA:282,0
DA:283,0
DA:284,0
DA:285,0
DA:286,0
DA:287,0
DA:288,0
DA:289,0
DA:290,0
DA:291,0
DA:292,0
DA:293,0
DA:294,0
DA:295,0
DA:296,0
DA:297,0
DA:298,0
DA:299,0
DA:300,0
DA:301,0
DA:302,0
DA:303,0
DA:304,0
DA:305,0
DA:306,0
DA:307,0
DA:308,0
DA:309,95
DA:310,95
DA:311,0
DA:312,0
DA:313,0
DA:314,0
DA:315,0
DA:316,0
DA:317,0
DA:318,0
DA:319,0
DA:320,0
DA:321,0
DA:322,0
DA:323,0
DA:324,0
DA:325,0
DA:326,0
DA:327,0
DA:328,95
DA:329,95
DA:330,0
DA:331,0
DA:332,0
DA:333,0
DA:334,0
DA:335,95
DA:336,95
DA:337,95
DA:338,95
DA:339,95
DA:340,95
DA:341,95
DA:342,95
DA:343,95
DA:344,95
DA:345,25
DA:346,25
DA:347,25
DA:348,25
DA:349,95
DA:350,95
DA:351,0
DA:352,0
DA:353,0
DA:354,0
DA:355,95
DA:356,95
DA:357,95
DA:358,95
DA:359,95
DA:360,95
DA:361,95
DA:362,95
DA:363,95
DA:364,95
DA:365,95
DA:366,95
DA:367,95
DA:368,95
DA:369,95
DA:370,95
DA:371,95
DA:372,95
DA:373,95
DA:374,95
DA:375,95
DA:376,2
DA:377,2
DA:378,2
DA:379,95
DA:380,93
DA:381,93
DA:382,93
DA:383,95
DA:384,95
DA:385,95
DA:386,95
DA:387,0
DA:388,0
DA:389,0
DA:390,0
DA:391,0
DA:392,0
DA:393,95
DA:394,95
DA:395,0
DA:396,0
DA:397,0
DA:398,0
DA:399,0
DA:400,0
DA:401,0
DA:402,95
DA:403,95
DA:404,0
DA:405,0
DA:406,0
DA:407,0
DA:408,0
DA:409,0
DA:410,0
DA:411,95
DA:412,95
DA:413,95
DA:414,0
DA:415,0
DA:416,0
DA:417,95
DA:418,95
DA:419,93
DA:420,93
DA:421,93
DA:422,93
DA:423,0
DA:424,0
DA:425,93
DA:426,93
DA:427,93
DA:428,93
DA:429,93
DA:430,93
DA:431,93
DA:432,93
DA:433,93
DA:434,93
DA:435,93
DA:436,93
DA:437,93
DA:438,93
DA:439,93
DA:440,93
DA:441,93
DA:442,95
DA:443,2
DA:444,0
DA:445,0
DA:446,0
DA:447,0
DA:448,0
DA:449,0
DA:450,2
DA:451,95
DA:452,95
DA:453,95
DA:454,95
DA:455,95
DA:456,95
DA:457,95
DA:458,95
DA:459,95
DA:460,95
DA:461,93
DA:462,93
DA:463,93
DA:464,93
DA:465,93
DA:466,93
DA:467,0
DA:468,0
DA:469,0
DA:470,0
DA:471,93
DA:472,93
DA:473,95
DA:474,95
DA:475,95
DA:476,95
DA:477,0
DA:478,95
DA:479,95
DA:480,95
DA:481,95
DA:482,95
DA:483,95
DA:484,1
DA:485,1
DA:486,1
DA:487,1
DA:488,1
DA:489,1
DA:490,1
DA:491,0
DA:492,0
DA:493,0
DA:494,1
DA:495,1
DA:496,0
DA:497,0
DA:498,0
DA:499,0
DA:500,0
DA:501,0
DA:502,1
DA:503,1
DA:504,1
DA:505,1
DA:506,1
DA:507,1
DA:508,0
DA:509,0
DA:510,0
DA:511,0
DA:512,0
DA:513,0
DA:514,0
DA:515,0
DA:516,0
DA:517,0
DA:518,0
DA:519,1
DA:520,1
DA:521,0
DA:522,0
DA:523,0
DA:524,0
DA:525,0
DA:526,0
DA:527,0
DA:528,0
DA:529,0
DA:530,0
DA:531,0
DA:532,0
DA:533,1
DA:534,1
DA:535,0
DA:536,0
DA:537,0
DA:538,0
DA:539,0
DA:540,0
DA:541,0
DA:542,0
DA:543,0
DA:544,0
DA:545,0
DA:546,0
DA:547,0
DA:548,0
DA:549,0
DA:550,0
DA:551,0
DA:552,0
DA:553,0
DA:554,0
DA:555,0
DA:556,0
DA:557,0
DA:558,0
DA:559,0
DA:560,0
DA:561,0
DA:562,0
DA:563,0
DA:564,1
DA:565,1
DA:566,0
DA:567,0
DA:568,0
DA:569,0
DA:570,0
DA:571,0
DA:572,0
DA:573,0
DA:574,0
DA:575,0
DA:576,0
DA:577,0
DA:578,0
DA:579,0
DA:580,0
DA:581,0
DA:582,0
DA:583,0
DA:584,0
DA:585,0
DA:586,0
DA:587,0
DA:588,0
DA:589,0
DA:590,0
DA:591,0
DA:592,0
DA:593,0
DA:594,0
DA:595,0
DA:596,0
DA:597,0
DA:598,0
DA:599,0
DA:600,0
DA:601,0
DA:602,0
DA:603,0
DA:604,0
DA:605,0
DA:606,0
DA:607,0
DA:608,0
DA:609,0
DA:610,0
DA:611,0
DA:612,0
DA:613,0
DA:614,0
DA:615,0
DA:616,1
DA:617,1
DA:618,1
DA:619,1
DA:620,1
DA:621,1
DA:622,1
DA:623,1
DA:624,1
LF:624
LH:372
BRDA:35,0,0,95
BRDA:37,1,0,93
BRDA:66,2,0,95
BRDA:134,3,0,0
BRDA:134,4,0,0
BRDA:137,5,0,2
BRDA:137,6,0,93
BRDA:154,7,0,0
BRDA:186,8,0,0
BRDA:190,9,0,93
BRDA:193,10,0,1
BRDA:202,11,0,93
BRDA:224,12,0,0
BRDA:234,13,0,2
BRDA:236,14,0,93
BRDA:243,15,0,93
BRDA:246,16,0,0
BRDA:258,17,0,93
BRDA:267,18,0,0
BRDA:271,19,0,0
BRDA:275,20,0,0
BRDA:281,21,0,0
BRDA:310,22,0,0
BRDA:329,23,0,0
BRDA:344,24,0,25
BRDA:350,25,0,0
BRDA:375,26,0,2
BRDA:379,27,0,93
BRDA:386,28,0,0
BRDA:394,29,0,0
BRDA:403,30,0,0
BRDA:413,31,0,93
BRDA:413,32,0,0
BRDA:418,33,0,93
BRDA:418,34,0,93
BRDA:422,35,0,0
BRDA:442,36,0,2
BRDA:443,37,0,0
BRDA:460,38,0,93
BRDA:460,39,0,93
BRDA:466,40,0,0
BRDA:476,41,0,0
BRDA:80,42,0,95
BRF:43
BRH:22
end_of_record
TN:
SF:src/classes/blockStack.ts
FN:18,BlockNestLevel
FN:26,get type
FN:30,setType
FN:34,setValue
FN:42,value
FN:52,logMessage
FN:65,BlockStack
FN:69,reset
FN:74,get topIndex
FN:78,get isEmpty
FN:82,get topNestLevel
FN:87,add
FN:94,remove
FN:102,overrideType
FN:110,write
FN:118,read
FN:128,readAtLevel
FN:139,typeAtLevel
FN:150,enableLogging
FN:155,nestLevelAt
FN:165,logMessage
FNF:21
FNH:19
FNDA:4148,BlockNestLevel
FNDA:26182,get type
FNDA:216,setType
FNDA:29139,setValue
FNDA:21306,value
FNDA:0,logMessage
FNDA:93,BlockStack
FNDA:199,reset
FNDA:13756,get topIndex
FNDA:0,get isEmpty
FNDA:45417,get topNestLevel
FNDA:4148,add
FNDA:4148,remove
FNDA:216,overrideType
FNDA:29139,write
FNDA:16062,read
FNDA:5244,readAtLevel
FNDA:26182,typeAtLevel
FNDA:93,enableLogging
FNDA:31426,nestLevelAt
FNDA:8495,logMessage
DA:1,1
DA:2,1
DA:3,1
DA:4,1
DA:5,1
DA:6,1
DA:7,1
DA:8,1
DA:9,1
DA:10,1
DA:11,1
DA:12,1
DA:13,1
DA:14,1
DA:15,1
DA:16,1
DA:17,1
DA:18,1
DA:19,4148
DA:20,4148
DA:21,4148
DA:22,4148
DA:23,4148
DA:24,4148
DA:25,1
DA:26,1
DA:27,26182
DA:28,26182
DA:29,1
DA:30,1
DA:31,216
DA:32,216
DA:33,1
DA:34,1
DA:35,29139
DA:36,29139
DA:37,29139
DA:38,0
DA:39,0
DA:40,29139
DA:41,1
DA:42,1
DA:43,21306
DA:44,21306
DA:45,21306
DA:46,21306
DA:47,0
DA:48,0
DA:49,21306
DA:50,21306
DA:51,1
DA:52,1
DA:53,0
DA:54,0
DA:55,0
DA:56,0
DA:57,1
DA:58,1
DA:59,1
DA:60,1
DA:61,1
DA:62,1
DA:63,1
DA:64,1
DA:65,1
DA:66,93
DA:67,93
DA:68,1
DA:69,1
DA:70,199
DA:71,199
DA:72,199
DA:73,1
DA:74,1
DA:75,13756
DA:76,13756
DA:77,1
DA:78,1
DA:79,0
DA:80,0
DA:81,1
DA:82,1
DA:83,45417
DA:84,45417
DA:85,45417
DA:86,1
DA:87,1
DA:88,4148
DA:89,4148
DA:90,4148
DA:91,4148
DA:92,4148
DA:93,1
DA:94,1
DA:95,4148
DA:96,4148
DA:97,4148
DA:98,4148
DA:99,4148
DA:100,4148
DA:101,1
DA:102,1
DA:103,216
DA:104,216
DA:105,216
DA:106,0
DA:107,0
DA:108,216
DA:109,1
DA:110,1
DA:111,29139
DA:112,29139
DA:113,29139
DA:114,0
DA:115,0
DA:116,29139
DA:117,1
DA:118,1
DA:119,16062
DA:120,16062
DA:121,16062
DA:122,16062
DA:123,0
DA:124,0
DA:125,16062
DA:126,16062
DA:127,1
DA:128,1
DA:129,5244
DA:130,5244
DA:131,5244
DA:132,5244
DA:133,5244
DA:134,5244
DA:135,5244
DA:136,5244
DA:137,5244
DA:138,1
DA:139,1
DA:140,26182
DA:141,26182
DA:142,26182
DA:143,26182
DA:144,26182
DA:145,26182
DA:146,26182
DA:147,26182
DA:148,26182
DA:149,1
DA:150,1
DA:151,93
DA:152,93
DA:153,93
DA:154,1
DA:155,1
DA:156,31426
DA:157,31426
DA:158,31426
DA:159,31426
DA:160,0
DA:161,0
DA:162,31426
DA:163,31426
DA:164,1
DA:165,1
DA:166,8495
DA:167,0
DA:168,0
DA:169,8495
DA:170,1
LF:170
LH:150
BRDA:18,0,0,4148
BRDA:26,1,0,26182
BRDA:30,2,0,216
BRDA:34,3,0,29139
BRDA:37,4,0,0
BRDA:42,5,0,21306
BRDA:46,6,0,0
BRDA:65,7,0,93
BRDA:69,8,0,199
BRDA:74,9,0,13756
BRDA:75,10,0,0
BRDA:82,11,0,45417
BRDA:87,12,0,4148
BRDA:94,13,0,4148
BRDA:102,14,0,216
BRDA:105,15,0,0
BRDA:110,16,0,29139
BRDA:113,17,0,0
BRDA:118,18,0,16062
BRDA:122,19,0,0
BRDA:128,20,0,5244
BRDA:139,21,0,26182
BRDA:150,22,0,93
BRDA:155,23,0,31426
BRDA:159,24,0,0
BRDA:165,25,0,8495
BRDA:166,26,0,0
BRF:27
BRH:19
end_of_record
TN:
SF:src/classes/childObjectsImage.ts
FN:26,ChildObjectsImage
FN:32,get rawUint8Array
FN:36,clear
FN:40,get objectFileCount
FN:44,get objectFileRanges
FN:48,checksum
FN:57,recordLengthOffsetForFile
FN:69,getOffsetAndLengthForFile
FN:82,setOffset
FN:92,get offset
FN:96,readSymbolName
FN:110,readByte
FN:114,read
FN:121,readLong
FN:131,write
FN:136,logMessage
FNF:16
FNH:15
FNDA:283,ChildObjectsImage
FNDA:0,get rawUint8Array
FNDA:35,clear
FNDA:448,get objectFileCount
FNDA:138,get objectFileRanges
FNDA:69,checksum
FNDA:231,recordLengthOffsetForFile
FNDA:367,getOffsetAndLengthForFile
FNDA:560,setOffset
FNDA:328,get offset
FNDA:95,readSymbolName
FNDA:164,readByte
FNDA:648635,read
FNDA:549,readLong
FNDA:725220,write
FNDA:1265,logMessage
DA:1,1
DA:2,1
DA:3,1
DA:4,1
DA:5,1
DA:6,1
DA:7,1
DA:8,1
DA:9,1
DA:10,1
DA:11,1
DA:12,1
DA:13,1
DA:14,1
DA:15,1
DA:16,1
DA:17,1
DA:18,1
DA:19,1
DA:20,1
DA:21,1
DA:22,1
DA:23,1
DA:24,1
DA:25,1
DA:26,1
DA:27,283
DA:28,283
DA:29,283
DA:30,283
DA:31,1
DA:32,1
DA:33,0
DA:34,0
DA:35,1
DA:36,1
DA:37,35
DA:38,35
DA:39,1
DA:40,1
DA:41,448
DA:42,448
DA:43,1
DA:44,1
DA:45,138
DA:46,138
DA:47,1
DA:48,1
DA:49,69
DA:50,69
DA:51,3253
DA:52,3253
DA:53,69
DA:54,69
DA:55,69
DA:56,1
DA:57,1
DA:58,231
DA:59,231
DA:60,231
DA:61,231
DA:62,231
DA:63,231
DA:64,231
DA:65,38
DA:66,38
DA:67,231
DA:68,1
DA:69,1
DA:70,367
DA:71,367
DA:72,367
DA:73,367
DA:74,367
DA:75,367
DA:76,0
DA:77,0
DA:78,0
DA:79,367
DA:80,367
DA:81,1
DA:82,1
DA:83,560
DA:84,560
DA:85,560
DA:86,560
DA:87,560
DA:88,0
DA:89,0
DA:90,560
DA:91,1
DA:92,1
DA:93,328
DA:94,328
DA:95,1
DA:96,1
DA:97,95
DA:98,95
DA:99,95
DA:100,435
DA:101,435
DA:102,95
DA:103,95
DA:104,340
DA:105,340
DA:106,340
DA:107,95
DA:108,95
DA:109,1
DA:110,1
DA:111,164
DA:112,164
DA:113,1
DA:114,1
DA:115,648635
DA:116,648635
DA:117,648635
DA:118,648635
DA:119,648635
DA:120,1
DA:121,1
DA:122,549
DA:123,549
DA:124,549
DA:125,549
DA:126,549
DA:127,549
DA:128,549
DA:129,549
DA:130,1
DA:131,1
DA:132,725220
DA:133,725220
DA:134,725220
DA:135,1
DA:136,1
DA:137,1265
DA:138,0
DA:139,0
DA:140,1265
DA:141,1
LF:141
LH:132
BRDA:26,0,0,283
BRDA:36,1,0,35
BRDA:40,2,0,448
BRDA:44,3,0,138
BRDA:48,4,0,69
BRDA:50,5,0,3253
BRDA:57,6,0,231
BRDA:64,7,0,38
BRDA:69,8,0,367
BRDA:75,9,0,0
BRDA:82,10,0,560
BRDA:87,11,0,0
BRDA:92,12,0,328
BRDA:96,13,0,95
BRDA:99,14,0,435
BRDA:101,15,0,95
BRDA:104,16,0,340
BRDA:110,17,0,164
BRDA:114,18,0,648635
BRDA:121,19,0,549
BRDA:131,20,0,725220
BRDA:136,21,0,1265
BRDA:137,22,0,0
BRF:23
BRH:20
end_of_record
TN:
SF:src/classes/compiler.ts
FN:39,Compiler
FN:52,Compile
FN:102,compileRecursively
FN:237,uniqueObjectName
FN:251,logMessage
FNF:5
FNH:4
FNDA:93,Compiler
FNDA:93,Compile
FNDA:163,compileRecursively
FNDA:0,uniqueObjectName
FNDA:1768,logMessage
DA:1,1
DA:2,1
DA:3,1
DA:4,1
DA:5,1
DA:6,1
DA:7,1
DA:8,1
DA:9,1
DA:10,1
DA:11,1
DA:12,1
DA:13,1
DA:14,1
DA:15,1
DA:16,1
DA:17,1
DA:18,1
DA:19,1
DA:20,1
DA:21,1
DA:22,1
DA:23,1
DA:24,1
DA:25,1
DA:26,1
DA:27,1
DA:28,1
DA:29,1
DA:30,1
DA:31,1
DA:32,1
DA:33,1
DA:34,1
DA:35,1
DA:36,1
DA:37,1
DA:38,1
DA:39,1
DA:40,93
DA:41,93
DA:42,93
DA:43,93
DA:44,93
DA:45,93
DA:46,93
DA:47,93
DA:48,93
DA:49,93
DA:50,93
DA:51,1
DA:52,1
DA:53,93
DA:54,93
DA:55,93
DA:56,93
DA:57,93
DA:58,93
DA:59,0
DA:60,0
DA:61,0
DA:62,93
DA:63,93
DA:64,93
DA:65,0
DA:66,0
DA:67,0
DA:68,93
DA:69,93
DA:70,93
DA:71,93
DA:72,93
DA:73,93
DA:74,93
DA:75,93
DA:76,93
DA:77,93
DA:78,93
DA:79,93
DA:80,93
DA:81,93
DA:82,6
DA:83,6
DA:84,6
DA:85,6
DA:86,6
DA:87,6
DA:88,6
DA:89,6
DA:90,6
DA:91,0
DA:92,0
DA:93,6
DA:94,0
DA:95,0
DA:96,0
DA:97,6
DA:98,93
DA:99,93
DA:100,1
DA:101,1
DA:102,1
DA:103,163
DA:104,163
DA:105,163
DA:106,0
DA:107,0
DA:108,163
DA:109,163
DA:110,163
DA:111,163
DA:112,163
DA:113,163
DA:114,163
DA:115,163
DA:116,163
DA:117,163
DA:118,163
DA:119,163
DA:120,163
DA:121,163
DA:122,163
DA:123,163
DA:124,163
DA:125,163
DA:126,163
DA:127,163
DA:128,163
DA:129,0
DA:130,0
DA:131,163
DA:132,36
DA:133,36
DA:134,36
DA:135,70
DA:136,70
DA:137,70
DA:138,70
DA:139,70
DA:140,70
DA:141,70
DA:142,70
DA:143,70
DA:144,70
DA:145,70
DA:146,70
DA:147,70
DA:148,35
DA:149,162
DA:150,162
DA:151,162
DA:152,162
DA:153,162
DA:154,162
DA:155,162
DA:156,162
DA:157,163
DA:158,35
DA:159,35
DA:160,35
DA:161,69
DA:162,69
DA:163,69
DA:164,69
DA:165,69
DA:166,69
DA:167,69
DA:168,69
DA:169,69
DA:170,3253
DA:171,3253
DA:172,69
DA:173,69
DA:174,69
DA:175,69
DA:176,69
DA:177,69
DA:178,69
DA:179,69
DA:180,107
DA:181,107
DA:182,107
DA:183,69
DA:184,69
DA:185,35
DA:186,162
DA:187,162
DA:188,162
DA:189,163
DA:190,2
DA:191,2
DA:192,2
DA:193,6
DA:194,6
DA:195,6
DA:196,6
DA:197,6
DA:198,6
DA:199,6
DA:200,321093
DA:201,321093
DA:202,6
DA:203,6
DA:204,6
DA:205,6
DA:206,2
DA:207,162
DA:208,162
DA:209,162
DA:210,162
DA:211,162
DA:212,162
DA:213,162
DA:214,163
DA:215,0
DA:216,0
DA:217,156
DA:218,156
DA:219,156
DA:220,156
DA:221,159
DA:222,400874
DA:223,400874
DA:224,156
DA:225,156
DA:226,156
DA:227,156
DA:228,156
DA:229,156
DA:230,156
DA:231,156
DA:232,163
DA:233,163
DA:234,156
DA:235,156
DA:236,1
DA:237,1
DA:238,0
DA:239,0
DA:240,0
DA:241,0
DA:242,0
DA:243,0
DA:244,0
DA:245,0
DA:246,0
DA:247,0
DA:248,0
DA:249,0
DA:250,1
DA:251,1
DA:252,1768
DA:253,0
DA:254,0
DA:255,1768
DA:256,1
LF:256
LH:225
BRDA:39,0,0,93
BRDA:52,1,0,93
BRDA:58,2,0,0
BRDA:64,3,0,0
BRDA:81,4,0,6
BRDA:90,5,0,0
BRDA:93,6,0,0
BRDA:102,7,0,163
BRDA:105,8,0,0
BRDA:128,9,0,20
BRDA:128,10,0,0
BRDA:131,11,0,36
BRDA:134,12,0,70
BRDA:148,13,0,35
BRDA:149,14,0,162
BRDA:157,15,0,35
BRDA:160,16,0,69
BRDA:169,17,0,3253
BRDA:179,18,0,107
BRDA:186,19,0,162
BRDA:189,20,0,2
BRDA:192,21,0,6
BRDA:196,22,0,0
BRDA:199,23,0,321093
BRDA:207,24,0,162
BRDA:214,25,0,159
BRDA:214,26,0,0
BRDA:217,27,0,156
BRDA:221,28,0,400874
BRDA:224,29,0,156
BRDA:234,30,0,156
BRDA:251,31,0,1768
BRDA:252,32,0,0
BRF:33
BRH:24
end_of_record
TN:
SF:src/classes/debugData.ts
FN:20,DebugRecord
FN:25,get length
FN:29,append
FN:37,byteAt
FN:45,get rawUint8Array
FN:49,clear
FN:65,DebugData
FN:74,setLogging
FN:78,get rawUint8Array
FN:82,get offset
FN:87,get offsetHex
FN:92,get length
FN:96,get collapseDebugData
FN:121,recordExists
FN:126,recordIsMatch
FN:141,setRecord
FN:160,setOffsetTo
FN:166,read
FN:175,updateMax
FN:181,readWord
FN:191,replaceWord
FN:204,reset
FN:210,dumpBytes
FN:234,logMessage
FNF:24
FNH:15
FNDA:93,DebugRecord
FNDA:28326,get length
FNDA:6584,append
FNDA:13234,byteAt
FNDA:0,get rawUint8Array
FNDA:397,clear
FNDA:93,DebugData
FNDA:0,setLogging
FNDA:0,get rawUint8Array
FNDA:0,get offset
FNDA:0,get offsetHex
FNDA:50,get length
FNDA:25,get collapseDebugData
FNDA:1060,recordExists
FNDA:960,recordIsMatch
FNDA:100,setRecord
FNDA:100,setOffsetTo
FNDA:0,read
FNDA:0,updateMax
FNDA:2395,readWord
FNDA:293,replaceWord
FNDA:0,reset
FNDA:0,dumpBytes
FNDA:1453,logMessage
DA:1,1
DA:2,1
DA:3,1
DA:4,1
DA:5,1
DA:6,1
DA:7,1
DA:8,1
DA:9,1
DA:10,1
DA:11,1
DA:12,1
DA:13,1
DA:14,1
DA:15,1
DA:16,1
DA:17,1
DA:18,1
DA:19,1
DA:20,1
DA:21,93
DA:22,93
DA:23,93
DA:24,1
DA:25,1
DA:26,28326
DA:27,28326
DA:28,1
DA:29,1
DA:30,6584
DA:31,0
DA:32,0
DA:33,0
DA:34,6584
DA:35,6584
DA:36,1
DA:37,1
DA:38,13234
DA:39,13234
DA:40,13234
DA:41,13234
DA:42,13234
DA:43,13234
DA:44,1
DA:45,1
DA:46,0
DA:47,0
DA:48,1
DA:49,1
DA:50,397
DA:51,397
DA:52,1
DA:53,1
DA:54,1
DA:55,1
DA:56,1
DA:57,1
DA:58,1
DA:59,1
DA:60,1
DA:61,1
DA:62,1
DA:63,1
DA:64,1
DA:65,1
DA:66,93
DA:67,93
DA:68,93
DA:69,93
DA:70,93
DA:71,93
DA:72,93
DA:73,1
DA:74,1
DA:75,0
DA:76,0
DA:77,1
DA:78,1
DA:79,0
DA:80,0
DA:81,1
DA:82,1
DA:83,0
DA:84,0
DA:85,0
DA:86,1
DA:87,1
DA:88,0
DA:89,0
DA:90,0
DA:91,1
DA:92,1
DA:93,50
DA:94,50
DA:95,1
DA:96,1
DA:97,25
DA:98,25
DA:99,25
DA:100,25
DA:101,25
DA:102,150
DA:103,150
DA:104,25
DA:105,25
DA:106,125
DA:107,125
DA:108,25
DA:109,25
DA:110,25
DA:111,25
DA:112,25
DA:113,125
DA:114,125
DA:115,125
DA:116,125
DA:117,25
DA:118,25
DA:119,25
DA:120,1
DA:121,1
DA:122,1060
DA:123,1060
DA:124,1060
DA:125,1
DA:126,1
DA:127,960
DA:128,960
DA:129,960
DA:130,960
DA:131,9502
DA:132,9502
DA:133,862
DA:134,862
DA:135,862
DA:136,9502
DA:137,960
DA:138,960
DA:139,960
DA:140,1
DA:141,1
DA:142,100
DA:143,100
DA:144,100
DA:145,100
DA:146,0
DA:147,0
DA:148,0
DA:149,100
DA:150,100
DA:151,3732
DA:152,3732
DA:153,100
DA:154,100
DA:155,100
DA:156,100
DA:157,100
DA:158,100
DA:159,1
DA:160,1
DA:161,100
DA:162,100
DA:163,100
DA:164,100
DA:165,1
DA:166,1
DA:167,0
DA:168,0
DA:169,0
DA:170,0
DA:171,0
DA:172,0
DA:173,0
DA:174,1
DA:175,1
DA:176,0
DA:177,0
DA:178,0
DA:179,0
DA:180,1
DA:181,1
DA:182,2395
DA:183,2395
DA:184,2395
DA:185,2395
DA:186,2395
DA:187,2395
DA:188,2395
DA:189,2395
DA:190,1
DA:191,1
DA:192,293
DA:193,293
DA:194,293
DA:195,293
DA:196,293
DA:197,293
DA:198,293
DA:199,293
DA:200,293
DA:201,293
DA:202,293
DA:203,1
DA:204,1
DA:205,0
DA:206,0
DA:207,0
DA:208,0
DA:209,1
DA:210,1
DA:211,0
DA:212,0
DA:213,0
DA:214,0
DA:215,0
DA:216,0
DA:217,0
DA:218,0
DA:219,0
DA:220,0
DA:221,0
DA:222,0
DA:223,0
DA:224,0
DA:225,0
DA:226,0
DA:227,0
DA:228,0
DA:229,0
DA:230,0
DA:231,0
DA:232,0
DA:233,1
DA:234,1
DA:235,1453
DA:236,0
DA:237,0
DA:238,1453
DA:239,1
LF:239
LH:182
BRDA:20,0,0,93
BRDA:25,1,0,28326
BRDA:29,2,0,6584
BRDA:30,3,0,0
BRDA:37,4,0,13234
BRDA:49,5,0,397
BRDA:65,6,0,93
BRDA:92,7,0,50
BRDA:96,8,0,25
BRDA:101,9,0,150
BRDA:103,10,0,25
BRDA:106,11,0,125
BRDA:112,12,0,125
BRDA:121,13,0,1060
BRDA:126,14,0,960
BRDA:130,15,0,9502
BRDA:132,16,0,862
BRDA:141,17,0,100
BRDA:145,18,0,0
BRDA:150,19,0,3732
BRDA:160,20,0,100
BRDA:181,21,0,2395
BRDA:191,22,0,293
BRDA:234,23,0,1453
BRDA:235,24,0,0
BRF:25
BRH:22
end_of_record
TN:
SF:src/classes/distillerList.ts
FN:28,DistillerRecord
FN:37,get objectId
FN:40,get objectOffset
FN:43,get subObjectCount
FN:46,get methodCount
FN:49,get objectSize
FN:52,get subObjectIds
FN:56,toString
FN:67,DistillerList
FN:72,enableLogging
FN:77,get recordCount
FN:81,addrecord
FN:90,record
FN:99,dumpRecords
FN:113,logMessage
FNF:15
FNH:2
FNDA:0,DistillerRecord
FNDA:0,get objectId
FNDA:0,get objectOffset
FNDA:0,get subObjectCount
FNDA:0,get methodCount
FNDA:0,get objectSize
FNDA:0,get subObjectIds
FNDA:0,toString
FNDA:93,DistillerList
FNDA:93,enableLogging
FNDA:0,get recordCount
FNDA:0,addrecord
FNDA:0,record
FNDA:0,dumpRecords
FNDA:0,logMessage
DA:1,1
DA:2,1
DA:3,1
DA:4,1
DA:5,1
DA:6,1
DA:7,1
DA:8,1
DA:9,1
DA:10,1
DA:11,1
DA:12,1
DA:13,1
DA:14,1
DA:15,1
DA:16,1
DA:17,1
DA:18,1
DA:19,1
DA:20,1
DA:21,1
DA:22,1
DA:23,1
DA:24,1
DA:25,1
DA:26,1
DA:27,1
DA:28,1
DA:29,0
DA:30,0
DA:31,0
DA:32,0
DA:33,0
DA:34,0
DA:35,0
DA:36,1
DA:37,1
DA:38,0
DA:39,0
DA:40,1
DA:41,0
DA:42,0
DA:43,1
DA:44,0
DA:45,0
DA:46,1
DA:47,0
DA:48,0
DA:49,1
DA:50,0
DA:51,0
DA:52,1
DA:53,0
DA:54,0
DA:55,1
DA:56,1
DA:57,0
DA:58,0
DA:59,0
DA:60,1
DA:61,1
DA:62,1
DA:63,1
DA:64,1
DA:65,1
DA:66,1
DA:67,1
DA:68,93
DA:69,93
DA:70,93
DA:71,1
DA:72,1
DA:73,93
DA:74,93
DA:75,93
DA:76,1
DA:77,1
DA:78,0
DA:79,0
DA:80,1
DA:81,1
DA:82,0
DA:83,0
DA:84,0
DA:85,0
DA:86,0
DA:87,0
DA:88,0
DA:89,1
DA:90,1
DA:91,0
DA:92,0
DA:93,0
DA:94,0
DA:95,0
DA:96,0
DA:97,0
DA:98,1
DA:99,1
DA:100,0
DA:101,0
DA:102,0
DA:103,0
DA:104,0
DA:105,0
DA:106,0
DA:107,0
DA:108,0
DA:109,0
DA:110,0
DA:111,0
DA:112,1
DA:113,1
DA:114,0
DA:115,0
DA:116,0
DA:117,0
DA:118,1
LF:118
LH:64
BRDA:67,0,0,93
BRDA:72,1,0,93
BRF:2
BRH:2
end_of_record
TN:
SF:src/classes/externalFiles.ts
FN:19,ExternalFiles
FN:23,get clockSetterLength
FN:30,get clockSetter
FN:34,get flashLoaderLength
FN:41,get flashLoader
FN:45,get spinDebuggerLength
FN:52,get spinDebugger
FN:56,get spinInterpreterLength
FN:63,get spinInterpreter
FN:67,loadFiles
FN:113,loadImage
FN:124,logMessage
FNF:12
FNH:10
FNDA:93,ExternalFiles
FNDA:7,get clockSetterLength
FNDA:7,get clockSetter
FNDA:0,get flashLoaderLength
FNDA:0,get flashLoader
FNDA:25,get spinDebuggerLength
FNDA:25,get spinDebugger
FNDA:138,get spinInterpreterLength
FNDA:69,get spinInterpreter
FNDA:78,loadFiles
FNDA:312,loadImage
FNDA:312,logMessage
DA:1,1
DA:2,1
DA:3,1
DA:4,1
DA:5,1
DA:6,1
DA:7,1
DA:8,1
DA:9,1
DA:10,1
DA:11,1
DA:12,1
DA:13,1
DA:14,1
DA:15,1
DA:16,1
DA:17,1
DA:18,1
DA:19,1
DA:20,93
DA:21,93
DA:22,1
DA:23,1
DA:24,7
DA:25,7
DA:26,7
DA:27,7
DA:28,7
DA:29,1
DA:30,1
DA:31,7
DA:32,7
DA:33,1
DA:34,1
DA:35,0
DA:36,0
DA:37,0
DA:38,0
DA:39,0
DA:40,1
DA:41,1
DA:42,0
DA:43,0
DA:44,1
DA:45,1
DA:46,25
DA:47,2
DA:48,2
DA:49,25
DA:50,25
DA:51,1
DA:52,1
DA:53,25
DA:54,25
DA:55,1
DA:56,1
DA:57,138
DA:58,69
DA:59,69
DA:60,138
DA:61,138
DA:62,1
DA:63,1
DA:64,69
DA:65,69
DA:66,1
DA:67,1
DA:68,78
DA:69,78
DA:70,78
DA:71,78
DA:72,78
DA:73,78
DA:74,78
DA:75,78
DA:76,78
DA:77,78
DA:78,78
DA:79,78
DA:80,78
DA:81,78
DA:82,1
DA:83,1
DA:84,1
DA:85,1
DA:86,1
DA:87,1
DA:88,1
DA:89,1
DA:90,1
DA:91,1
DA:92,1
DA:93,1
DA:94,1
DA:95,1
DA:96,78
DA:97,77
DA:98,77
DA:99,77
DA:100,77
DA:101,77
DA:102,77
DA:103,77
DA:104,77
DA:105,77
DA:106,77
DA:107,77
DA:108,77
DA:109,77
DA:110,77
DA:111,78
DA:112,1
DA:113,1
DA:114,312
DA:115,312
DA:116,312
DA:117,312
DA:118,312
DA:119,312
DA:120,312
DA:121,312
DA:122,312
DA:123,1
DA:124,1
DA:125,312
DA:126,0
DA:127,0
DA:128,312
DA:129,1
LF:129
LH:120
BRDA:19,0,0,93
BRDA:23,1,0,7
BRDA:30,2,0,7
BRDA:45,3,0,25
BRDA:46,4,0,2
BRDA:52,5,0,25
BRDA:56,6,0,138
BRDA:57,7,0,69
BRDA:63,8,0,69
BRDA:67,9,0,78
BRDA:81,10,0,1
BRDA:96,11,0,77
BRDA:113,12,0,312
BRDA:124,13,0,312
BRDA:125,14,0,0
BRF:15
BRH:14
end_of_record
TN:
SF:src/classes/logger.ts
FN:9,Logger
FN:13,setProgramName
FN:17,enabledVerbose
FN:22,errorMsg
FN:27,compilerErrorMsg
FN:38,verboseMsg
FN:48,infoMsg
FN:52,warningMsg
FN:57,progressMsg
FN:61,errorColor
FN:66,warningColor
FN:77,logMessage
FN:86,logErrorMessage
FNF:13
FNH:8
FNDA:95,Logger
FNDA:95,setProgramName
FNDA:0,enabledVerbose
FNDA:0,errorMsg
FNDA:6,compilerErrorMsg
FNDA:1033,verboseMsg
FNDA:95,infoMsg
FNDA:0,warningMsg
FNDA:476,progressMsg
FNDA:0,errorColor
FNDA:0,warningColor
FNDA:577,logMessage
FNDA:6,logErrorMessage
DA:1,1
DA:2,1
DA:3,1
DA:4,1
DA:5,1
DA:6,1
DA:7,1
DA:8,1
DA:9,95
DA:10,95
DA:11,95
DA:12,95
DA:13,95
DA:14,95
DA:15,95
DA:16,95
DA:17,95
DA:18,0
DA:19,0
DA:20,0
DA:21,95
DA:22,95
DA:23,0
DA:24,0
DA:25,0
DA:26,95
DA:27,95
DA:28,6
DA:29,0
DA:30,0
DA:31,6
DA:32,6
DA:33,0
DA:34,0
DA:35,6
DA:36,6
DA:37,95
DA:38,95
DA:39,1033
DA:40,0
DA:41,0
DA:42,0
DA:43,0
DA:44,0
DA:45,0
DA:46,1033
DA:47,95
DA:48,95
DA:49,95
DA:50,95
DA:51,95
DA:52,95
DA:53,0
DA:54,0
DA:55,0
DA:56,95
DA:57,95
DA:58,476
DA:59,476
DA:60,95
DA:61,95
DA:62,0
DA:63,0
DA:64,0
DA:65,95
DA:66,95
DA:67,0
DA:68,0
DA:69,0
DA:70,95
DA:71,95
DA:72,95
DA:73,95
DA:74,95
DA:75,95
DA:76,95
DA:77,95
DA:78,577
DA:79,577
DA:80,95
DA:81,95
DA:82,95
DA:83,95
DA:84,95
DA:85,95
DA:86,95
DA:87,6
DA:88,0
DA:89,0
DA:90,6
DA:91,6
DA:92,95
LF:92
LH:65
BRDA:9,0,0,95
BRDA:13,1,0,95
BRDA:27,2,0,6
BRDA:28,3,0,0
BRDA:31,4,0,0
BRDA:32,5,0,0
BRDA:38,6,0,1033
BRDA:39,7,0,0
BRDA:48,8,0,95
BRDA:57,9,0,476
BRDA:77,10,0,577
BRDA:86,11,0,6
BRDA:87,12,0,0
BRF:13
BRH:8
end_of_record
TN:
SF:src/classes/numberStack.ts
FN:18,NumberStack
FN:22,enableLogging
FN:27,setUnresolved
FN:31,get isUnresolved
FN:35,get isResolved
FN:39,push
FN:44,pop
FN:56,reset
FN:61,float32ToHexString
FN:67,logMessage
FNF:10
FNH:10
FNDA:93,NumberStack
FNDA:93,enableLogging
FNDA:1055,setUnresolved
FNDA:56118,get isUnresolved
FNDA:86262,get isResolved
FNDA:207939,push
FNDA:207915,pop
FNDA:137261,reset
FNDA:415854,float32ToHexString
FNDA:415854,logMessage
DA:1,1
DA:2,1
DA:3,1
DA:4,1
DA:5,1
DA:6,1
DA:7,1
DA:8,1
DA:9,1
DA:10,1
DA:11,1
DA:12,1
DA:13,1
DA:14,1
DA:15,1
DA:16,1
DA:17,1
DA:18,1
DA:19,93
DA:20,93
DA:21,1
DA:22,1
DA:23,93
DA:24,93
DA:25,93
DA:26,1
DA:27,1
DA:28,1055
DA:29,1055
DA:30,1
DA:31,1
DA:32,56118
DA:33,56118
DA:34,1
DA:35,1
DA:36,86262
DA:37,86262
DA:38,1
DA:39,1
DA:40,207939
DA:41,207939
DA:42,207939
DA:43,1
DA:44,1
DA:45,207915
DA:46,207915
DA:47,207915
DA:48,207915
DA:49,207915
DA:50,207915
DA:51,0
DA:52,0
DA:53,207915
DA:54,207915
DA:55,1
DA:56,1
DA:57,137261
DA:58,137261
DA:59,137261
DA:60,1
DA:61,1
DA:62,415854
DA:63,415854
DA:64,415854
DA:65,415854
DA:66,1
DA:67,1
DA:68,415854
DA:69,0
DA:70,0
DA:71,415854
DA:72,1
LF:72
LH:68
BRDA:18,0,0,93
BRDA:22,1,0,93
BRDA:27,2,0,1055
BRDA:31,3,0,56118
BRDA:35,4,0,86262
BRDA:39,5,0,207939
BRDA:44,6,0,207915
BRDA:50,7,0,0
BRDA:56,8,0,137261
BRDA:61,9,0,415854
BRDA:67,10,0,415854
BRDA:68,11,0,0
BRF:12
BRH:10
end_of_record
TN:
SF:src/classes/objectImage.ts
FN:24,ObjectImage
FN:31,setLogging
FN:35,get rawUint8Array
FN:39,get offset
FN:44,get offsetHex
FN:49,get length
FN:53,calculateChecksum
FN:65,setOffsetTo
FN:73,readNext
FN:80,append
FN:94,appendLong
FN:102,read
FN:111,updateMax
FN:117,readWord
FN:127,readLong
FN:137,readLongNext
FN:148,replaceByte
FN:159,replaceWord
FN:172,replaceLong
FN:183,reset
FN:188,dumpBytes
FN:212,logMessage
FNF:22
FNH:20
FNDA:233,ObjectImage
FNDA:0,setLogging
FNDA:576,get rawUint8Array
FNDA:107249,get offset
FNDA:196,get offsetHex
FNDA:192,get length
FNDA:138,calculateChecksum
FNDA:23852,setOffsetTo
FNDA:400874,readNext
FNDA:2422531,append
FNDA:87495,appendLong
FNDA:1540842,read
FNDA:2823405,updateMax
FNDA:186790,readWord
FNDA:93395,readLong
FNDA:159,readLongNext
FNDA:1176938,replaceByte
FNDA:3938,replaceWord
FNDA:1967,replaceLong
FNDA:325,reset
FNDA:0,dumpBytes
FNDA:3363429,logMessage
DA:1,1
DA:2,1
DA:3,1
DA:4,1
DA:5,1
DA:6,1
DA:7,1
DA:8,1
DA:9,1
DA:10,1
DA:11,1
DA:12,1
DA:13,1
DA:14,1
DA:15,1
DA:16,1
DA:17,1
DA:18,1
DA:19,1
DA:20,1
DA:21,1
DA:22,1
DA:23,1
DA:24,1
DA:25,233
DA:26,233
DA:27,233
DA:28,233
DA:29,233
DA:30,1
DA:31,1
DA:32,0
DA:33,0
DA:34,1
DA:35,1
DA:36,576
DA:37,576
DA:38,1
DA:39,1
DA:40,107249
DA:41,107249
DA:42,107249
DA:43,1
DA:44,1
DA:45,196
DA:46,196
DA:47,196
DA:48,1
DA:49,1
DA:50,192
DA:51,192
DA:52,1
DA:53,1
DA:54,138
DA:55,138
DA:56,382708
DA:57,382708
DA:58,138
DA:59,138
DA:60,138
DA:61,138
DA:62,138
DA:63,138
DA:64,1
DA:65,1
DA:66,23852
DA:67,23852
DA:68,23852
DA:69,23852
DA:70,23852
DA:71,23852
DA:72,1
DA:73,1
DA:74,400874
DA:75,400874
DA:76,400874
DA:77,400874
DA:78,400874
DA:79,1
DA:80,1
DA:81,2422531
DA:82,2422531
DA:83,2072551
DA:84,2072551
DA:85,2422531
DA:86,2422531
DA:87,2422531
DA:88,2422531
DA:89,0
DA:90,0
DA:91,0
DA:92,2422531
DA:93,1
DA:94,1
DA:95,87495
DA:96,87495
DA:97,87495
DA:98,87495
DA:99,87495
DA:100,87495
DA:101,1
DA:102,1
DA:103,1540842
DA:104,1540842
DA:105,1540842
DA:106,1540842
DA:107,1540842
DA:108,1540842
DA:109,1540842
DA:110,1
DA:111,1
DA:112,2823405
DA:113,1795957
DA:114,1795957
DA:115,2823405
DA:116,1
DA:117,1
DA:118,186790
DA:119,186790
DA:120,186790
DA:121,186790
DA:122,186790
DA:123,186790
DA:124,186790
DA:125,186790
DA:126,1
DA:127,1
DA:128,93395
DA:129,93395
DA:130,93395
DA:131,93395
DA:132,93395
DA:133,93395
DA:134,93395
DA:135,93395
DA:136,1
DA:137,1
DA:138,159
DA:139,159
DA:140,159
DA:141,159
DA:142,159
DA:143,159
DA:144,159
DA:145,159
DA:146,159
DA:147,1
DA:148,1
DA:149,1176938
DA:150,1176938
DA:151,1176938
DA:152,1176938
DA:153,1176938
DA:154,1176938
DA:155,0
DA:156,0
DA:157,1176938
DA:158,1
DA:159,1
DA:160,3938
DA:161,3938
DA:162,4
DA:163,4
DA:164,3938
DA:165,3938
DA:166,3938
DA:167,3938
DA:168,3938
DA:169,3938
DA:170,3938
DA:171,1
DA:172,1
DA:173,1967
DA:174,1967
DA:175,1967
DA:176,1967
DA:177,1967
DA:178,1967
DA:179,1967
DA:180,1967
DA:181,1967
DA:182,1
DA:183,1
DA:184,325
DA:185,325
DA:186,325
DA:187,325
DA:188,1
DA:189,0
DA:190,0
DA:191,0
DA:192,0
DA:193,0
DA:194,0
DA:195,0
DA:196,0
DA:197,0
DA:198,0
DA:199,0
DA:200,0
DA:201,0
DA:202,0
DA:203,0
DA:204,0
DA:205,0
DA:206,0
DA:207,0
DA:208,0
DA:209,0
DA:210,0
DA:211,1
DA:212,1
DA:213,3363429
DA:214,0
DA:215,0
DA:216,3363429
DA:217,1
LF:217
LH:186
BRDA:24,0,0,233
BRDA:35,1,0,576
BRDA:39,2,0,107249
BRDA:44,3,0,196
BRDA:49,4,0,192
BRDA:53,5,0,138
BRDA:55,6,0,382708
BRDA:65,7,0,23852
BRDA:73,8,0,400874
BRDA:80,9,0,2422531
BRDA:82,10,0,2072551
BRDA:88,11,0,0
BRDA:94,12,0,87495
BRDA:102,13,0,1540842
BRDA:111,14,0,2823405
BRDA:112,15,0,1795957
BRDA:117,16,0,186790
BRDA:127,17,0,93395
BRDA:137,18,0,159
BRDA:148,19,0,1176938
BRDA:154,20,0,0
BRDA:159,21,0,3938
BRDA:161,22,0,4
BRDA:172,23,0,1967
BRDA:183,24,0,325
BRDA:212,25,0,3363429
BRDA:213,26,0,0
BRF:27
BRH:24
end_of_record
TN:
SF:src/classes/objectSymbols.ts
FN:23,ObjectSymbols
FN:29,Object.<anonymous>
FN:33,get length
FN:37,setOffset
FN:41,readNext
FN:48,writeSymbolName
FN:57,writeLong
FN:65,writeByte
FN:76,read
FN:85,reset
FN:92,logMessage
FNF:11
FNH:9
FNDA:93,ObjectSymbols
FNDA:0,Object.<anonymous>
FNDA:31762,get length
FNDA:138,setOffset
FNDA:31486,readNext
FNDA:6673,writeSymbolName
FNDA:6358,writeLong
FNDA:95561,writeByte
FNDA:0,read
FNDA:325,reset
FNDA:127372,logMessage
DA:1,1
DA:2,1
DA:3,1
DA:4,1
DA:5,1
DA:6,1
DA:7,1
DA:8,1
DA:9,1
DA:10,1
DA:11,1
DA:12,1
DA:13,1
DA:14,1
DA:15,1
DA:16,1
DA:17,1
DA:18,1
DA:19,1
DA:20,1
DA:21,1
DA:22,1
DA:23,1
DA:24,93
DA:25,93
DA:26,93
DA:27,93
DA:28,1
DA:29,1
DA:30,0
DA:31,0
DA:32,1
DA:33,1
DA:34,31762
DA:35,31762
DA:36,1
DA:37,1
DA:38,138
DA:39,138
DA:40,1
DA:41,1
DA:42,31486
DA:43,31486
DA:44,31486
DA:45,31486
DA:46,31486
DA:47,1
DA:48,1
DA:49,6673
DA:50,6673
DA:51,63141
DA:52,63141
DA:53,63141
DA:54,6673
DA:55,6673
DA:56,1
DA:57,1
DA:58,6358
DA:59,6358
DA:60,6358
DA:61,6358
DA:62,6358
DA:63,6358
DA:64,1
DA:65,1
DA:66,95561
DA:67,95561
DA:68,95561
DA:69,95561
DA:70,95561
DA:71,0
DA:72,0
DA:73,0
DA:74,95561
DA:75,1
DA:76,1
DA:77,0
DA:78,0
DA:79,0
DA:80,0
DA:81,0
DA:82,0
DA:83,0
DA:84,1
DA:85,1
DA:86,325
DA:87,325
DA:88,325
DA:89,325
DA:90,325
DA:91,1
DA:92,1
DA:93,127372
DA:94,0
DA:95,0
DA:96,127372
DA:97,1
LF:97
LH:83
BRDA:23,0,0,93
BRDA:33,1,0,31762
BRDA:37,2,0,138
BRDA:41,3,0,31486
BRDA:48,4,0,6673
BRDA:50,5,0,63141
BRDA:57,6,0,6358
BRDA:65,7,0,95561
BRDA:70,8,0,0
BRDA:85,9,0,325
BRDA:92,10,0,127372
BRDA:93,11,0,0
BRF:12
BRH:10
end_of_record
TN:
SF:src/classes/parseUtils.ts
FN:956,setAsmcodeValue
FN:965,setFlexcodeValue
FN:975,setOpcodeValue
FN:1016,SpinSymbolTables
FN:2754,getFlexcodeFromBytecode
FN:2771,dumpFlexCodeMap
FN:2782,enableLogging
FN:2787,logMessage
FN:2793,builtInSymbol
FN:2806,operatorSymbol
FN:2827,regressionInternalTableValuePairString
FN:2883,addPairsToResultStrings
FN:2891,addStringArPairsToResultStrings
FN:2898,regressionAcValuePairStrings
FN:2916,regressionFcValuePairStrings
FN:2934,regressionOpValuePairStrings
FN:2951,regressionFilterAndGetValue
FN:2982,regressionString
FN:2987,opcodeValue
FN:3000,asmcodeValue
FN:3012,flexValue
FNF:21
FNH:12
FNDA:100161,setAsmcodeValue
FNDA:17298,setFlexcodeValue
FNDA:18972,setOpcodeValue
FNDA:279,SpinSymbolTables
FNDA:286,getFlexcodeFromBytecode
FNDA:0,dumpFlexCodeMap
FNDA:93,enableLogging
FNDA:212958,logMessage
FNDA:47023,builtInSymbol
FNDA:47937,operatorSymbol
FNDA:0,regressionInternalTableValuePairString
FNDA:0,addPairsToResultStrings
FNDA:0,addStringArPairsToResultStrings
FNDA:0,regressionAcValuePairStrings
FNDA:0,regressionFcValuePairStrings
FNDA:0,regressionOpValuePairStrings
FNDA:0,regressionFilterAndGetValue
FNDA:0,regressionString
FNDA:18464,opcodeValue
FNDA:90273,asmcodeValue
FNDA:18142,flexValue
DA:1,1
DA:2,1
DA:3,1
DA:4,1
DA:5,1
DA:6,1
DA:7,1
DA:8,1
DA:9,1
DA:10,1
DA:11,1
DA:12,1
DA:13,1
DA:14,1
DA:15,1
DA:16,1
DA:17,1
DA:18,1
DA:19,1
DA:20,1
DA:21,1
DA:22,1
DA:23,2
DA:24,2
DA:25,2
DA:26,2
DA:27,2
DA:28,2
DA:29,2
DA:30,2
DA:31,2
DA:32,2
DA:33,2
DA:34,2
DA:35,2
DA:36,2
DA:37,2
DA:38,2
DA:39,2
DA:40,2
DA:41,2
DA:42,2
DA:43,2
DA:44,2
DA:45,2
DA:46,2
DA:47,2
DA:48,2
DA:49,2
DA:50,2
DA:51,2
DA:52,2
DA:53,2
DA:54,2
DA:55,2
DA:56,2
DA:57,2
DA:58,2
DA:59,2
DA:60,2
DA:61,2
DA:62,2
DA:63,2
DA:64,2
DA:65,2
DA:66,2
DA:67,2
DA:68,2
DA:69,2
DA:70,2
DA:71,2
DA:72,2
DA:73,2
DA:74,2
DA:75,2
DA:76,2
DA:77,2
DA:78,2
DA:79,2
DA:80,2
DA:81,2
DA:82,2
DA:83,2
DA:84,2
DA:85,2
DA:86,2
DA:87,2
DA:88,2
DA:89,2
DA:90,2
DA:91,2
DA:92,2
DA:93,2
DA:94,2
DA:95,2
DA:96,2
DA:97,2
DA:98,2
DA:99,2
DA:100,2
DA:101,2
DA:102,2
DA:103,2
DA:104,2
DA:105,2
DA:106,2
DA:107,2
DA:108,2
DA:109,2
DA:110,2
DA:111,2
DA:112,2
DA:113,2
DA:114,2
DA:115,2
DA:116,2
DA:117,2
DA:118,2
DA:119,2
DA:120,2
DA:121,2
DA:122,2
DA:123,2
DA:124,2
DA:125,2
DA:126,2
DA:127,2
DA:128,2
DA:129,2
DA:130,2
DA:131,2
DA:132,2
DA:133,2
DA:134,2
DA:135,2
DA:136,2
DA:137,2
DA:138,2
DA:139,2
DA:140,2
DA:141,2
DA:142,2
DA:143,2
DA:144,2
DA:145,2
DA:146,2
DA:147,2
DA:148,2
DA:149,2
DA:150,2
DA:151,2
DA:152,2
DA:153,2
DA:154,2
DA:155,2
DA:156,2
DA:157,2
DA:158,2
DA:159,2
DA:160,2
DA:161,2
DA:162,2
DA:163,2
DA:164,2
DA:165,2
DA:166,2
DA:167,2
DA:168,2
DA:169,2
DA:170,2
DA:171,2
DA:172,2
DA:173,2
DA:174,2
DA:175,2
DA:176,2
DA:177,2
DA:178,2
DA:179,2
DA:180,2
DA:181,2
DA:182,2
DA:183,2
DA:184,2
DA:185,2
DA:186,2
DA:187,2
DA:188,2
DA:189,2
DA:190,2
DA:191,2
DA:192,2
DA:193,2
DA:194,2
DA:195,2
DA:196,2
DA:197,2
DA:198,2
DA:199,2
DA:200,2
DA:201,2
DA:202,2
DA:203,2
DA:204,2
DA:205,2
DA:206,2
DA:207,2
DA:208,2
DA:209,2
DA:210,2
DA:211,2
DA:212,2
DA:213,2
DA:214,2
DA:215,2
DA:216,2
DA:217,2
DA:218,2
DA:219,2
DA:220,2
DA:221,2
DA:222,2
DA:223,2
DA:224,2
DA:225,2
DA:226,2
DA:227,2
DA:228,2
DA:229,2
DA:230,2
DA:231,2
DA:232,2
DA:233,2
DA:234,2
DA:235,2
DA:236,2
DA:237,2
DA:238,2
DA:239,2
DA:240,2
DA:241,2
DA:242,2
DA:243,2
DA:244,2
DA:245,2
DA:246,2
DA:247,2
DA:248,2
DA:249,2
DA:250,2
DA:251,2
DA:252,2
DA:253,2
DA:254,2
DA:255,2
DA:256,2
DA:257,2
DA:258,2
DA:259,2
DA:260,2
DA:261,2
DA:262,2
DA:263,2
DA:264,2
DA:265,2
DA:266,2
DA:267,2
DA:268,2
DA:269,2
DA:270,2
DA:271,2
DA:272,2
DA:273,2
DA:274,2
DA:275,2
DA:276,2
DA:277,2
DA:278,2
DA:279,2
DA:280,2
DA:281,2
DA:282,2
DA:283,2
DA:284,2
DA:285,2
DA:286,2
DA:287,2
DA:288,2
DA:289,2
DA:290,2
DA:291,2
DA:292,2
DA:293,2
DA:294,2
DA:295,2
DA:296,2
DA:297,2
DA:298,2
DA:299,2
DA:300,2
DA:301,2
DA:302,2
DA:303,2
DA:304,2
DA:305,2
DA:306,2
DA:307,2
DA:308,2
DA:309,2
DA:310,2
DA:311,2
DA:312,2
DA:313,2
DA:314,2
DA:315,2
DA:316,2
DA:317,2
DA:318,2
DA:319,2
DA:320,2
DA:321,2
DA:322,2
DA:323,2
DA:324,2
DA:325,2
DA:326,2
DA:327,2
DA:328,2
DA:329,2
DA:330,2
DA:331,2
DA:332,2
DA:333,2
DA:334,2
DA:335,2
DA:336,2
DA:337,2
DA:338,2
DA:339,2
DA:340,2
DA:341,2
DA:342,2
DA:343,2
DA:344,2
DA:345,2
DA:346,2
DA:347,2
DA:348,2
DA:349,2
DA:350,2
DA:351,2
DA:352,2
DA:353,2
DA:354,2
DA:355,2
DA:356,2
DA:357,2
DA:358,2
DA:359,2
DA:360,2
DA:361,2
DA:362,2
DA:363,2
DA:364,2
DA:365,2
DA:366,2
DA:367,2
DA:368,2
DA:369,2
DA:370,2
DA:371,2
DA:372,2
DA:373,2
DA:374,2
DA:375,2
DA:376,2
DA:377,2
DA:378,2
DA:379,2
DA:380,2
DA:381,2
DA:382,2
DA:383,2
DA:384,2
DA:385,2
DA:386,2
DA:387,2
DA:388,2
DA:389,2
DA:390,2
DA:391,2
DA:392,2
DA:393,2
DA:394,2
DA:395,2
DA:396,2
DA:397,2
DA:398,2
DA:399,2
DA:400,2
DA:401,2
DA:402,2
DA:403,2
DA:404,2
DA:405,2
DA:406,2
DA:407,2
DA:408,2
DA:409,2
DA:410,2
DA:411,2
DA:412,2
DA:413,2
DA:414,2
DA:415,2
DA:416,2
DA:417,2
DA:418,2
DA:419,2
DA:420,2
DA:421,2
DA:422,2
DA:423,2
DA:424,2
DA:425,2
DA:426,2
DA:427,2
DA:428,2
DA:429,2
DA:430,2
DA:431,2
DA:432,2
DA:433,2
DA:434,2
DA:435,2
DA:436,2
DA:437,2
DA:438,2
DA:439,2
DA:440,2
DA:441,2
DA:442,2
DA:443,2
DA:444,2
DA:445,2
DA:446,2
DA:447,2
DA:448,2
DA:449,2
DA:450,2
DA:451,2
DA:452,2
DA:453,2
DA:454,2
DA:455,2
DA:456,2
DA:457,2
DA:458,2
DA:459,2
DA:460,2
DA:461,2
DA:462,2
DA:463,2
DA:464,2
DA:465,2
DA:466,2
DA:467,2
DA:468,2
DA:469,2
DA:470,2
DA:471,2
DA:472,2
DA:473,2
DA:474,2
DA:475,2
DA:476,2
DA:477,2
DA:478,2
DA:479,2
DA:480,2
DA:481,2
DA:482,2
DA:483,2
DA:484,2
DA:485,2
DA:486,2
DA:487,2
DA:488,2
DA:489,2
DA:490,2
DA:491,2
DA:492,2
DA:493,2
DA:494,2
DA:495,2
DA:496,2
DA:497,2
DA:498,2
DA:499,2
DA:500,2
DA:501,2
DA:502,2
DA:503,2
DA:504,2
DA:505,2
DA:506,2
DA:507,2
DA:508,2
DA:509,2
DA:510,2
DA:511,2
DA:512,2
DA:513,2
DA:514,2
DA:515,2
DA:516,2
DA:517,2
DA:518,2
DA:519,2
DA:520,2
DA:521,2
DA:522,2
DA:523,2
DA:524,2
DA:525,2
DA:526,2
DA:527,2
DA:528,2
DA:529,2
DA:530,2
DA:531,2
DA:532,2
DA:533,2
DA:534,2
DA:535,2
DA:536,2
DA:537,2
DA:538,2
DA:539,2
DA:540,2
DA:541,2
DA:542,2
DA:543,2
DA:544,2
DA:545,2
DA:546,2
DA:547,2
DA:548,2
DA:549,2
DA:550,2
DA:551,2
DA:552,2
DA:553,2
DA:554,2
DA:555,2
DA:556,2
DA:557,2
DA:558,2
DA:559,2
DA:560,2
DA:561,2
DA:562,2
DA:563,2
DA:564,2
DA:565,2
DA:566,2
DA:567,2
DA:568,2
DA:569,2
DA:570,2
DA:571,2
DA:572,2
DA:573,2
DA:574,2
DA:575,2
DA:576,2
DA:577,2
DA:578,2
DA:579,2
DA:580,2
DA:581,2
DA:582,2
DA:583,2
DA:584,2
DA:585,2
DA:586,2
DA:587,2
DA:588,2
DA:589,2
DA:590,2
DA:591,2
DA:592,2
DA:593,2
DA:594,2
DA:595,2
DA:596,2
DA:597,2
DA:598,2
DA:599,2
DA:600,2
DA:601,2
DA:602,2
DA:603,2
DA:604,2
DA:605,2
DA:606,2
DA:607,2
DA:608,2
DA:609,2
DA:610,2
DA:611,2
DA:612,2
DA:613,2
DA:614,2
DA:615,2
DA:616,2
DA:617,2
DA:618,2
DA:619,2
DA:620,2
DA:621,2
DA:622,2
DA:623,2
DA:624,2
DA:625,2
DA:626,2
DA:627,2
DA:628,2
DA:629,2
DA:630,2
DA:631,2
DA:632,2
DA:633,2
DA:634,2
DA:635,2
DA:636,2
DA:637,2
DA:638,2
DA:639,2
DA:640,2
DA:641,2
DA:642,2
DA:643,2
DA:644,2
DA:645,2
DA:646,2
DA:647,2
DA:648,2
DA:649,2
DA:650,2
DA:651,2
DA:652,2
DA:653,2
DA:654,2
DA:655,2
DA:656,2
DA:657,2
DA:658,2
DA:659,2
DA:660,2
DA:661,2
DA:662,2
DA:663,2
DA:664,2
DA:665,2
DA:666,2
DA:667,2
DA:668,2
DA:669,2
DA:670,2
DA:671,2
DA:672,2
DA:673,2
DA:674,2
DA:675,2
DA:676,2
DA:677,2
DA:678,2
DA:679,2
DA:680,2
DA:681,2
DA:682,2
DA:683,2
DA:684,2
DA:685,2
DA:686,2
DA:687,2
DA:688,2
DA:689,2
DA:690,2
DA:691,2
DA:692,2
DA:693,2
DA:694,2
DA:695,2
DA:696,2
DA:697,2
DA:698,2
DA:699,2
DA:700,2
DA:701,2
DA:702,2
DA:703,2
DA:704,2
DA:705,2
DA:706,2
DA:707,2
DA:708,2
DA:709,2
DA:710,2
DA:711,2
DA:712,2
DA:713,2
DA:714,2
DA:715,2
DA:716,2
DA:717,2
DA:718,2
DA:719,2
DA:720,2
DA:721,2
DA:722,2
DA:723,2
DA:724,2
DA:725,2
DA:726,2
DA:727,2
DA:728,2
DA:729,2
DA:730,2
DA:731,2
DA:732,2
DA:733,2
DA:734,2
DA:735,2
DA:736,2
DA:737,2
DA:738,2
DA:739,2
DA:740,2
DA:741,2
DA:742,2
DA:743,2
DA:744,2
DA:745,2
DA:746,2
DA:747,2
DA:748,2
DA:749,2
DA:750,2
DA:751,2
DA:752,2
DA:753,2
DA:754,2
DA:755,2
DA:756,2
DA:757,2
DA:758,2
DA:759,2
DA:760,2
DA:761,2
DA:762,2
DA:763,2
DA:764,2
DA:765,2
DA:766,2
DA:767,2
DA:768,2
DA:769,2
DA:770,2
DA:771,2
DA:772,2
DA:773,2
DA:774,2
DA:775,2
DA:776,2
DA:777,2
DA:778,2
DA:779,2
DA:780,2
DA:781,2
DA:782,2
DA:783,2
DA:784,2
DA:785,2
DA:786,2
DA:787,2
DA:788,2
DA:789,2
DA:790,2
DA:791,2
DA:792,2
DA:793,2
DA:794,2
DA:795,2
DA:796,2
DA:797,2
DA:798,2
DA:799,2
DA:800,2
DA:801,2
DA:802,2
DA:803,2
DA:804,2
DA:805,2
DA:806,2
DA:807,2
DA:808,2
DA:809,2
DA:810,2
DA:811,2
DA:812,2
DA:813,2
DA:814,2
DA:815,2
DA:816,2
DA:817,2
DA:818,2
DA:819,2
DA:820,2
DA:821,2
DA:822,2
DA:823,2
DA:824,2
DA:825,2
DA:826,2
DA:827,2
DA:828,2
DA:829,2
DA:830,2
DA:831,2
DA:832,2
DA:833,2
DA:834,2
DA:835,2
DA:836,2
DA:837,2
DA:838,2
DA:839,2
DA:840,2
DA:841,2
DA:842,2
DA:843,2
DA:844,2
DA:845,2
DA:846,2
DA:847,2
DA:848,2
DA:849,2
DA:850,2
DA:851,2
DA:852,2
DA:853,2
DA:854,2
DA:855,2
DA:856,2
DA:857,2
DA:858,2
DA:859,2
DA:860,2
DA:861,2
DA:862,2
DA:863,2
DA:864,2
DA:865,2
DA:866,2
DA:867,2
DA:868,2
DA:869,2
DA:870,2
DA:871,2
DA:872,2
DA:873,2
DA:874,2
DA:875,2
DA:876,2
DA:877,2
DA:878,2
DA:879,2
DA:880,2
DA:881,2
DA:882,2
DA:883,2
DA:884,2
DA:885,2
DA:886,2
DA:887,2
DA:888,2
DA:889,2
DA:890,2
DA:891,2
DA:892,2
DA:893,2
DA:894,2
DA:895,2
DA:896,2
DA:897,2
DA:898,2
DA:899,2
DA:900,2
DA:901,2
DA:902,2
DA:903,2
DA:904,2
DA:905,2
DA:906,2
DA:907,2
DA:908,2
DA:909,2
DA:910,2
DA:911,2
DA:912,2
DA:913,2
DA:914,2
DA:915,2
DA:916,2
DA:917,2
DA:918,2
DA:919,2
DA:920,2
DA:921,2
DA:922,2
DA:923,2
DA:924,2
DA:925,2
DA:926,2
DA:927,2
DA:928,2
DA:929,2
DA:930,2
DA:931,2
DA:932,2
DA:933,2
DA:934,2
DA:935,2
DA:936,2
DA:937,2
DA:938,2
DA:939,2
DA:940,2
DA:941,2
DA:942,2
DA:943,2
DA:944,2
DA:945,2
DA:946,2
DA:947,2
DA:948,2
DA:949,2
DA:950,2
DA:951,2
DA:952,2
DA:953,2
DA:954,2
DA:955,1
DA:956,100161
DA:957,100161
DA:958,100161
DA:959,100161
DA:960,100161
DA:961,100161
DA:962,100161
DA:963,100161
DA:964,1
DA:965,17298
DA:966,17298
DA:967,17298
DA:968,17298
DA:969,17298
DA:970,17298
DA:971,17298
DA:972,17298
DA:973,17298
DA:974,1
DA:975,18972
DA:976,18972
DA:977,18972
DA:978,18972
DA:979,18972
DA:980,18972
DA:981,18972
DA:982,18972
DA:983,18972
DA:984,18972
DA:985,18972
DA:986,18972
DA:987,18972
DA:988,18972
DA:989,18972
DA:990,18972
DA:991,18972
DA:992,18972
DA:993,18972
DA:994,18972
DA:995,1
DA:996,1
DA:997,1
DA:998,1
DA:999,1
DA:1000,1
DA:1001,1
DA:1002,1
DA:1003,1
DA:1004,1
DA:1005,1
DA:1006,1
DA:1007,1
DA:1008,1
DA:1009,1
DA:1010,1
DA:1011,1
DA:1012,1
DA:1013,1
DA:1014,1
DA:1015,1
DA:1016,1
DA:1017,279
DA:1018,279
DA:1019,279
DA:1020,279
DA:1021,279
DA:1022,279
DA:1023,279
DA:1024,279
DA:1025,279
DA:1026,279
DA:1027,279
DA:1028,279
DA:1029,279
DA:1030,279
DA:1031,279
DA:1032,279
DA:1033,279
DA:1034,279
DA:1035,279
DA:1036,279
DA:1037,279
DA:1038,279
DA:1039,279
DA:1040,279
DA:1041,279
DA:1042,279
DA:1043,279
DA:1044,279
DA:1045,279
DA:1046,279
DA:1047,279
DA:1048,279
DA:1049,279
DA:1050,279
DA:1051,279
DA:1052,279
DA:1053,279
DA:1054,279
DA:1055,279
DA:1056,279
DA:1057,279
DA:1058,279
DA:1059,279
DA:1060,279
DA:1061,279
DA:1062,279
DA:1063,279
DA:1064,279
DA:1065,279
DA:1066,279
DA:1067,279
DA:1068,279
DA:1069,279
DA:1070,279
DA:1071,279
DA:1072,279
DA:1073,279
DA:1074,279
DA:1075,279
DA:1076,279
DA:1077,279
DA:1078,279
DA:1079,279
DA:1080,279
DA:1081,279
DA:1082,279
DA:1083,279
DA:1084,279
DA:1085,279
DA:1086,279
DA:1087,279
DA:1088,279
DA:1089,279
DA:1090,279
DA:1091,279
DA:1092,279
DA:1093,279
DA:1094,279
DA:1095,279
DA:1096,279
DA:1097,279
DA:1098,279
DA:1099,279
DA:1100,279
DA:1101,279
DA:1102,279
DA:1103,279
DA:1104,279
DA:1105,279
DA:1106,279
DA:1107,279
DA:1108,279
DA:1109,279
DA:1110,279
DA:1111,279
DA:1112,279
DA:1113,279
DA:1114,279
DA:1115,279
DA:1116,279
DA:1117,279
DA:1118,279
DA:1119,279
DA:1120,279
DA:1121,279
DA:1122,279
DA:1123,279
DA:1124,279
DA:1125,279
DA:1126,279
DA:1127,279
DA:1128,279
DA:1129,279
DA:1130,279
DA:1131,279
DA:1132,279
DA:1133,279
DA:1134,279
DA:1135,279
DA:1136,279
DA:1137,279
DA:1138,279
DA:1139,279
DA:1140,279
DA:1141,279
DA:1142,279
DA:1143,279
DA:1144,279
DA:1145,279
DA:1146,279
DA:1147,279
DA:1148,279
DA:1149,279
DA:1150,279
DA:1151,279
DA:1152,279
DA:1153,279
DA:1154,279
DA:1155,279
DA:1156,279
DA:1157,279
DA:1158,279
DA:1159,279
DA:1160,279
DA:1161,279
DA:1162,279
DA:1163,279
DA:1164,279
DA:1165,279
DA:1166,279
DA:1167,279
DA:1168,279
DA:1169,279
DA:1170,279
DA:1171,279
DA:1172,279
DA:1173,279
DA:1174,279
DA:1175,279
DA:1176,279
DA:1177,279
DA:1178,279
DA:1179,279
DA:1180,279
DA:1181,279
DA:1182,279
DA:1183,279
DA:1184,279
DA:1185,279
DA:1186,279
DA:1187,279
DA:1188,279
DA:1189,279
DA:1190,279
DA:1191,279
DA:1192,279
DA:1193,279
DA:1194,279
DA:1195,279
DA:1196,279
DA:1197,279
DA:1198,279
DA:1199,279
DA:1200,279
DA:1201,279
DA:1202,279
DA:1203,279
DA:1204,279
DA:1205,279
DA:1206,279
DA:1207,279
DA:1208,279
DA:1209,279
DA:1210,279
DA:1211,279
DA:1212,279
DA:1213,279
DA:1214,279
DA:1215,279
DA:1216,279
DA:1217,279
DA:1218,279
DA:1219,279
DA:1220,279
DA:1221,279
DA:1222,279
DA:1223,279
DA:1224,279
DA:1225,279
DA:1226,279
DA:1227,279
DA:1228,279
DA:1229,279
DA:1230,279
DA:1231,279
DA:1232,279
DA:1233,279
DA:1234,279
DA:1235,279
DA:1236,279
DA:1237,279
DA:1238,279
DA:1239,279
DA:1240,279
DA:1241,279
DA:1242,279
DA:1243,279
DA:1244,279
DA:1245,279
DA:1246,279
DA:1247,279
DA:1248,279
DA:1249,279
DA:1250,279
DA:1251,279
DA:1252,279
DA:1253,279
DA:1254,279
DA:1255,279
DA:1256,279
DA:1257,279
DA:1258,279
DA:1259,279
DA:1260,279
DA:1261,279
DA:1262,279
DA:1263,279
DA:1264,279
DA:1265,279
DA:1266,279
DA:1267,279
DA:1268,279
DA:1269,279
DA:1270,279
DA:1271,279
DA:1272,279
DA:1273,279
DA:1274,279
DA:1275,279
DA:1276,279
DA:1277,279
DA:1278,279
DA:1279,279
DA:1280,279
DA:1281,279
DA:1282,279
DA:1283,279
DA:1284,279
DA:1285,279
DA:1286,279
DA:1287,279
DA:1288,279
DA:1289,279
DA:1290,279
DA:1291,279
DA:1292,279
DA:1293,279
DA:1294,279
DA:1295,279
DA:1296,279
DA:1297,279
DA:1298,279
DA:1299,279
DA:1300,279
DA:1301,279
DA:1302,279
DA:1303,279
DA:1304,279
DA:1305,279
DA:1306,279
DA:1307,279
DA:1308,279
DA:1309,279
DA:1310,279
DA:1311,279
DA:1312,279
DA:1313,279
DA:1314,279
DA:1315,279
DA:1316,279
DA:1317,279
DA:1318,279
DA:1319,279
DA:1320,279
DA:1321,279
DA:1322,279
DA:1323,279
DA:1324,279
DA:1325,279
DA:1326,279
DA:1327,279
DA:1328,279
DA:1329,279
DA:1330,279
DA:1331,279
DA:1332,279
DA:1333,279
DA:1334,279
DA:1335,279
DA:1336,279
DA:1337,279
DA:1338,279
DA:1339,279
DA:1340,279
DA:1341,279
DA:1342,279
DA:1343,279
DA:1344,279
DA:1345,279
DA:1346,279
DA:1347,279
DA:1348,279
DA:1349,279
DA:1350,279
DA:1351,279
DA:1352,279
DA:1353,279
DA:1354,279
DA:1355,279
DA:1356,279
DA:1357,279
DA:1358,279
DA:1359,279
DA:1360,279
DA:1361,279
DA:1362,279
DA:1363,279
DA:1364,279
DA:1365,279
DA:1366,279
DA:1367,279
DA:1368,279
DA:1369,279
DA:1370,279
DA:1371,279
DA:1372,279
DA:1373,279
DA:1374,279
DA:1375,279
DA:1376,279
DA:1377,279
DA:1378,279
DA:1379,279
DA:1380,279
DA:1381,279
DA:1382,279
DA:1383,279
DA:1384,279
DA:1385,279
DA:1386,279
DA:1387,279
DA:1388,279
DA:1389,279
DA:1390,279
DA:1391,279
DA:1392,279
DA:1393,279
DA:1394,279
DA:1395,279
DA:1396,279
DA:1397,279
DA:1398,279
DA:1399,279
DA:1400,279
DA:1401,279
DA:1402,279
DA:1403,279
DA:1404,279
DA:1405,279
DA:1406,279
DA:1407,279
DA:1408,279
DA:1409,279
DA:1410,279
DA:1411,279
DA:1412,279
DA:1413,279
DA:1414,279
DA:1415,279
DA:1416,279
DA:1417,279
DA:1418,279
DA:1419,279
DA:1420,279
DA:1421,279
DA:1422,279
DA:1423,279
DA:1424,279
DA:1425,279
DA:1426,279
DA:1427,279
DA:1428,279
DA:1429,279
DA:1430,279
DA:1431,279
DA:1432,279
DA:1433,279
DA:1434,279
DA:1435,279
DA:1436,279
DA:1437,279
DA:1438,279
DA:1439,279
DA:1440,279
DA:1441,279
DA:1442,279
DA:1443,279
DA:1444,279
DA:1445,279
DA:1446,279
DA:1447,279
DA:1448,279
DA:1449,279
DA:1450,279
DA:1451,279
DA:1452,279
DA:1453,279
DA:1454,279
DA:1455,279
DA:1456,279
DA:1457,279
DA:1458,279
DA:1459,279
DA:1460,279
DA:1461,279
DA:1462,279
DA:1463,279
DA:1464,279
DA:1465,279
DA:1466,279
DA:1467,279
DA:1468,279
DA:1469,279
DA:1470,279
DA:1471,279
DA:1472,279
DA:1473,279
DA:1474,279
DA:1475,279
DA:1476,279
DA:1477,279
DA:1478,279
DA:1479,279
DA:1480,279
DA:1481,279
DA:1482,279
DA:1483,279
DA:1484,279
DA:1485,279
DA:1486,279
DA:1487,279
DA:1488,279
DA:1489,279
DA:1490,279
DA:1491,279
DA:1492,279
DA:1493,279
DA:1494,279
DA:1495,279
DA:1496,279
DA:1497,279
DA:1498,279
DA:1499,279
DA:1500,279
DA:1501,279
DA:1502,279
DA:1503,279
DA:1504,279
DA:1505,279
DA:1506,279
DA:1507,279
DA:1508,279
DA:1509,279
DA:1510,279
DA:1511,279
DA:1512,279
DA:1513,279
DA:1514,279
DA:1515,279
DA:1516,279
DA:1517,279
DA:1518,279
DA:1519,279
DA:1520,279
DA:1521,279
DA:1522,279
DA:1523,279
DA:1524,279
DA:1525,279
DA:1526,279
DA:1527,279
DA:1528,279
DA:1529,279
DA:1530,279
DA:1531,279
DA:1532,279
DA:1533,279
DA:1534,279
DA:1535,279
DA:1536,279
DA:1537,279
DA:1538,279
DA:1539,279
DA:1540,279
DA:1541,279
DA:1542,279
DA:1543,279
DA:1544,279
DA:1545,279
DA:1546,279
DA:1547,279
DA:1548,279
DA:1549,279
DA:1550,279
DA:1551,279
DA:1552,279
DA:1553,279
DA:1554,279
DA:1555,279
DA:1556,279
DA:1557,279
DA:1558,279
DA:1559,279
DA:1560,279
DA:1561,279
DA:1562,279
DA:1563,279
DA:1564,279
DA:1565,279
DA:1566,279
DA:1567,279
DA:1568,279
DA:1569,279
DA:1570,279
DA:1571,279
DA:1572,279
DA:1573,279
DA:1574,279
DA:1575,279
DA:1576,279
DA:1577,279
DA:1578,279
DA:1579,279
DA:1580,279
DA:1581,279
DA:1582,279
DA:1583,279
DA:1584,279
DA:1585,279
DA:1586,279
DA:1587,279
DA:1588,279
DA:1589,279
DA:1590,279
DA:1591,279
DA:1592,279
DA:1593,279
DA:1594,279
DA:1595,279
DA:1596,279
DA:1597,279
DA:1598,279
DA:1599,279
DA:1600,279
DA:1601,279
DA:1602,279
DA:1603,279
DA:1604,279
DA:1605,279
DA:1606,279
DA:1607,279
DA:1608,279
DA:1609,279
DA:1610,279
DA:1611,279
DA:1612,279
DA:1613,279
DA:1614,279
DA:1615,279
DA:1616,279
DA:1617,279
DA:1618,279
DA:1619,279
DA:1620,279
DA:1621,279
DA:1622,279
DA:1623,279
DA:1624,279
DA:1625,279
DA:1626,279
DA:1627,279
DA:1628,279
DA:1629,279
DA:1630,279
DA:1631,279
DA:1632,279
DA:1633,279
DA:1634,279
DA:1635,279
DA:1636,279
DA:1637,279
DA:1638,279
DA:1639,279
DA:1640,279
DA:1641,279
DA:1642,279
DA:1643,279
DA:1644,279
DA:1645,279
DA:1646,279
DA:1647,279
DA:1648,279
DA:1649,279
DA:1650,279
DA:1651,279
DA:1652,279
DA:1653,279
DA:1654,279
DA:1655,279
DA:1656,279
DA:1657,279
DA:1658,279
DA:1659,279
DA:1660,279
DA:1661,279
DA:1662,279
DA:1663,279
DA:1664,279
DA:1665,279
DA:1666,279
DA:1667,279
DA:1668,279
DA:1669,279
DA:1670,279
DA:1671,279
DA:1672,279
DA:1673,279
DA:1674,279
DA:1675,279
DA:1676,279
DA:1677,279
DA:1678,279
DA:1679,279
DA:1680,279
DA:1681,279
DA:1682,279
DA:1683,279
DA:1684,279
DA:1685,279
DA:1686,279
DA:1687,279
DA:1688,279
DA:1689,279
DA:1690,279
DA:1691,279
DA:1692,279
DA:1693,279
DA:1694,279
DA:1695,279
DA:1696,279
DA:1697,279
DA:1698,279
DA:1699,279
DA:1700,279
DA:1701,279
DA:1702,279
DA:1703,279
DA:1704,279
DA:1705,279
DA:1706,279
DA:1707,279
DA:1708,279
DA:1709,279
DA:1710,279
DA:1711,279
DA:1712,279
DA:1713,279
DA:1714,279
DA:1715,279
DA:1716,279
DA:1717,279
DA:1718,279
DA:1719,279
DA:1720,279
DA:1721,279
DA:1722,279
DA:1723,279
DA:1724,279
DA:1725,279
DA:1726,279
DA:1727,279
DA:1728,279
DA:1729,279
DA:1730,279
DA:1731,279
DA:1732,279
DA:1733,279
DA:1734,279
DA:1735,279
DA:1736,279
DA:1737,279
DA:1738,279
DA:1739,279
DA:1740,279
DA:1741,279
DA:1742,279
DA:1743,279
DA:1744,279
DA:1745,279
DA:1746,279
DA:1747,279
DA:1748,279
DA:1749,279
DA:1750,279
DA:1751,279
DA:1752,279
DA:1753,279
DA:1754,279
DA:1755,279
DA:1756,279
DA:1757,279
DA:1758,279
DA:1759,279
DA:1760,279
DA:1761,279
DA:1762,279
DA:1763,279
DA:1764,279
DA:1765,279
DA:1766,279
DA:1767,279
DA:1768,279
DA:1769,279
DA:1770,279
DA:1771,279
DA:1772,279
DA:1773,279
DA:1774,279
DA:1775,279
DA:1776,279
DA:1777,279
DA:1778,279
DA:1779,279
DA:1780,279
DA:1781,279
DA:1782,279
DA:1783,279
DA:1784,279
DA:1785,279
DA:1786,279
DA:1787,279
DA:1788,279
DA:1789,279
DA:1790,279
DA:1791,279
DA:1792,279
DA:1793,279
DA:1794,279
DA:1795,279
DA:1796,279
DA:1797,279
DA:1798,279
DA:1799,279
DA:1800,279
DA:1801,279
DA:1802,279
DA:1803,279
DA:1804,279
DA:1805,279
DA:1806,279
DA:1807,279
DA:1808,279
DA:1809,279
DA:1810,279
DA:1811,279
DA:1812,279
DA:1813,279
DA:1814,279
DA:1815,279
DA:1816,279
DA:1817,279
DA:1818,279
DA:1819,279
DA:1820,279
DA:1821,279
DA:1822,279
DA:1823,279
DA:1824,279
DA:1825,279
DA:1826,279
DA:1827,279
DA:1828,279
DA:1829,279
DA:1830,279
DA:1831,279
DA:1832,279
DA:1833,279
DA:1834,279
DA:1835,279
DA:1836,279
DA:1837,279
DA:1838,279
DA:1839,279
DA:1840,279
DA:1841,279
DA:1842,279
DA:1843,279
DA:1844,279
DA:1845,279
DA:1846,279
DA:1847,279
DA:1848,279
DA:1849,279
DA:1850,279
DA:1851,279
DA:1852,279
DA:1853,279
DA:1854,279
DA:1855,279
DA:1856,279
DA:1857,279
DA:1858,279
DA:1859,279
DA:1860,279
DA:1861,279
DA:1862,279
DA:1863,279
DA:1864,279
DA:1865,279
DA:1866,279
DA:1867,279
DA:1868,279
DA:1869,279
DA:1870,279
DA:1871,279
DA:1872,279
DA:1873,279
DA:1874,279
DA:1875,279
DA:1876,279
DA:1877,279
DA:1878,279
DA:1879,279
DA:1880,279
DA:1881,279
DA:1882,279
DA:1883,279
DA:1884,279
DA:1885,279
DA:1886,279
DA:1887,279
DA:1888,279
DA:1889,279
DA:1890,279
DA:1891,279
DA:1892,279
DA:1893,279
DA:1894,279
DA:1895,279
DA:1896,279
DA:1897,279
DA:1898,279
DA:1899,279
DA:1900,279
DA:1901,279
DA:1902,279
DA:1903,279
DA:1904,279
DA:1905,279
DA:1906,279
DA:1907,279
DA:1908,279
DA:1909,279
DA:1910,279
DA:1911,279
DA:1912,279
DA:1913,279
DA:1914,279
DA:1915,279
DA:1916,279
DA:1917,279
DA:1918,279
DA:1919,279
DA:1920,279
DA:1921,279
DA:1922,279
DA:1923,279
DA:1924,279
DA:1925,279
DA:1926,279
DA:1927,279
DA:1928,279
DA:1929,279
DA:1930,279
DA:1931,279
DA:1932,279
DA:1933,279
DA:1934,279
DA:1935,279
DA:1936,279
DA:1937,279
DA:1938,279
DA:1939,279
DA:1940,279
DA:1941,279
DA:1942,279
DA:1943,279
DA:1944,279
DA:1945,279
DA:1946,279
DA:1947,279
DA:1948,279
DA:1949,279
DA:1950,279
DA:1951,279
DA:1952,279
DA:1953,279
DA:1954,279
DA:1955,279
DA:1956,279
DA:1957,279
DA:1958,279
DA:1959,279
DA:1960,279
DA:1961,279
DA:1962,279
DA:1963,279
DA:1964,279
DA:1965,279
DA:1966,279
DA:1967,279
DA:1968,279
DA:1969,279
DA:1970,279
DA:1971,279
DA:1972,279
DA:1973,279
DA:1974,279
DA:1975,279
DA:1976,279
DA:1977,279
DA:1978,279
DA:1979,279
DA:1980,279
DA:1981,279
DA:1982,279
DA:1983,279
DA:1984,279
DA:1985,279
DA:1986,279
DA:1987,279
DA:1988,279
DA:1989,279
DA:1990,279
DA:1991,279
DA:1992,279
DA:1993,279
DA:1994,279
DA:1995,279
DA:1996,279
DA:1997,279
DA:1998,279
DA:1999,279
DA:2000,279
DA:2001,279
DA:2002,279
DA:2003,279
DA:2004,279
DA:2005,279
DA:2006,279
DA:2007,279
DA:2008,279
DA:2009,279
DA:2010,279
DA:2011,279
DA:2012,279
DA:2013,279
DA:2014,279
DA:2015,279
DA:2016,279
DA:2017,279
DA:2018,279
DA:2019,279
DA:2020,279
DA:2021,279
DA:2022,279
DA:2023,279
DA:2024,279
DA:2025,279
DA:2026,279
DA:2027,279
DA:2028,279
DA:2029,279
DA:2030,279
DA:2031,279
DA:2032,279
DA:2033,279
DA:2034,279
DA:2035,279
DA:2036,279
DA:2037,279
DA:2038,279
DA:2039,279
DA:2040,279
DA:2041,279
DA:2042,279
DA:2043,279
DA:2044,279
DA:2045,279
DA:2046,279
DA:2047,279
DA:2048,279
DA:2049,279
DA:2050,279
DA:2051,279
DA:2052,279
DA:2053,279
DA:2054,279
DA:2055,279
DA:2056,279
DA:2057,279
DA:2058,279
DA:2059,279
DA:2060,279
DA:2061,279
DA:2062,279
DA:2063,279
DA:2064,279
DA:2065,279
DA:2066,279
DA:2067,279
DA:2068,279
DA:2069,279
DA:2070,279
DA:2071,279
DA:2072,279
DA:2073,279
DA:2074,279
DA:2075,279
DA:2076,279
DA:2077,279
DA:2078,279
DA:2079,279
DA:2080,279
DA:2081,279
DA:2082,279
DA:2083,279
DA:2084,279
DA:2085,279
DA:2086,279
DA:2087,279
DA:2088,279
DA:2089,279
DA:2090,279
DA:2091,279
DA:2092,279
DA:2093,279
DA:2094,279
DA:2095,279
DA:2096,279
DA:2097,279
DA:2098,279
DA:2099,279
DA:2100,279
DA:2101,279
DA:2102,279
DA:2103,279
DA:2104,279
DA:2105,279
DA:2106,279
DA:2107,279
DA:2108,279
DA:2109,279
DA:2110,279
DA:2111,279
DA:2112,279
DA:2113,279
DA:2114,279
DA:2115,279
DA:2116,279
DA:2117,279
DA:2118,279
DA:2119,279
DA:2120,279
DA:2121,279
DA:2122,279
DA:2123,279
DA:2124,279
DA:2125,279
DA:2126,279
DA:2127,279
DA:2128,279
DA:2129,279
DA:2130,279
DA:2131,279
DA:2132,279
DA:2133,279
DA:2134,279
DA:2135,279
DA:2136,279
DA:2137,279
DA:2138,279
DA:2139,279
DA:2140,279
DA:2141,279
DA:2142,279
DA:2143,279
DA:2144,279
DA:2145,279
DA:2146,279
DA:2147,279
DA:2148,279
DA:2149,279
DA:2150,279
DA:2151,279
DA:2152,279
DA:2153,279
DA:2154,279
DA:2155,279
DA:2156,279
DA:2157,279
DA:2158,279
DA:2159,279
DA:2160,279
DA:2161,279
DA:2162,279
DA:2163,279
DA:2164,279
DA:2165,279
DA:2166,279
DA:2167,279
DA:2168,279
DA:2169,279
DA:2170,279
DA:2171,279
DA:2172,279
DA:2173,279
DA:2174,279
DA:2175,279
DA:2176,279
DA:2177,279
DA:2178,279
DA:2179,279
DA:2180,279
DA:2181,279
DA:2182,279
DA:2183,279
DA:2184,279
DA:2185,279
DA:2186,279
DA:2187,279
DA:2188,279
DA:2189,279
DA:2190,279
DA:2191,279
DA:2192,279
DA:2193,279
DA:2194,279
DA:2195,279
DA:2196,279
DA:2197,279
DA:2198,279
DA:2199,279
DA:2200,279
DA:2201,279
DA:2202,279
DA:2203,279
DA:2204,279
DA:2205,279
DA:2206,279
DA:2207,279
DA:2208,279
DA:2209,279
DA:2210,279
DA:2211,279
DA:2212,279
DA:2213,279
DA:2214,279
DA:2215,279
DA:2216,279
DA:2217,279
DA:2218,279
DA:2219,279
DA:2220,279
DA:2221,279
DA:2222,279
DA:2223,279
DA:2224,279
DA:2225,279
DA:2226,279
DA:2227,279
DA:2228,279
DA:2229,279
DA:2230,279
DA:2231,279
DA:2232,279
DA:2233,279
DA:2234,279
DA:2235,279
DA:2236,279
DA:2237,279
DA:2238,279
DA:2239,279
DA:2240,279
DA:2241,279
DA:2242,279
DA:2243,279
DA:2244,279
DA:2245,279
DA:2246,279
DA:2247,279
DA:2248,279
DA:2249,279
DA:2250,279
DA:2251,279
DA:2252,279
DA:2253,279
DA:2254,279
DA:2255,279
DA:2256,279
DA:2257,279
DA:2258,279
DA:2259,279
DA:2260,279
DA:2261,279
DA:2262,279
DA:2263,279
DA:2264,279
DA:2265,279
DA:2266,279
DA:2267,279
DA:2268,279
DA:2269,279
DA:2270,279
DA:2271,279
DA:2272,279
DA:2273,279
DA:2274,279
DA:2275,279
DA:2276,279
DA:2277,279
DA:2278,279
DA:2279,279
DA:2280,279
DA:2281,279
DA:2282,279
DA:2283,279
DA:2284,279
DA:2285,279
DA:2286,279
DA:2287,279
DA:2288,279
DA:2289,279
DA:2290,279
DA:2291,279
DA:2292,279
DA:2293,279
DA:2294,279
DA:2295,279
DA:2296,279
DA:2297,279
DA:2298,279
DA:2299,279
DA:2300,279
DA:2301,279
DA:2302,279
DA:2303,279
DA:2304,279
DA:2305,279
DA:2306,279
DA:2307,279
DA:2308,279
DA:2309,279
DA:2310,279
DA:2311,279
DA:2312,279
DA:2313,279
DA:2314,279
DA:2315,279
DA:2316,279
DA:2317,279
DA:2318,279
DA:2319,279
DA:2320,279
DA:2321,279
DA:2322,279
DA:2323,279
DA:2324,279
DA:2325,279
DA:2326,279
DA:2327,279
DA:2328,279
DA:2329,279
DA:2330,279
DA:2331,279
DA:2332,279
DA:2333,279
DA:2334,279
DA:2335,279
DA:2336,279
DA:2337,279
DA:2338,279
DA:2339,279
DA:2340,279
DA:2341,279
DA:2342,279
DA:2343,279
DA:2344,279
DA:2345,279
DA:2346,279
DA:2347,279
DA:2348,279
DA:2349,279
DA:2350,279
DA:2351,279
DA:2352,279
DA:2353,279
DA:2354,279
DA:2355,279
DA:2356,279
DA:2357,279
DA:2358,279
DA:2359,279
DA:2360,279
DA:2361,279
DA:2362,279
DA:2363,279
DA:2364,279
DA:2365,279
DA:2366,279
DA:2367,279
DA:2368,279
DA:2369,279
DA:2370,279
DA:2371,279
DA:2372,279
DA:2373,279
DA:2374,279
DA:2375,279
DA:2376,279
DA:2377,279
DA:2378,279
DA:2379,279
DA:2380,279
DA:2381,279
DA:2382,279
DA:2383,279
DA:2384,279
DA:2385,279
DA:2386,279
DA:2387,279
DA:2388,279
DA:2389,279
DA:2390,279
DA:2391,279
DA:2392,279
DA:2393,279
DA:2394,279
DA:2395,279
DA:2396,279
DA:2397,279
DA:2398,279
DA:2399,279
DA:2400,279
DA:2401,279
DA:2402,279
DA:2403,279
DA:2404,279
DA:2405,279
DA:2406,279
DA:2407,279
DA:2408,279
DA:2409,279
DA:2410,279
DA:2411,279
DA:2412,279
DA:2413,279
DA:2414,279
DA:2415,279
DA:2416,279
DA:2417,279
DA:2418,279
DA:2419,279
DA:2420,279
DA:2421,279
DA:2422,279
DA:2423,279
DA:2424,279
DA:2425,279
DA:2426,279
DA:2427,279
DA:2428,279
DA:2429,279
DA:2430,279
DA:2431,279
DA:2432,279
DA:2433,279
DA:2434,279
DA:2435,279
DA:2436,279
DA:2437,279
DA:2438,279
DA:2439,279
DA:2440,279
DA:2441,279
DA:2442,279
DA:2443,279
DA:2444,279
DA:2445,279
DA:2446,279
DA:2447,279
DA:2448,279
DA:2449,279
DA:2450,279
DA:2451,279
DA:2452,279
DA:2453,279
DA:2454,279
DA:2455,279
DA:2456,279
DA:2457,279
DA:2458,279
DA:2459,279
DA:2460,279
DA:2461,279
DA:2462,279
DA:2463,279
DA:2464,279
DA:2465,279
DA:2466,279
DA:2467,279
DA:2468,279
DA:2469,279
DA:2470,279
DA:2471,279
DA:2472,279
DA:2473,279
DA:2474,279
DA:2475,279
DA:2476,279
DA:2477,279
DA:2478,279
DA:2479,279
DA:2480,279
DA:2481,279
DA:2482,279
DA:2483,279
DA:2484,279
DA:2485,279
DA:2486,279
DA:2487,279
DA:2488,279
DA:2489,279
DA:2490,279
DA:2491,279
DA:2492,279
DA:2493,279
DA:2494,279
DA:2495,279
DA:2496,279
DA:2497,279
DA:2498,279
DA:2499,279
DA:2500,279
DA:2501,279
DA:2502,279
DA:2503,279
DA:2504,279
DA:2505,279
DA:2506,279
DA:2507,279
DA:2508,279
DA:2509,279
DA:2510,279
DA:2511,279
DA:2512,279
DA:2513,279
DA:2514,279
DA:2515,279
DA:2516,279
DA:2517,279
DA:2518,279
DA:2519,279
DA:2520,279
DA:2521,279
DA:2522,279
DA:2523,279
DA:2524,279
DA:2525,279
DA:2526,279
DA:2527,279
DA:2528,279
DA:2529,279
DA:2530,279
DA:2531,279
DA:2532,279
DA:2533,279
DA:2534,279
DA:2535,279
DA:2536,279
DA:2537,279
DA:2538,279
DA:2539,279
DA:2540,279
DA:2541,279
DA:2542,279
DA:2543,279
DA:2544,279
DA:2545,279
DA:2546,279
DA:2547,279
DA:2548,279
DA:2549,279
DA:2550,279
DA:2551,279
DA:2552,279
DA:2553,279
DA:2554,279
DA:2555,279
DA:2556,279
DA:2557,279
DA:2558,279
DA:2559,279
DA:2560,279
DA:2561,279
DA:2562,279
DA:2563,279
DA:2564,279
DA:2565,279
DA:2566,279
DA:2567,279
DA:2568,279
DA:2569,279
DA:2570,279
DA:2571,279
DA:2572,279
DA:2573,279
DA:2574,279
DA:2575,279
DA:2576,279
DA:2577,279
DA:2578,279
DA:2579,279
DA:2580,279
DA:2581,279
DA:2582,279
DA:2583,279
DA:2584,279
DA:2585,279
DA:2586,279
DA:2587,279
DA:2588,279
DA:2589,279
DA:2590,279
DA:2591,279
DA:2592,279
DA:2593,279
DA:2594,279
DA:2595,279
DA:2596,279
DA:2597,279
DA:2598,279
DA:2599,279
DA:2600,279
DA:2601,279
DA:2602,279
DA:2603,279
DA:2604,279
DA:2605,279
DA:2606,279
DA:2607,279
DA:2608,279
DA:2609,279
DA:2610,279
DA:2611,279
DA:2612,279
DA:2613,279
DA:2614,279
DA:2615,279
DA:2616,279
DA:2617,279
DA:2618,279
DA:2619,279
DA:2620,279
DA:2621,279
DA:2622,279
DA:2623,279
DA:2624,279
DA:2625,279
DA:2626,279
DA:2627,279
DA:2628,279
DA:2629,279
DA:2630,279
DA:2631,279
DA:2632,279
DA:2633,279
DA:2634,279
DA:2635,279
DA:2636,279
DA:2637,279
DA:2638,279
DA:2639,279
DA:2640,279
DA:2641,279
DA:2642,279
DA:2643,279
DA:2644,279
DA:2645,279
DA:2646,279
DA:2647,279
DA:2648,279
DA:2649,279
DA:2650,279
DA:2651,279
DA:2652,279
DA:2653,279
DA:2654,279
DA:2655,279
DA:2656,279
DA:2657,279
DA:2658,279
DA:2659,279
DA:2660,279
DA:2661,279
DA:2662,279
DA:2663,279
DA:2664,279
DA:2665,279
DA:2666,279
DA:2667,279
DA:2668,279
DA:2669,279
DA:2670,279
DA:2671,279
DA:2672,279
DA:2673,279
DA:2674,279
DA:2675,279
DA:2676,279
DA:2677,279
DA:2678,279
DA:2679,279
DA:2680,279
DA:2681,279
DA:2682,279
DA:2683,279
DA:2684,279
DA:2685,279
DA:2686,279
DA:2687,279
DA:2688,279
DA:2689,279
DA:2690,279
DA:2691,279
DA:2692,279
DA:2693,279
DA:2694,279
DA:2695,279
DA:2696,279
DA:2697,279
DA:2698,279
DA:2699,279
DA:2700,279
DA:2701,279
DA:2702,279
DA:2703,279
DA:2704,279
DA:2705,279
DA:2706,279
DA:2707,279
DA:2708,279
DA:2709,279
DA:2710,279
DA:2711,279
DA:2712,279
DA:2713,279
DA:2714,279
DA:2715,279
DA:2716,279
DA:2717,279
DA:2718,279
DA:2719,279
DA:2720,279
DA:2721,279
DA:2722,279
DA:2723,279
DA:2724,279
DA:2725,279
DA:2726,279
DA:2727,279
DA:2728,279
DA:2729,279
DA:2730,279
DA:2731,279
DA:2732,279
DA:2733,279
DA:2734,279
DA:2735,279
DA:2736,279
DA:2737,279
DA:2738,279
DA:2739,279
DA:2740,279
DA:2741,279
DA:2742,279
DA:2743,279
DA:2744,279
DA:2745,279
DA:2746,279
DA:2747,279
DA:2748,17298
DA:2749,17298
DA:2750,17298
DA:2751,279
DA:2752,1
DA:2753,1
DA:2754,1
DA:2755,286
DA:2756,286
DA:2757,286
DA:2758,286
DA:2759,286
DA:2760,286
DA:2761,286
DA:2762,286
DA:2763,0
DA:2764,0
DA:2765,0
DA:2766,0
DA:2767,286
DA:2768,286
DA:2769,286
DA:2770,1
DA:2771,1
DA:2772,0
DA:2773,0
DA:2774,0
DA:2775,0
DA:2776,0
DA:2777,0
DA:2778,0
DA:2779,0
DA:2780,0
DA:2781,1
DA:2782,1
DA:2783,93
DA:2784,93
DA:2785,93
DA:2786,1
DA:2787,1
DA:2788,212958
DA:2789,0
DA:2790,0
DA:2791,212958
DA:2792,1
DA:2793,1
DA:2794,47023
DA:2795,47023
DA:2796,47023
DA:2797,17350
DA:2798,17350
DA:2799,17350
DA:2800,17350
DA:2801,17350
DA:2802,17350
DA:2803,47023
DA:2804,47023
DA:2805,1
DA:2806,1
DA:2807,47937
DA:2808,47937
DA:2809,47937
DA:2810,47937
DA:2811,44899
DA:2812,44899
DA:2813,44899
DA:2814,47937
DA:2815,46524
DA:2816,46524
DA:2817,46524
DA:2818,46524
DA:2819,47937
DA:2820,37498
DA:2821,37498
DA:2822,37498
DA:2823,37498
DA:2824,47937
DA:2825,47937
DA:2826,1
DA:2827,1
DA:2828,0
DA:2829,0
DA:2830,0
DA:2831,0
DA:2832,0
DA:2833,0
DA:2834,0
DA:2835,0
DA:2836,0
DA:2837,0
DA:2838,0
DA:2839,0
DA:2840,0
DA:2841,0
DA:2842,0
DA:2843,0
DA:2844,0
DA:2845,0
DA:2846,0
DA:2847,0
DA:2848,0
DA:2849,0
DA:2850,0
DA:2851,0
DA:2852,0
DA:2853,0
DA:2854,0
DA:2855,0
DA:2856,0
DA:2857,0
DA:2858,0
DA:2859,0
DA:2860,0
DA:2861,0
DA:2862,0
DA:2863,0
DA:2864,0
DA:2865,0
DA:2866,0
DA:2867,0
DA:2868,0
DA:2869,0
DA:2870,0
DA:2871,0
DA:2872,0
DA:2873,0
DA:2874,0
DA:2875,0
DA:2876,0
DA:2877,0
DA:2878,0
DA:2879,0
DA:2880,0
DA:2881,0
DA:2882,1
DA:2883,1
DA:2884,0
DA:2885,0
DA:2886,0
DA:2887,0
DA:2888,0
DA:2889,0
DA:2890,1
DA:2891,1
DA:2892,0
DA:2893,0
DA:2894,0
DA:2895,0
DA:2896,0
DA:2897,1
DA:2898,1
DA:2899,0
DA:2900,0
DA:2901,0
DA:2902,0
DA:2903,0
DA:2904,0
DA:2905,0
DA:2906,0
DA:2907,0
DA:2908,0
DA:2909,0
DA:2910,0
DA:2911,0
DA:2912,0
DA:2913,0
DA:2914,0
DA:2915,1
DA:2916,1
DA:2917,0
DA:2918,0
DA:2919,0
DA:2920,0
DA:2921,0
DA:2922,0
DA:2923,0
DA:2924,0
DA:2925,0
DA:2926,0
DA:2927,0
DA:2928,0
DA:2929,0
DA:2930,0
DA:2931,0
DA:2932,0
DA:2933,1
DA:2934,1
DA:2935,0
DA:2936,0
DA:2937,0
DA:2938,0
DA:2939,0
DA:2940,0
DA:2941,0
DA:2942,0
DA:2943,0
DA:2944,0
DA:2945,0
DA:2946,0
DA:2947,0
DA:2948,0
DA:2949,0
DA:2950,1
DA:2951,1
DA:2952,0
DA:2953,0
DA:2954,0
DA:2955,0
DA:2956,0
DA:2957,0
DA:2958,0
DA:2959,0
DA:2960,0
DA:2961,0
DA:2962,0
DA:2963,0
DA:2964,0
DA:2965,0
DA:2966,0
DA:2967,0
DA:2968,0
DA:2969,0
DA:2970,0
DA:2971,0
DA:2972,0
DA:2973,0
DA:2974,0
DA:2975,0
DA:2976,0
DA:2977,0
DA:2978,0
DA:2979,0
DA:2980,0
DA:2981,1
DA:2982,1
DA:2983,0
DA:2984,0
DA:2985,0
DA:2986,1
DA:2987,1
DA:2988,18464
DA:2989,18464
DA:2990,18464
DA:2991,18464
DA:2992,18464
DA:2993,18464
DA:2994,18464
DA:2995,18464
DA:2996,18464
DA:2997,18464
DA:2998,18464
DA:2999,1
DA:3000,1
DA:3001,90273
DA:3002,90273
DA:3003,90273
DA:3004,90273
DA:3005,90273
DA:3006,90273
DA:3007,90273
DA:3008,90273
DA:3009,90273
DA:3010,90273
DA:3011,1
DA:3012,1
DA:3013,18142
DA:3014,18142
DA:3015,18142
DA:3016,18142
DA:3017,18142
DA:3018,18142
DA:3019,18142
DA:3020,18142
DA:3021,18142
DA:3022,18142
DA:3023,1
DA:3024,1
DA:3025,2
DA:3026,2
DA:3027,2
DA:3028,2
DA:3029,2
DA:3030,2
DA:3031,2
DA:3032,2
DA:3033,2
DA:3034,2
DA:3035,2
DA:3036,2
DA:3037,2
DA:3038,2
DA:3039,2
DA:3040,2
DA:3041,2
DA:3042,2
DA:3043,2
DA:3044,2
DA:3045,2
DA:3046,2
DA:3047,2
DA:3048,2
DA:3049,2
DA:3050,2
DA:3051,2
DA:3052,2
DA:3053,2
DA:3054,2
DA:3055,2
DA:3056,2
DA:3057,2
DA:3058,2
DA:3059,2
DA:3060,2
DA:3061,2
DA:3062,2
DA:3063,2
DA:3064,2
DA:3065,2
DA:3066,2
DA:3067,2
DA:3068,2
DA:3069,2
DA:3070,2
DA:3071,2
DA:3072,2
DA:3073,2
DA:3074,2
DA:3075,2
DA:3076,2
DA:3077,2
DA:3078,2
DA:3079,2
DA:3080,2
DA:3081,2
DA:3082,2
DA:3083,2
DA:3084,2
DA:3085,2
DA:3086,2
DA:3087,2
DA:3088,2
DA:3089,2
DA:3090,2
DA:3091,2
DA:3092,2
DA:3093,2
DA:3094,2
DA:3095,2
DA:3096,2
DA:3097,2
DA:3098,2
DA:3099,2
DA:3100,2
DA:3101,2
DA:3102,2
DA:3103,2
DA:3104,2
DA:3105,2
DA:3106,2
DA:3107,2
DA:3108,2
DA:3109,2
DA:3110,2
DA:3111,2
DA:3112,2
DA:3113,2
DA:3114,2
DA:3115,2
DA:3116,2
DA:3117,2
DA:3118,2
DA:3119,2
DA:3120,2
DA:3121,2
DA:3122,2
DA:3123,2
DA:3124,2
DA:3125,2
DA:3126,2
DA:3127,2
DA:3128,2
DA:3129,2
DA:3130,2
DA:3131,2
DA:3132,2
DA:3133,2
DA:3134,2
DA:3135,2
DA:3136,2
DA:3137,2
DA:3138,2
DA:3139,2
DA:3140,2
DA:3141,2
DA:3142,2
DA:3143,2
DA:3144,2
DA:3145,2
DA:3146,2
DA:3147,2
DA:3148,2
DA:3149,2
DA:3150,2
DA:3151,2
DA:3152,2
DA:3153,2
DA:3154,2
DA:3155,2
DA:3156,2
DA:3157,2
DA:3158,2
DA:3159,2
DA:3160,2
DA:3161,2
DA:3162,2
DA:3163,2
DA:3164,2
DA:3165,2
DA:3166,2
DA:3167,2
DA:3168,2
DA:3169,2
DA:3170,2
DA:3171,2
DA:3172,2
DA:3173,2
DA:3174,2
DA:3175,2
DA:3176,2
DA:3177,2
DA:3178,2
DA:3179,2
DA:3180,2
DA:3181,2
DA:3182,2
DA:3183,2
DA:3184,2
DA:3185,2
DA:3186,2
DA:3187,2
DA:3188,2
DA:3189,2
DA:3190,2
DA:3191,2
DA:3192,2
DA:3193,2
DA:3194,2
DA:3195,2
DA:3196,2
DA:3197,2
DA:3198,2
DA:3199,2
DA:3200,2
DA:3201,2
DA:3202,2
DA:3203,2
DA:3204,2
DA:3205,2
DA:3206,2
DA:3207,2
DA:3208,2
DA:3209,2
DA:3210,2
DA:3211,2
DA:3212,2
DA:3213,2
DA:3214,2
DA:3215,2
DA:3216,2
DA:3217,2
DA:3218,2
DA:3219,2
DA:3220,2
DA:3221,2
DA:3222,2
DA:3223,2
DA:3224,2
DA:3225,2
DA:3226,2
DA:3227,2
DA:3228,2
DA:3229,2
DA:3230,2
DA:3231,2
DA:3232,2
DA:3233,2
DA:3234,2
DA:3235,2
DA:3236,2
DA:3237,2
DA:3238,2
DA:3239,2
DA:3240,2
DA:3241,2
DA:3242,2
DA:3243,2
DA:3244,2
DA:3245,2
DA:3246,2
DA:3247,2
DA:3248,2
DA:3249,2
DA:3250,2
DA:3251,2
DA:3252,2
DA:3253,2
DA:3254,2
DA:3255,2
DA:3256,2
DA:3257,2
DA:3258,2
DA:3259,2
DA:3260,2
DA:3261,2
DA:3262,2
DA:3263,2
DA:3264,2
DA:3265,2
DA:3266,2
DA:3267,2
DA:3268,2
DA:3269,2
DA:3270,2
DA:3271,2
DA:3272,2
DA:3273,2
DA:3274,2
DA:3275,2
DA:3276,2
DA:3277,2
DA:3278,2
DA:3279,2
DA:3280,2
DA:3281,2
DA:3282,2
DA:3283,2
DA:3284,2
DA:3285,2
DA:3286,2
DA:3287,2
DA:3288,2
DA:3289,2
DA:3290,2
DA:3291,2
DA:3292,2
DA:3293,2
DA:3294,2
DA:3295,2
DA:3296,2
DA:3297,2
DA:3298,2
DA:3299,2
DA:3300,2
DA:3301,2
DA:3302,2
DA:3303,2
DA:3304,2
DA:3305,2
DA:3306,2
DA:3307,2
DA:3308,2
DA:3309,2
DA:3310,2
DA:3311,2
DA:3312,2
DA:3313,2
DA:3314,2
DA:3315,2
DA:3316,2
DA:3317,2
DA:3318,2
DA:3319,2
DA:3320,2
DA:3321,2
DA:3322,2
DA:3323,2
DA:3324,2
DA:3325,2
DA:3326,2
DA:3327,2
DA:3328,2
DA:3329,2
DA:3330,2
DA:3331,2
DA:3332,2
DA:3333,2
DA:3334,2
DA:3335,2
DA:3336,2
DA:3337,2
DA:3338,2
DA:3339,2
DA:3340,2
DA:3341,2
DA:3342,2
DA:3343,2
DA:3344,2
DA:3345,2
DA:3346,2
DA:3347,2
DA:3348,2
DA:3349,2
DA:3350,2
DA:3351,2
DA:3352,2
DA:3353,2
DA:3354,2
DA:3355,2
DA:3356,2
DA:3357,2
DA:3358,2
DA:3359,2
DA:3360,2
DA:3361,2
DA:3362,2
DA:3363,2
DA:3364,2
DA:3365,2
DA:3366,2
DA:3367,2
DA:3368,2
DA:3369,2
DA:3370,2
DA:3371,2
DA:3372,2
DA:3373,2
DA:3374,2
DA:3375,2
DA:3376,2
DA:3377,2
DA:3378,2
DA:3379,2
DA:3380,2
DA:3381,2
DA:3382,2
DA:3383,2
DA:3384,2
DA:3385,2
DA:3386,1
DA:3387,1
DA:3388,2
DA:3389,2
DA:3390,2
DA:3391,2
DA:3392,2
DA:3393,2
DA:3394,2
DA:3395,2
DA:3396,2
DA:3397,2
DA:3398,2
DA:3399,2
DA:3400,2
DA:3401,2
DA:3402,2
DA:3403,2
DA:3404,2
DA:3405,2
DA:3406,2
DA:3407,2
DA:3408,2
DA:3409,2
DA:3410,2
DA:3411,2
DA:3412,2
DA:3413,2
DA:3414,2
DA:3415,2
DA:3416,2
DA:3417,2
DA:3418,2
DA:3419,2
DA:3420,2
DA:3421,2
DA:3422,2
DA:3423,2
DA:3424,2
DA:3425,2
DA:3426,2
DA:3427,2
DA:3428,2
DA:3429,2
DA:3430,2
DA:3431,2
DA:3432,2
DA:3433,2
DA:3434,2
DA:3435,2
DA:3436,2
DA:3437,2
DA:3438,2
DA:3439,2
DA:3440,2
DA:3441,2
DA:3442,2
DA:3443,2
DA:3444,2
DA:3445,2
DA:3446,2
DA:3447,2
DA:3448,2
DA:3449,2
DA:3450,2
DA:3451,2
DA:3452,2
DA:3453,2
DA:3454,2
DA:3455,2
DA:3456,2
DA:3457,2
LF:3457
LH:3298
BRDA:23,0,0,2
BRDA:956,1,0,100161
BRDA:965,2,0,17298
BRDA:975,3,0,18972
BRDA:1016,4,0,279
BRDA:2747,5,0,17298
BRDA:2754,6,0,286
BRDA:2762,7,0,0
BRDA:2782,8,0,93
BRDA:2787,9,0,212958
BRDA:2788,10,0,0
BRDA:2793,11,0,47023
BRDA:2796,12,0,17350
BRDA:2806,13,0,47937
BRDA:2810,14,0,44899
BRDA:2814,15,0,46524
BRDA:2819,16,0,37498
BRDA:2819,17,0,37498
BRDA:2812,18,0,359192
BRDA:2817,19,0,1183322
BRDA:2822,20,0,365632
BRDA:2987,21,0,18464
BRDA:3000,22,0,90273
BRDA:3012,23,0,18142
BRDA:3025,24,0,2
BRDA:3388,25,0,2
BRF:26
BRH:24
end_of_record
TN:
SF:src/classes/regression.ts
FN:23,RegressionReporter
FN:28,writeElementReport
FN:65,writeTableReport
FN:106,writeProprocessResults
FN:137,writeResolverTestResults
FN:168,runResolverRegression
FN:557,executeTest
FN:569,formatAnswer
FN:577,logMessage
FNF:9
FNH:3
FNDA:325,RegressionReporter
FNDA:325,writeElementReport
FNDA:0,writeTableReport
FNDA:0,writeProprocessResults
FNDA:0,writeResolverTestResults
FNDA:0,runResolverRegression
FNDA:0,executeTest
FNDA:0,formatAnswer
FNDA:325,logMessage
DA:1,1
DA:2,1
DA:3,1
DA:4,1
DA:5,1
DA:6,1
DA:7,1
DA:8,1
DA:9,1
DA:10,1
DA:11,1
DA:12,1
DA:13,1
DA:14,1
DA:15,1
DA:16,1
DA:17,1
DA:18,1
DA:19,1
DA:20,1
DA:21,1
DA:22,1
DA:23,1
DA:24,325
DA:25,325
DA:26,325
DA:27,1
DA:28,1
DA:29,325
DA:30,325
DA:31,325
DA:32,325
DA:33,325
DA:34,325
DA:35,325
DA:36,325
DA:37,325
DA:38,325
DA:39,325
DA:40,325
DA:41,325
DA:42,325
DA:43,325
DA:44,325
DA:45,325
DA:46,325
DA:47,325
DA:48,325
DA:49,325
DA:50,206320
DA:51,18719
DA:52,18719
DA:53,18719
DA:54,206320
DA:55,206320
DA:56,206320
DA:57,206320
DA:58,206320
DA:59,325
DA:60,325
DA:61,325
DA:62,325
DA:63,325
DA:64,1
DA:65,1
DA:66,0
DA:67,0
DA:68,0
DA:69,0
DA:70,0
DA:71,0
DA:72,0
DA:73,0
DA:74,0
DA:75,0
DA:76,0
DA:77,0
DA:78,0
DA:79,0
DA:80,0
DA:81,0
DA:82,0
DA:83,0
DA:84,0
DA:85,0
DA:86,0
DA:87,0
DA:88,0
DA:89,0
DA:90,0
DA:91,0
DA:92,0
DA:93,0
DA:94,0
DA:95,0
DA:96,0
DA:97,0
DA:98,0
DA:99,0
DA:100,0
DA:101,0
DA:102,0
DA:103,0
DA:104,0
DA:105,1
DA:106,1
DA:107,0
DA:108,0
DA:109,0
DA:110,0
DA:111,0
DA:112,0
DA:113,0
DA:114,0
DA:115,0
DA:116,0
DA:117,0
DA:118,0
DA:119,0
DA:120,0
DA:121,0
DA:122,0
DA:123,0
DA:124,0
DA:125,0
DA:126,0
DA:127,0
DA:128,0
DA:129,0
DA:130,0
DA:131,0
DA:132,0
DA:133,0
DA:134,0
DA:135,0
DA:136,1
DA:137,1
DA:138,0
DA:139,0
DA:140,0
DA:141,0
DA:142,0
DA:143,0
DA:144,0
DA:145,0
DA:146,0
DA:147,0
DA:148,0
DA:149,0
DA:150,0
DA:151,0
DA:152,0
DA:153,0
DA:154,0
DA:155,0
DA:156,0
DA:157,0
DA:158,0
DA:159,0
DA:160,0
DA:161,0
DA:162,0
DA:163,0
DA:164,0
DA:165,0
DA:166,0
DA:167,1
DA:168,1
DA:169,0
DA:170,0
DA:171,0
DA:172,0
DA:173,0
DA:174,0
DA:175,0
DA:176,0
DA:177,0
DA:178,0
DA:179,0
DA:180,0
DA:181,0
DA:182,0
DA:183,0
DA:184,0
DA:185,0
DA:186,0
DA:187,0
DA:188,0
DA:189,0
DA:190,0
DA:191,0
DA:192,0
DA:193,0
DA:194,0
DA:195,0
DA:196,0
DA:197,0
DA:198,0
DA:199,0
DA:200,0
DA:201,0
DA:202,0
DA:203,0
DA:204,0
DA:205,0
DA:206,0
DA:207,0
DA:208,0
DA:209,0
DA:210,0
DA:211,0
DA:212,0
DA:213,0
DA:214,0
DA:215,0
DA:216,0
DA:217,0
DA:218,0
DA:219,0
DA:220,0
DA:221,0
DA:222,0
DA:223,0
DA:224,0
DA:225,0
DA:226,0
DA:227,0
DA:228,0
DA:229,0
DA:230,0
DA:231,0
DA:232,0
DA:233,0
DA:234,0
DA:235,0
DA:236,0
DA:237,0
DA:238,0
DA:239,0
DA:240,0
DA:241,0
DA:242,0
DA:243,0
DA:244,0
DA:245,0
DA:246,0
DA:247,0
DA:248,0
DA:249,0
DA:250,0
DA:251,0
DA:252,0
DA:253,0
DA:254,0
DA:255,0
DA:256,0
DA:257,0
DA:258,0
DA:259,0
DA:260,0
DA:261,0
DA:262,0
DA:263,0
DA:264,0
DA:265,0
DA:266,0
DA:267,0
DA:268,0
DA:269,0
DA:270,0
DA:271,0
DA:272,0
DA:273,0
DA:274,0
DA:275,0
DA:276,0
DA:277,0
DA:278,0
DA:279,0
DA:280,0
DA:281,0
DA:282,0
DA:283,0
DA:284,0
DA:285,0
DA:286,0
DA:287,0
DA:288,0
DA:289,0
DA:290,0
DA:291,0
DA:292,0
DA:293,0
DA:294,0
DA:295,0
DA:296,0
DA:297,0
DA:298,0
DA:299,0
DA:300,0
DA:301,0
DA:302,0
DA:303,0
DA:304,0
DA:305,0
DA:306,0
DA:307,0
DA:308,0
DA:309,0
DA:310,0
DA:311,0
DA:312,0
DA:313,0
DA:314,0
DA:315,0
DA:316,0
DA:317,0
DA:318,0
DA:319,0
DA:320,0
DA:321,0
DA:322,0
DA:323,0
DA:324,0
DA:325,0
DA:326,0
DA:327,0
DA:328,0
DA:329,0
DA:330,0
DA:331,0
DA:332,0
DA:333,0
DA:334,0
DA:335,0
DA:336,0
DA:337,0
DA:338,0
DA:339,0
DA:340,0
DA:341,0
DA:342,0
DA:343,0
DA:344,0
DA:345,0
DA:346,0
DA:347,0
DA:348,0
DA:349,0
DA:350,0
DA:351,0
DA:352,0
DA:353,0
DA:354,0
DA:355,0
DA:356,0
DA:357,0
DA:358,0
DA:359,0
DA:360,0
DA:361,0
DA:362,0
DA:363,0
DA:364,0
DA:365,0
DA:366,0
DA:367,0
DA:368,0
DA:369,0
DA:370,0
DA:371,0
DA:372,0
DA:373,0
DA:374,0
DA:375,0
DA:376,0
DA:377,0
DA:378,0
DA:379,0
DA:380,0
DA:381,0
DA:382,0
DA:383,0
DA:384,0
DA:385,0
DA:386,0
DA:387,0
DA:388,0
DA:389,0
DA:390,0
DA:391,0
DA:392,0
DA:393,0
DA:394,0
DA:395,0
DA:396,0
DA:397,0
DA:398,0
DA:399,0
DA:400,0
DA:401,0
DA:402,0
DA:403,0
DA:404,0
DA:405,0
DA:406,0
DA:407,0
DA:408,0
DA:409,0
DA:410,0
DA:411,0
DA:412,0
DA:413,0
DA:414,0
DA:415,0
DA:416,0
DA:417,0
DA:418,0
DA:419,0
DA:420,0
DA:421,0
DA:422,0
DA:423,0
DA:424,0
DA:425,0
DA:426,0
DA:427,0
DA:428,0
DA:429,0
DA:430,0
DA:431,0
DA:432,0
DA:433,0
DA:434,0
DA:435,0
DA:436,0
DA:437,0
DA:438,0
DA:439,0
DA:440,0
DA:441,0
DA:442,0
DA:443,0
DA:444,0
DA:445,0
DA:446,0
DA:447,0
DA:448,0
DA:449,0
DA:450,0
DA:451,0
DA:452,0
DA:453,0
DA:454,0
DA:455,0
DA:456,0
DA:457,0
DA:458,0
DA:459,0
DA:460,0
DA:461,0
DA:462,0
DA:463,0
DA:464,0
DA:465,0
DA:466,0
DA:467,0
DA:468,0
DA:469,0
DA:470,0
DA:471,0
DA:472,0
DA:473,0
DA:474,0
DA:475,0
DA:476,0
DA:477,0
DA:478,0
DA:479,0
DA:480,0
DA:481,0
DA:482,0
DA:483,0
DA:484,0
DA:485,0
DA:486,0
DA:487,0
DA:488,0
DA:489,0
DA:490,0
DA:491,0
DA:492,0
DA:493,0
DA:494,0
DA:495,0
DA:496,0
DA:497,0
DA:498,0
DA:499,0
DA:500,0
DA:501,0
DA:502,0
DA:503,0
DA:504,0
DA:505,0
DA:506,0
DA:507,0
DA:508,0
DA:509,0
DA:510,0
DA:511,0
DA:512,0
DA:513,0
DA:514,0
DA:515,0
DA:516,0
DA:517,0
DA:518,0
DA:519,0
DA:520,0
DA:521,0
DA:522,0
DA:523,0
DA:524,0
DA:525,0
DA:526,0
DA:527,0
DA:528,0
DA:529,0
DA:530,0
DA:531,0
DA:532,0
DA:533,0
DA:534,0
DA:535,0
DA:536,0
DA:537,0
DA:538,0
DA:539,0
DA:540,0
DA:541,0
DA:542,0
DA:543,0
DA:544,0
DA:545,0
DA:546,0
DA:547,0
DA:548,0
DA:549,0
DA:550,0
DA:551,0
DA:552,0
DA:553,0
DA:554,0
DA:555,0
DA:556,1
DA:557,1
DA:558,0
DA:559,0
DA:560,0
DA:561,0
DA:562,0
DA:563,0
DA:564,0
DA:565,0
DA:566,0
DA:567,0
DA:568,0
DA:569,1
DA:570,0
DA:571,0
DA:572,0
DA:573,0
DA:574,0
DA:575,0
DA:576,0
DA:577,1
DA:578,325
DA:579,0
DA:580,0
DA:581,325
DA:582,1
LF:582
LH:78
BRDA:23,0,0,325
BRDA:28,1,0,325
BRDA:49,2,0,206320
BRDA:50,3,0,18719
BRDA:55,4,0,94178
BRDA:55,5,0,112142
BRDA:577,6,0,325
BRDA:578,7,0,0
BRF:8
BRH:7
end_of_record
TN:
SF:src/classes/spin2Parser.ts
FN:35,Spin2Parser
FN:46,get sourceLineNumber
FN:51,setSourceFile
FN:57,P2Elementize
FN:86,P2Compile1
FN:91,P2Compile2
FN:110,P2List
FN:330,P2ListElements
FN:351,rightAlignedHexValue
FN:357,rightAlignedDecimalValue
FN:367,fakeResolver
FN:376,writeObjectFile
FN:400,ComposeRam
FN:453,writeBinaryFile
FN:468,P2InsertInterpreter
FN:572,moveObjectUp
FN:587,P2InsertDebugger
FN:682,checkDebugSymbol
FN:697,P2InsertFlashLoader
FN:732,P2InsertClockSetter
FN:770,LoadHardware
FN:774,logMessage
FNF:22
FNH:18
FNDA:93,Spin2Parser
FNDA:6,get sourceLineNumber
FNDA:325,setSourceFile
FNDA:325,P2Elementize
FNDA:325,P2Compile1
FNDA:162,P2Compile2
FNDA:87,P2List
FNDA:0,P2ListElements
FNDA:87,rightAlignedHexValue
FNDA:361,rightAlignedDecimalValue
FNDA:0,fakeResolver
FNDA:87,writeObjectFile
FNDA:87,ComposeRam
FNDA:87,writeBinaryFile
FNDA:69,P2InsertInterpreter
FNDA:101,moveObjectUp
FNDA:25,P2InsertDebugger
FNDA:125,checkDebugSymbol
FNDA:0,P2InsertFlashLoader
FNDA:7,P2InsertClockSetter
FNDA:0,LoadHardware
FNDA:3458,logMessage
DA:1,1
DA:2,1
DA:3,1
DA:4,1
DA:5,1
DA:6,1
DA:7,1
DA:8,1
DA:9,1
DA:10,1
DA:11,1
DA:12,1
DA:13,1
DA:14,1
DA:15,1
DA:16,1
DA:17,1
DA:18,1
DA:19,1
DA:20,1
DA:21,1
DA:22,1
DA:23,1
DA:24,1
DA:25,1
DA:26,1
DA:27,1
DA:28,1
DA:29,1
DA:30,1
DA:31,1
DA:32,1
DA:33,1
DA:34,1
DA:35,1
DA:36,93
DA:37,93
DA:38,93
DA:39,93
DA:40,93
DA:41,93
DA:42,93
DA:43,93
DA:44,93
DA:45,1
DA:46,1
DA:47,6
DA:48,6
DA:49,6
DA:50,1
DA:51,1
DA:52,325
DA:53,325
DA:54,325
DA:55,325
DA:56,1
DA:57,1
DA:58,325
DA:59,325
DA:60,325
DA:61,325
DA:62,325
DA:63,325
DA:64,325
DA:65,325
DA:66,325
DA:67,325
DA:68,325
DA:69,325
DA:70,325
DA:71,325
DA:72,325
DA:73,325
DA:74,325
DA:75,325
DA:76,325
DA:77,325
DA:78,325
DA:79,325
DA:80,325
DA:81,325
DA:82,325
DA:83,325
DA:84,325
DA:85,1
DA:86,1
DA:87,325
DA:88,325
DA:89,325
DA:90,1
DA:91,1
DA:92,162
DA:93,162
DA:94,162
DA:95,162
DA:96,162
DA:97,162
DA:98,162
DA:99,162
DA:100,6
DA:101,6
DA:102,0
DA:103,0
DA:104,0
DA:105,6
DA:106,6
DA:107,156
DA:108,156
DA:109,1
DA:110,1
DA:111,87
DA:112,87
DA:113,87
DA:114,87
DA:115,87
DA:116,87
DA:117,87
DA:118,87
DA:119,87
DA:120,87
DA:121,87
DA:122,87
DA:123,87
DA:124,87
DA:125,87
DA:126,87
DA:127,87
DA:128,87
DA:129,87
DA:130,87
DA:131,4760
DA:132,4760
DA:133,4760
DA:134,4760
DA:135,3312
DA:136,3312
DA:137,4760
DA:138,12
DA:139,12
DA:140,4760
DA:141,0
DA:142,0
DA:143,4760
DA:144,0
DA:145,0
DA:146,4760
DA:147,0
DA:148,0
DA:149,4760
DA:150,171
DA:151,171
DA:152,4760
DA:153,15
DA:154,15
DA:155,4760
DA:156,3
DA:157,3
DA:158,4760
DA:159,21
DA:160,21
DA:161,4760
DA:162,206
DA:163,206
DA:164,4760
DA:165,57
DA:166,57
DA:167,4760
DA:168,702
DA:169,702
DA:170,4760
DA:171,56
DA:172,56
DA:173,4760
DA:174,0
DA:175,0
DA:176,4760
DA:177,0
DA:178,0
DA:179,4760
DA:180,0
DA:181,0
DA:182,4760
DA:183,36
DA:184,36
DA:185,4760
DA:186,36
DA:187,36
DA:188,4760
DA:189,16
DA:190,16
DA:191,4760
DA:192,0
DA:193,0
DA:194,4760
DA:195,117
DA:196,117
DA:197,4760
DA:198,4760
DA:199,0
DA:200,0
DA:201,4760
DA:202,4760
DA:203,4760
DA:204,4760
DA:205,4760
DA:206,4760
DA:207,4760
DA:208,4760
DA:209,87
DA:210,87
DA:211,87
DA:212,87
DA:213,87
DA:214,87
DA:215,87
DA:216,87
DA:217,87
DA:218,87
DA:219,87
DA:220,87
DA:221,87
DA:222,87
DA:223,87
DA:224,87
DA:225,87
DA:226,87
DA:227,87
DA:228,87
DA:229,87
DA:230,87
DA:231,87
DA:232,87
DA:233,87
DA:234,87
DA:235,87
DA:236,87
DA:237,87
DA:238,87
DA:239,87
DA:240,87
DA:241,87
[...]
FN:57,SymbolTable
FN:68,add
FN:77,addAllowDupe
FN:87,Object.<anonymous>
FN:97,remove
FN:114,get
FN:124,get length
FN:128,get allSymbols
FN:139,exists
FN:149,reset
FNF:15
FNH:13
FNDA:10739,SymbolEntry
FNDA:307839,get name
FNDA:300868,get type
FNDA:301042,get value
FNDA:9526,get instanceNumber
FNDA:824,SymbolTable
FNDA:10559,add
FNDA:180,addAllowDupe
FNDA:0,Object.<anonymous>
FNDA:0,remove
FNDA:622866,get
FNDA:8609,get length
FNDA:261,get allSymbols
FNDA:16452,exists
FNDA:1500,reset
DA:1,1
DA:2,1
DA:3,1
DA:4,1
DA:5,1
DA:6,1
DA:7,1
DA:8,1
DA:9,1
DA:10,1
DA:11,1
DA:12,1
DA:13,1
DA:14,1
DA:15,1
DA:16,1
DA:17,1
DA:18,1
DA:19,1
DA:20,1
DA:21,1
DA:22,1
DA:23,1
DA:24,1
DA:25,1
DA:26,1
DA:27,1
DA:28,1
DA:29,1
DA:30,1
DA:31,10739
DA:32,10739
DA:33,10739
DA:34,10739
DA:35,10739
DA:36,1
DA:37,1
DA:38,307839
DA:39,307839
DA:40,1
DA:41,300868
DA:42,300868
DA:43,1
DA:44,301042
DA:45,301042
DA:46,1
DA:47,9526
DA:48,9526
DA:49,1
DA:50,1
DA:51,1
DA:52,1
DA:53,1
DA:54,1
DA:55,1
DA:56,1
DA:57,824
DA:58,824
DA:59,824
DA:60,824
DA:61,824
DA:62,824
DA:63,824
DA:64,824
DA:65,824
DA:66,824
DA:67,824
DA:68,824
DA:69,10559
DA:70,10559
DA:71,10559
DA:72,10559
DA:73,10559
DA:74,10559
DA:75,10559
DA:76,824
DA:77,824
DA:78,180
DA:79,180
DA:80,180
DA:81,180
DA:82,180
DA:83,180
DA:84,180
DA:85,824
DA:86,824
DA:87,824
DA:88,0
DA:89,0
DA:90,0
DA:91,0
DA:92,0
DA:93,0
DA:94,0
DA:95,0
DA:96,824
DA:97,824
DA:98,0
DA:99,0
DA:100,0
DA:101,0
DA:102,0
DA:103,0
DA:104,0
DA:105,0
DA:106,824
DA:107,824
DA:108,824
DA:109,824
DA:110,824
DA:111,824
DA:112,824
DA:113,824
DA:114,824
DA:115,622866
DA:116,622866
DA:117,622866
DA:118,622866
DA:119,296108
DA:120,296108
DA:121,622866
DA:122,622866
DA:123,824
DA:124,824
DA:125,8609
DA:126,8609
DA:127,824
DA:128,824
DA:129,261
DA:130,261
DA:131,824
DA:132,824
DA:133,824
DA:134,824
DA:135,824
DA:136,824
DA:137,824
DA:138,824
DA:139,824
DA:140,16452
DA:141,16452
DA:142,16452
DA:143,824
DA:144,824
DA:145,824
DA:146,824
DA:147,824
DA:148,824
DA:149,824
DA:150,1500
DA:151,1500
DA:152,824
LF:152
LH:136
BRDA:30,0,0,10739
BRDA:37,1,0,307839
BRDA:40,2,0,300868
BRDA:43,3,0,301042
BRDA:46,4,0,9526
BRDA:57,5,0,824
BRDA:68,6,0,10559
BRDA:77,7,0,180
BRDA:114,8,0,622866
BRDA:118,9,0,296108
BRDA:124,10,0,8609
BRDA:128,11,0,261
BRDA:139,12,0,16452
BRDA:149,13,0,1500
BRF:14
BRH:14
end_of_record
TN:
SF:src/classes/textLine.ts
FN:28,Position
FN:53,Range
FN:88,TextLine
FN:99,get text
FN:107,get sourceLineNumber
FN:111,get range
FN:122,get firstNonWhitespaveCharacterIndex
FN:130,get isEmptyOrWhiteSpace
FN:140,_skipWhite
FNF:9
FNH:4
FNDA:0,Position
FNDA:0,Range
FNDA:135897,TextLine
FNDA:310130,get text
FNDA:350138,get sourceLineNumber
FNDA:0,get range
FNDA:0,get firstNonWhitespaveCharacterIndex
FNDA:0,get isEmptyOrWhiteSpace
FNDA:135897,_skipWhite
DA:1,1
DA:2,1
DA:3,1
DA:4,1
DA:5,1
DA:6,1
DA:7,1
DA:8,1
DA:9,1
DA:10,1
DA:11,1
DA:12,1
DA:13,1
DA:14,1
DA:15,1
DA:16,1
DA:17,1
DA:18,1
DA:19,1
DA:20,1
DA:21,1
DA:22,1
DA:23,1
DA:24,1
DA:25,1
DA:26,1
DA:27,1
DA:28,1
DA:29,0
DA:30,0
DA:31,0
DA:32,1
DA:33,1
DA:34,1
DA:35,1
DA:36,1
DA:37,1
DA:38,1
DA:39,1
DA:40,1
DA:41,1
DA:42,1
DA:43,1
DA:44,1
DA:45,1
DA:46,1
DA:47,1
DA:48,1
DA:49,1
DA:50,1
DA:51,1
DA:52,1
DA:53,1
DA:54,0
DA:55,0
DA:56,0
DA:57,1
DA:58,1
DA:59,1
DA:60,1
DA:61,1
DA:62,1
DA:63,1
DA:64,1
DA:65,1
DA:66,1
DA:67,1
DA:68,1
DA:69,1
DA:70,1
DA:71,1
DA:72,1
DA:73,1
DA:74,1
DA:75,1
DA:76,1
DA:77,1
DA:78,1
DA:79,1
DA:80,1
DA:81,1
DA:82,1
DA:83,1
DA:84,1
DA:85,1
DA:86,1
DA:87,1
DA:88,1
DA:89,135897
DA:90,135897
DA:91,135897
DA:92,135897
DA:93,135897
DA:94,1
DA:95,1
DA:96,1
DA:97,1
DA:98,1
DA:99,1
DA:100,310130
DA:101,310130
DA:102,1
DA:103,1
DA:104,1
DA:105,1
DA:106,1
DA:107,1
DA:108,350138
DA:109,350138
DA:110,1
DA:111,1
DA:112,0
DA:113,0
DA:114,0
DA:115,0
DA:116,0
DA:117,1
DA:118,1
DA:119,1
DA:120,1
DA:121,1
DA:122,1
DA:123,0
DA:124,0
DA:125,1
DA:126,1
DA:127,1
DA:128,1
DA:129,1
DA:130,1
DA:131,0
DA:132,0
DA:133,1
DA:134,1
DA:135,1
DA:136,1
DA:137,1
DA:138,1
DA:139,1
DA:140,1
DA:141,135897
DA:142,135897
DA:143,20642
DA:144,11231
DA:145,11231
DA:146,11231
DA:147,20642
DA:148,135897
DA:149,135897
DA:150,1
LF:150
LH:135
BRDA:88,0,0,135897
BRDA:99,1,0,310130
BRDA:107,2,0,350138
BRDA:140,3,0,135897
BRDA:142,4,0,20642
BRDA:143,5,0,14282
BRDA:143,6,0,11231
BRF:7
BRH:7
end_of_record
TN:
SF:src/classes/types.ts
FN:106,getElementTypeString
FNF:1
FNH:1
FNDA:11553342,getElementTypeString
DA:1,1
DA:2,1
DA:3,1
DA:4,1
DA:5,1
DA:6,1
DA:7,1
DA:8,2
DA:9,2
DA:10,2
DA:11,2
DA:12,2
DA:13,2
DA:14,2
DA:15,2
DA:16,2
DA:17,2
DA:18,2
DA:19,2
DA:20,2
DA:21,2
DA:22,2
DA:23,2
DA:24,2
DA:25,2
DA:26,2
DA:27,2
DA:28,2
DA:29,2
DA:30,2
DA:31,2
DA:32,2
DA:33,2
DA:34,2
DA:35,2
DA:36,2
DA:37,2
DA:38,2
DA:39,2
DA:40,2
DA:41,2
DA:42,2
DA:43,2
DA:44,2
DA:45,2
DA:46,2
DA:47,2
DA:48,2
DA:49,2
DA:50,2
DA:51,2
DA:52,2
DA:53,2
DA:54,2
DA:55,2
DA:56,2
DA:57,2
DA:58,2
DA:59,2
DA:60,2
DA:61,2
DA:62,2
DA:63,2
DA:64,2
DA:65,2
DA:66,2
DA:67,2
DA:68,2
DA:69,2
DA:70,2
DA:71,2
DA:72,2
DA:73,2
DA:74,2
DA:75,2
DA:76,2
DA:77,2
DA:78,2
DA:79,2
DA:80,2
DA:81,2
DA:82,2
DA:83,2
DA:84,2
DA:85,2
DA:86,2
DA:87,2
DA:88,2
DA:89,2
DA:90,2
DA:91,2
DA:92,2
DA:93,2
DA:94,2
DA:95,2
DA:96,2
DA:97,2
DA:98,2
DA:99,2
DA:100,2
DA:101,2
DA:102,2
DA:103,2
DA:104,2
DA:105,1
DA:106,11553342
DA:107,11553342
DA:108,11553342
DA:109,1
DA:110,2
DA:111,2
DA:112,2
DA:113,2
DA:114,2
DA:115,2
DA:116,2
DA:117,2
DA:118,2
DA:119,2
DA:120,2
DA:121,2
DA:122,2
DA:123,2
DA:124,2
DA:125,2
DA:126,2
DA:127,2
DA:128,2
DA:129,2
DA:130,2
DA:131,2
DA:132,2
DA:133,2
DA:134,2
DA:135,2
DA:136,2
DA:137,2
DA:138,2
DA:139,2
DA:140,2
DA:141,2
DA:142,2
DA:143,2
DA:144,2
DA:145,2
DA:146,2
DA:147,2
DA:148,2
DA:149,2
DA:150,2
DA:151,2
DA:152,2
DA:153,2
DA:154,2
DA:155,2
DA:156,2
DA:157,2
DA:158,2
DA:159,2
DA:160,2
DA:161,2
DA:162,2
DA:163,2
DA:164,2
DA:165,2
DA:166,2
DA:167,2
DA:168,2
DA:169,2
DA:170,2
DA:171,2
DA:172,2
DA:173,2
DA:174,2
DA:175,2
DA:176,2
DA:177,2
DA:178,2
DA:179,2
DA:180,2
DA:181,2
DA:182,2
DA:183,2
DA:184,2
DA:185,2
DA:186,2
DA:187,2
DA:188,2
DA:189,2
DA:190,2
DA:191,2
DA:192,2
DA:193,2
DA:194,2
DA:195,2
DA:196,2
DA:197,2
DA:198,2
DA:199,2
DA:200,2
DA:201,1
DA:202,2
DA:203,2
DA:204,2
DA:205,2
DA:206,2
DA:207,2
DA:208,2
DA:209,2
DA:210,2
DA:211,2
DA:212,2
DA:213,1
DA:214,2
DA:215,2
DA:216,2
DA:217,2
DA:218,2
DA:219,2
DA:220,2
DA:221,2
DA:222,2
DA:223,2
DA:224,2
DA:225,2
DA:226,2
DA:227,2
DA:228,2
DA:229,2
DA:230,2
DA:231,2
DA:232,2
DA:233,2
DA:234,2
DA:235,2
DA:236,2
DA:237,2
DA:238,2
DA:239,2
DA:240,2
DA:241,2
DA:242,2
DA:243,2
DA:244,2
DA:245,2
DA:246,2
DA:247,2
DA:248,2
DA:249,2
DA:250,2
DA:251,2
DA:252,2
DA:253,2
DA:254,2
DA:255,2
DA:256,2
DA:257,2
DA:258,2
DA:259,2
DA:260,2
DA:261,2
DA:262,2
DA:263,2
DA:264,2
DA:265,2
DA:266,2
DA:267,2
DA:268,2
DA:269,2
DA:270,2
DA:271,2
DA:272,2
DA:273,2
DA:274,2
DA:275,2
DA:276,2
DA:277,2
DA:278,2
DA:279,2
DA:280,2
DA:281,2
DA:282,2
DA:283,2
DA:284,2
DA:285,2
DA:286,2
DA:287,2
DA:288,2
DA:289,2
DA:290,2
DA:291,2
DA:292,2
DA:293,2
DA:294,2
DA:295,2
DA:296,2
DA:297,2
DA:298,2
DA:299,2
DA:300,2
DA:301,2
DA:302,2
DA:303,2
DA:304,2
DA:305,2
DA:306,2
DA:307,2
DA:308,2
DA:309,2
DA:310,2
DA:311,2
DA:312,2
DA:313,2
DA:314,2
DA:315,2
DA:316,2
DA:317,2
DA:318,2
DA:319,2
DA:320,2
DA:321,2
DA:322,2
DA:323,2
DA:324,2
DA:325,2
DA:326,2
DA:327,2
DA:328,2
DA:329,2
DA:330,2
DA:331,2
DA:332,2
DA:333,2
DA:334,2
DA:335,2
DA:336,2
DA:337,2
DA:338,2
DA:339,2
DA:340,2
DA:341,2
DA:342,2
DA:343,2
DA:344,2
DA:345,2
DA:346,2
DA:347,2
DA:348,2
DA:349,2
DA:350,2
DA:351,2
DA:352,2
DA:353,2
DA:354,2
DA:355,2
DA:356,2
DA:357,2
DA:358,2
DA:359,2
DA:360,2
DA:361,2
DA:362,2
DA:363,2
DA:364,2
DA:365,2
DA:366,2
DA:367,2
DA:368,2
DA:369,2
DA:370,2
DA:371,2
DA:372,2
DA:373,2
DA:374,2
DA:375,2
DA:376,2
DA:377,2
DA:378,2
DA:379,2
DA:380,2
DA:381,2
DA:382,2
DA:383,2
DA:384,2
DA:385,2
DA:386,2
DA:387,2
DA:388,2
DA:389,2
DA:390,2
DA:391,2
DA:392,2
DA:393,2
DA:394,2
DA:395,2
DA:396,2
DA:397,2
DA:398,2
DA:399,2
DA:400,2
DA:401,2
DA:402,2
DA:403,2
DA:404,2
DA:405,2
DA:406,2
DA:407,2
DA:408,2
DA:409,2
DA:410,2
DA:411,2
DA:412,2
DA:413,2
DA:414,2
DA:415,2
DA:416,2
DA:417,2
DA:418,2
DA:419,2
DA:420,2
DA:421,2
DA:422,2
DA:423,2
DA:424,2
DA:425,2
DA:426,2
DA:427,2
DA:428,2
DA:429,2
DA:430,2
DA:431,2
DA:432,2
DA:433,2
DA:434,2
DA:435,2
DA:436,2
DA:437,2
DA:438,2
DA:439,2
DA:440,2
DA:441,2
DA:442,2
DA:443,2
DA:444,2
DA:445,2
DA:446,2
DA:447,2
DA:448,2
DA:449,2
DA:450,2
DA:451,2
DA:452,2
DA:453,2
DA:454,2
DA:455,2
DA:456,2
DA:457,2
DA:458,2
DA:459,2
DA:460,2
DA:461,2
DA:462,2
DA:463,2
DA:464,2
DA:465,2
DA:466,2
DA:467,2
DA:468,2
DA:469,2
DA:470,2
DA:471,2
DA:472,2
DA:473,2
DA:474,2
DA:475,2
DA:476,2
DA:477,2
DA:478,2
DA:479,2
DA:480,1
DA:481,2
DA:482,2
DA:483,2
DA:484,2
DA:485,2
DA:486,2
DA:487,2
DA:488,2
DA:489,2
DA:490,2
DA:491,2
DA:492,2
DA:493,2
DA:494,2
DA:495,2
DA:496,2
DA:497,2
DA:498,2
DA:499,2
DA:500,2
DA:501,2
DA:502,2
DA:503,2
DA:504,2
DA:505,2
DA:506,2
DA:507,2
DA:508,2
DA:509,2
DA:510,2
DA:511,2
DA:512,2
DA:513,2
DA:514,2
DA:515,2
DA:516,2
DA:517,2
DA:518,2
DA:519,2
DA:520,2
DA:521,2
DA:522,2
DA:523,2
DA:524,2
DA:525,2
DA:526,2
DA:527,2
DA:528,2
DA:529,2
DA:530,2
DA:531,2
DA:532,2
DA:533,2
DA:534,2
DA:535,2
DA:536,2
DA:537,2
DA:538,2
DA:539,2
DA:540,2
DA:541,2
DA:542,2
DA:543,2
DA:544,2
DA:545,2
DA:546,2
DA:547,2
DA:548,2
DA:549,2
DA:550,2
DA:551,2
DA:552,2
DA:553,2
DA:554,2
DA:555,2
DA:556,2
DA:557,2
DA:558,2
DA:559,2
DA:560,2
DA:561,2
DA:562,2
DA:563,2
DA:564,2
DA:565,2
DA:566,2
DA:567,2
DA:568,2
DA:569,2
DA:570,2
DA:571,2
DA:572,2
DA:573,2
DA:574,2
DA:575,2
DA:576,2
DA:577,2
DA:578,2
DA:579,2
DA:580,2
DA:581,2
DA:582,2
DA:583,2
DA:584,2
DA:585,2
DA:586,2
DA:587,2
DA:588,2
DA:589,2
DA:590,2
DA:591,2
DA:592,2
DA:593,2
DA:594,2
DA:595,2
DA:596,2
DA:597,2
DA:598,2
DA:599,2
DA:600,2
DA:601,2
DA:602,2
DA:603,2
DA:604,2
DA:605,2
DA:606,2
DA:607,2
DA:608,2
DA:609,2
DA:610,2
DA:611,2
DA:612,2
DA:613,2
DA:614,2
DA:615,2
DA:616,2
DA:617,2
DA:618,2
DA:619,2
DA:620,2
DA:621,2
DA:622,2
DA:623,2
DA:624,2
DA:625,2
DA:626,2
DA:627,2
DA:628,2
DA:629,2
DA:630,2
DA:631,2
DA:632,2
DA:633,2
DA:634,2
DA:635,2
DA:636,2
DA:637,2
DA:638,2
DA:639,2
DA:640,2
DA:641,2
DA:642,2
DA:643,2
DA:644,2
DA:645,2
DA:646,2
DA:647,2
DA:648,2
DA:649,2
DA:650,2
DA:651,2
DA:652,2
DA:653,2
DA:654,2
DA:655,2
DA:656,2
DA:657,2
DA:658,2
DA:659,2
DA:660,2
DA:661,2
DA:662,2
DA:663,2
DA:664,2
DA:665,2
DA:666,2
DA:667,2
DA:668,2
DA:669,2
DA:670,2
DA:671,2
DA:672,2
DA:673,2
DA:674,2
DA:675,2
DA:676,2
DA:677,2
DA:678,2
DA:679,2
DA:680,2
DA:681,2
DA:682,2
DA:683,2
DA:684,2
DA:685,2
DA:686,2
DA:687,2
DA:688,2
DA:689,2
DA:690,2
DA:691,2
DA:692,2
DA:693,2
DA:694,2
DA:695,2
DA:696,2
DA:697,2
DA:698,2
DA:699,2
DA:700,2
DA:701,2
DA:702,2
DA:703,2
DA:704,2
DA:705,2
DA:706,2
DA:707,2
DA:708,2
DA:709,2
DA:710,2
DA:711,2
DA:712,2
DA:713,2
DA:714,2
DA:715,2
DA:716,2
DA:717,2
DA:718,2
DA:719,2
DA:720,2
DA:721,2
DA:722,2
DA:723,2
DA:724,2
DA:725,2
DA:726,2
DA:727,2
DA:728,2
DA:729,2
DA:730,2
DA:731,2
DA:732,2
DA:733,2
DA:734,2
DA:735,2
DA:736,2
DA:737,2
DA:738,2
DA:739,2
DA:740,2
DA:741,2
DA:742,2
DA:743,2
DA:744,2
DA:745,2
DA:746,2
DA:747,2
DA:748,2
DA:749,2
DA:750,2
DA:751,2
DA:752,2
DA:753,2
DA:754,2
DA:755,2
DA:756,2
DA:757,2
DA:758,2
DA:759,2
DA:760,2
DA:761,2
DA:762,2
DA:763,2
DA:764,2
DA:765,2
DA:766,2
DA:767,2
DA:768,2
DA:769,2
DA:770,2
DA:771,2
DA:772,2
DA:773,2
DA:774,2
DA:775,2
DA:776,2
DA:777,2
DA:778,2
DA:779,2
DA:780,2
DA:781,2
DA:782,2
DA:783,2
DA:784,2
DA:785,2
DA:786,2
DA:787,2
DA:788,2
DA:789,2
DA:790,2
DA:791,2
DA:792,2
DA:793,2
DA:794,2
DA:795,2
DA:796,2
DA:797,2
DA:798,2
DA:799,2
DA:800,2
DA:801,2
DA:802,2
DA:803,2
DA:804,2
DA:805,2
DA:806,2
DA:807,2
DA:808,1
DA:809,2
DA:810,2
DA:811,2
DA:812,2
DA:813,2
DA:814,2
DA:815,2
DA:816,2
DA:817,2
DA:818,2
DA:819,2
DA:820,2
DA:821,2
DA:822,2
DA:823,2
DA:824,2
DA:825,2
DA:826,2
DA:827,2
DA:828,2
DA:829,2
DA:830,2
DA:831,2
DA:832,2
DA:833,2
DA:834,2
DA:835,2
DA:836,2
DA:837,2
DA:838,2
DA:839,2
DA:840,2
DA:841,2
DA:842,2
DA:843,2
DA:844,2
DA:845,2
DA:846,2
DA:847,2
DA:848,2
DA:849,2
DA:850,2
DA:851,2
DA:852,2
DA:853,2
DA:854,2
DA:855,2
DA:856,2
DA:857,2
DA:858,2
DA:859,2
DA:860,2
DA:861,2
DA:862,2
DA:863,2
DA:864,2
DA:865,2
DA:866,2
DA:867,2
DA:868,2
DA:869,2
DA:870,2
DA:871,2
DA:872,2
LF:872
LH:872
BRDA:8,0,0,2
BRDA:106,1,0,11553342
BRDA:110,2,0,2
BRDA:202,3,0,2
BRDA:214,4,0,2
BRDA:481,5,0,2
BRDA:809,6,0,2
BRF:7
BRH:7
end_of_record
TN:
SF:src/utils/context.ts
FN:69,SourceFiles
FN:72,addFile
FN:78,getTopFile
FN:85,getFileHavingID
FN:89,hasFile
FN:94,logContextState
FN:123,Context
FNF:7
FNH:6
FNDA:95,SourceFiles
FNDA:163,addFile
FNDA:93,getTopFile
FNDA:207208,getFileHavingID
FNDA:163,hasFile
FNDA:0,logContextState
FNDA:95,Context
DA:1,1
DA:2,1
DA:3,1
DA:4,1
DA:5,1
DA:6,1
DA:7,1
DA:8,1
DA:9,1
DA:10,1
DA:11,1
DA:12,1
DA:13,1
DA:14,1
DA:15,1
DA:16,1
DA:17,1
DA:18,1
DA:19,1
DA:20,1
DA:21,1
DA:22,1
DA:23,1
DA:24,1
DA:25,1
DA:26,1
DA:27,1
DA:28,1
DA:29,1
DA:30,1
DA:31,1
DA:32,1
DA:33,1
DA:34,1
DA:35,1
DA:36,1
DA:37,1
DA:38,1
DA:39,1
DA:40,1
DA:41,1
DA:42,1
DA:43,1
DA:44,1
DA:45,1
DA:46,1
DA:47,1
DA:48,1
DA:49,1
DA:50,1
DA:51,1
DA:52,1
DA:53,1
DA:54,1
DA:55,1
DA:56,1
DA:57,1
DA:58,1
DA:59,1
DA:60,1
DA:61,1
DA:62,1
DA:63,1
DA:64,1
DA:65,1
DA:66,1
DA:67,1
DA:68,1
DA:69,95
DA:70,95
DA:71,95
DA:72,95
DA:73,163
DA:74,125
DA:75,125
DA:76,163
DA:77,95
DA:78,95
DA:79,93
DA:80,0
DA:81,0
DA:82,93
DA:83,93
DA:84,95
DA:85,95
DA:86,207208
DA:87,207208
DA:88,95
DA:89,95
DA:90,163
DA:91,163
DA:92,95
DA:93,1
DA:94,0
DA:95,0
DA:96,0
DA:97,0
DA:98,0
DA:99,0
DA:100,0
DA:101,0
DA:102,0
DA:103,0
DA:104,0
DA:105,0
DA:106,0
DA:107,0
DA:108,1
DA:109,1
DA:110,1
DA:111,1
DA:112,1
DA:113,1
DA:114,1
DA:115,1
DA:116,1
DA:117,1
DA:118,1
DA:119,1
DA:120,1
DA:121,1
DA:122,1
DA:123,1
DA:124,95
DA:125,95
DA:126,95
DA:127,95
DA:128,95
DA:129,95
DA:130,95
DA:131,95
DA:132,95
DA:133,95
DA:134,95
DA:135,95
DA:136,95
DA:137,95
DA:138,95
DA:139,95
DA:140,95
DA:141,95
DA:142,95
DA:143,95
DA:144,95
DA:145,95
DA:146,95
DA:147,95
DA:148,95
DA:149,95
DA:150,95
DA:151,95
DA:152,95
DA:153,95
DA:154,95
DA:155,95
DA:156,95
DA:157,95
DA:158,95
DA:159,95
DA:160,95
DA:161,0
DA:162,0
DA:163,95
DA:164,95
DA:165,95
DA:166,95
DA:167,95
DA:168,1
LF:168
LH:150
BRDA:69,0,0,95
BRDA:72,1,0,163
BRDA:73,2,0,125
BRDA:78,3,0,93
BRDA:79,4,0,0
BRDA:85,5,0,207208
BRDA:86,6,0,217908
BRDA:89,7,0,163
BRDA:90,8,0,178
BRDA:123,9,0,95
BRDA:160,10,0,0
BRF:11
BRH:9
end_of_record
TN:
SF:src/utils/fileUtils.ts
FN:12,getSourceSymbol
FNF:1
FNH:1
FNDA:207208,getSourceSymbol
DA:1,1
DA:2,1
DA:3,1
DA:4,1
DA:5,1
DA:6,1
DA:7,1
DA:8,1
DA:9,1
DA:10,1
DA:11,1
DA:12,207208
DA:13,207208
DA:14,207208
DA:15,207208
DA:16,95066
DA:17,95066
DA:18,95066
DA:19,95066
DA:20,95066
DA:21,95066
DA:22,207208
DA:23,207208
LF:23
LH:23
BRDA:12,0,0,207208
BRDA:15,1,0,205262
BRDA:15,2,0,95066
BRF:3
BRH:3
end_of_record
TN:
SF:src/utils/files.ts
FN:14,libraryDir
FN:24,fileSpecFromURI
FN:35,isSpin1File
FN:45,isSpin2File
FN:55,isSpinExt
FN:64,fileExists
FN:82,locateIncludeFile
FN:112,locateSpin2File
FN:143,locateDataFile
FN:162,dirExists
FN:176,loadFileAsString
FN:196,loadFileAsUint8Array
FN:212,loadUint8ArrayFailed
FN:222,dumpUniqueChildObjectFile
FN:240,dumpUniqueObjectFile
FNF:15
FNH:9
FNDA:0,libraryDir
FNDA:326,fileSpecFromURI
FNDA:163,isSpin1File
FNDA:268,isSpin2File
FNDA:0,isSpinExt
FNDA:685,fileExists
FNDA:0,locateIncludeFile
FNDA:105,locateSpin2File
FNDA:12,locateDataFile
FNDA:0,dirExists
FNDA:163,loadFileAsString
FNDA:318,loadFileAsUint8Array
FNDA:318,loadUint8ArrayFailed
FNDA:0,dumpUniqueChildObjectFile
FNDA:0,dumpUniqueObjectFile
DA:1,1
DA:2,1
DA:3,1
DA:4,1
DA:5,1
DA:6,1
DA:7,1
DA:8,1
DA:9,1
DA:10,1
DA:11,1
DA:12,1
DA:13,1
DA:14,0
DA:15,0
DA:16,0
DA:17,1
DA:18,1
DA:19,1
DA:20,1
DA:21,1
DA:22,1
DA:23,1
DA:24,326
DA:25,326
DA:26,326
DA:27,326
DA:28,326
DA:29,1
DA:30,1
DA:31,1
DA:32,1
DA:33,1
DA:34,1
DA:35,163
DA:36,163
DA:37,163
DA:38,163
DA:39,1
DA:40,1
DA:41,1
DA:42,1
DA:43,1
DA:44,1
DA:45,268
DA:46,268
DA:47,268
DA:48,268
DA:49,1
DA:50,1
DA:51,1
DA:52,1
DA:53,1
DA:54,1
DA:55,0
DA:56,0
DA:57,0
DA:58,1
DA:59,1
DA:60,1
DA:61,1
DA:62,1
DA:63,1
DA:64,685
DA:65,685
DA:66,685
DA:67,592
DA:68,592
DA:69,592
DA:70,685
DA:71,685
DA:72,1
DA:73,1
DA:74,1
DA:75,1
DA:76,1
DA:77,1
DA:78,1
DA:79,1
DA:80,1
DA:81,1
DA:82,0
DA:83,0
DA:84,0
DA:85,0
DA:86,0
DA:87,0
DA:88,0
DA:89,0
DA:90,0
DA:91,0
DA:92,0
DA:93,0
DA:94,0
DA:95,0
DA:96,0
DA:97,0
DA:98,0
DA:99,0
DA:100,0
DA:101,0
DA:102,0
DA:103,1
DA:104,1
DA:105,1
DA:106,1
DA:107,1
DA:108,1
DA:109,1
DA:110,1
DA:111,1
DA:112,105
DA:113,105
DA:114,105
DA:115,105
DA:116,105
DA:117,105
DA:118,105
DA:119,105
DA:120,105
DA:121,0
DA:122,0
DA:123,0
DA:124,0
DA:125,0
DA:126,0
DA:127,0
DA:128,105
DA:129,105
DA:130,105
DA:131,105
DA:132,105
DA:133,105
DA:134,1
DA:135,1
DA:136,1
DA:137,1
DA:138,1
DA:139,1
DA:140,1
DA:141,1
DA:142,1
DA:143,12
DA:144,12
DA:145,12
DA:146,12
DA:147,12
DA:148,12
DA:149,12
DA:150,12
DA:151,0
DA:152,0
DA:153,0
DA:154,0
DA:155,0
DA:156,0
DA:157,0
DA:158,12
DA:159,12
DA:160,12
DA:161,1
DA:162,0
DA:163,0
DA:164,0
DA:165,0
DA:166,0
DA:167,0
DA:168,0
DA:169,0
DA:170,1
DA:171,1
DA:172,1
DA:173,1
DA:174,1
DA:175,1
DA:176,163
DA:177,163
DA:178,163
DA:179,163
DA:180,163
DA:181,163
DA:182,163
DA:183,0
DA:184,0
DA:185,163
DA:186,0
DA:187,0
DA:188,163
DA:189,0
DA:190,0
DA:191,163
DA:192,163
DA:193,1
DA:194,1
DA:195,1
DA:196,318
DA:197,318
DA:198,318
DA:199,318
DA:200,318
DA:201,318
DA:202,318
DA:203,318
DA:204,0
DA:205,0
DA:206,0
DA:207,0
DA:208,318
DA:209,318
DA:210,318
DA:211,1
DA:212,318
DA:213,318
DA:214,318
DA:215,318
DA:216,318
DA:217,318
DA:218,318
DA:219,318
DA:220,318
DA:221,1
DA:222,0
DA:223,0
DA:224,0
DA:225,0
DA:226,0
DA:227,0
DA:228,0
DA:229,0
DA:230,0
DA:231,0
DA:232,0
DA:233,0
DA:234,0
DA:235,0
DA:236,0
DA:237,0
DA:238,0
DA:239,1
DA:240,0
DA:241,0
DA:242,0
DA:243,0
DA:244,0
DA:245,0
DA:246,0
DA:247,0
DA:248,0
DA:249,0
DA:250,0
DA:251,0
LF:251
LH:163
BRDA:24,0,0,326
BRDA:35,1,0,163
BRDA:45,2,0,268
BRDA:64,3,0,685
BRDA:66,4,0,592
BRDA:112,5,0,105
BRDA:120,6,0,0
BRDA:143,7,0,12
BRDA:150,8,0,0
BRDA:176,9,0,163
BRDA:182,10,0,0
BRDA:185,11,0,0
BRDA:188,12,0,0
BRDA:196,13,0,318
BRDA:203,14,0,0
BRDA:212,15,0,318
BRDA:215,16,0,0
BRF:17
BRH:10
end_of_record
TN:
SF:src/utils/float32.ts
FN:7,hexString
FN:16,stringToFloat32
FN:38,float32ToHexString
FN:45,float32ToString
FN:52,hexStringToFloat64
FN:63,bigIntFloat32ToNumber
FN:76,numberToBigIntFloat32
FNF:7
FNH:6
FNDA:25463,hexString
FNDA:180,stringToFloat32
FNDA:2300906,float32ToHexString
FNDA:180,float32ToString
FNDA:0,hexStringToFloat64
FNDA:42,bigIntFloat32ToNumber
FNDA:18,numberToBigIntFloat32
DA:1,1
DA:2,1
DA:3,1
DA:4,1
DA:5,1
DA:6,1
DA:7,25463
DA:8,25463
DA:9,25463
DA:10,784
DA:11,25463
DA:12,24679
DA:13,24679
DA:14,25463
DA:15,1
DA:16,180
DA:17,180
DA:18,180
DA:19,180
DA:20,180
DA:21,180
DA:22,180
DA:23,180
DA:24,180
DA:25,180
DA:26,180
DA:27,180
DA:28,180
DA:29,180
DA:30,180
DA:31,180
DA:32,180
DA:33,180
DA:34,180
DA:35,180
DA:36,180
DA:37,1
DA:38,2300906
DA:39,2300906
DA:40,2300906
DA:41,2300906
DA:42,2300906
DA:43,1
DA:44,1
DA:45,180
DA:46,180
DA:47,180
DA:48,180
DA:49,180
DA:50,180
DA:51,1
DA:52,0
DA:53,0
DA:54,0
DA:55,0
DA:56,0
DA:57,0
DA:58,0
DA:59,1
DA:60,1
DA:61,1
DA:62,1
DA:63,42
DA:64,42
DA:65,42
DA:66,42
DA:67,42
DA:68,42
DA:69,42
DA:70,42
DA:71,42
DA:72,42
DA:73,42
DA:74,42
DA:75,1
DA:76,18
DA:77,18
DA:78,18
DA:79,18
DA:80,18
DA:81,18
DA:82,18
DA:83,18
DA:84,18
DA:85,18
DA:86,18
DA:87,18
DA:88,18
LF:88
LH:81
BRDA:7,0,0,25463
BRDA:9,1,0,784
BRDA:11,2,0,24679
BRDA:16,3,0,180
BRDA:38,4,0,2300906
BRDA:45,5,0,180
BRDA:63,6,0,42
BRDA:76,7,0,18
BRF:8
BRH:8
end_of_record
TN:
SF:src/utils/formatUtils.ts
FN:7,hexByte
FN:11,hexWord
FN:15,hexLong
FN:20,hexAddress
FNF:4
FNH:4
FNDA:3383998,hexByte
FNDA:297,hexWord
FNDA:100723,hexLong
FNDA:3514554,hexAddress
DA:1,1
DA:2,1
DA:3,1
DA:4,1
DA:5,1
DA:6,1
DA:7,3383998
DA:8,3383998
DA:9,3383998
DA:10,1
DA:11,297
DA:12,297
DA:13,297
DA:14,1
DA:15,100723
DA:16,100723
DA:17,100723
DA:18,100723
DA:19,1
DA:20,3514554
DA:21,3514554
DA:22,3514554
DA:23,3514554
LF:23
LH:23
BRDA:7,0,0,3383998
BRDA:11,1,0,297
BRDA:15,2,0,100723
BRDA:20,3,0,3514554
BRF:4
BRH:4
end_of_record
